sample.interval=20000
merge_sort5 
merge_sort5 
merge_sort5 
merge_sort5 
merge_sort5 
merge_sort5 
merge_sort5 
merge_sort5 
merge_sort5 
merge_sort5 
merge_sort5 
merge_sort5 
merge_sort5 
merge_sort5 
merge_sort5 
merge_sort5 
c merge_sort4 merge_sort5 
c merge_sort4 merge_sort5 
c merge_sort4 merge_sort5 
c merge_sort4 merge_sort5 
merge_sort4 merge_sort4 merge_sort5 
merge_sort4 merge_sort4 merge_sort5 
: merge_sort4 merge_sort4 merge_sort4 merge_sort4 merge_sort4 merge_sort4 merge_sort4 merge_sort4 merge_sort4 merge_sort4 merge_sort4 merge_sort4 merge_sort4 merge_sort5 
ms4 merge_sort4 merge_sort4 merge_sort4 merge_sort4 merge_sort4 merge_sort4 merge_sort5 
merge_sort4 merge_sort4 merge_sort4 merge_sort4 merge_sort4 merge_sort4 merge_sort4 merge_sort4 merge_sort4 merge_sort4 merge_sort4 merge_sort4 merge_sort5 
merge_sort4 merge_sort4 merge_sort4 merge_sort4 merge_sort4 merge_sort4 merge_sort4 merge_sort4 merge_sort4 merge_sort4 merge_sort5 
merge_sort4 merge_sort4 merge_sort4 merge_sort4 merge_sort4 merge_sort4 merge_sort4 merge_sort4 merge_sort5 
ms4 merge_sort4 merge_sort4 merge_sort4 merge_sort4 merge_sort4 merge_sort4 merge_sort4 merge_sort5 
ms4 merge_sort4 merge_sort4 merge_sort4 merge_sort4 merge_sort5 
ms4 merge_sort4 merge_sort4 merge_sort4 merge_sort4 merge_sort4 merge_sort4 merge_sort4 merge_sort5 
c merge_sort4 merge_sort4 merge_sort4 merge_sort4 merge_sort4 merge_sort4 merge_sort4 merge_sort4 merge_sort4 merge_sort4 merge_sort4 merge_sort4 merge_sort4 merge_sort5 
merge_sort4 merge_sort4 merge_sort4 merge_sort4 merge_sort4 merge_sort5 
length merge_sort4 merge_sort4 merge_sort4 merge_sort4 merge_sort4 merge_sort4 merge_sort4 merge_sort4 merge_sort4 merge_sort4 merge_sort4 merge_sort4 merge_sort4 merge_sort4 merge_sort5 
merge_sort4 merge_sort4 merge_sort4 merge_sort4 merge_sort4 merge_sort4 merge_sort4 merge_sort4 merge_sort4 merge_sort4 merge_sort4 merge_sort4 merge_sort4 merge_sort5 
ms4 merge_sort4 merge_sort4 merge_sort4 merge_sort4 merge_sort5 
ms4 merge_sort4 merge_sort4 merge_sort4 merge_sort5 
ms4 merge_sort4 merge_sort4 merge_sort4 merge_sort5 
merge_sort4 merge_sort4 merge_sort4 merge_sort4 merge_sort4 merge_sort4 merge_sort4 merge_sort4 merge_sort4 merge_sort4 merge_sort5 
ms4 merge_sort4 merge_sort4 merge_sort4 merge_sort4 merge_sort4 merge_sort4 merge_sort5 
ms4 merge_sort4 merge_sort4 merge_sort4 merge_sort4 merge_sort4 merge_sort4 merge_sort4 merge_sort4 merge_sort4 merge_sort4 merge_sort4 merge_sort4 merge_sort4 merge_sort4 merge_sort5 
merge_sort4 merge_sort4 merge_sort4 merge_sort4 merge_sort4 merge_sort4 merge_sort4 merge_sort4 merge_sort4 merge_sort4 merge_sort4 merge_sort4 merge_sort5 
ms4 merge_sort4 merge_sort4 merge_sort4 merge_sort4 merge_sort4 merge_sort4 merge_sort4 merge_sort4 merge_sort4 merge_sort5 
ms4 merge_sort4 merge_sort4 merge_sort4 merge_sort4 merge_sort4 merge_sort5 
ms4 merge_sort4 merge_sort4 merge_sort4 merge_sort4 merge_sort4 merge_sort4 merge_sort4 merge_sort4 merge_sort4 merge_sort4 merge_sort4 merge_sort5 
merge_sort4 merge_sort4 merge_sort4 merge_sort4 merge_sort4 merge_sort4 merge_sort4 merge_sort4 merge_sort4 merge_sort4 merge_sort4 merge_sort4 merge_sort4 merge_sort5 
ms4 merge_sort4 merge_sort4 merge_sort4 merge_sort4 merge_sort4 merge_sort5 
( merge_sort4 merge_sort4 merge_sort4 merge_sort4 merge_sort4 merge_sort4 merge_sort4 merge_sort4 merge_sort4 merge_sort4 merge_sort4 merge_sort5 
ms4 merge_sort4 merge_sort4 merge_sort4 merge_sort4 merge_sort4 merge_sort4 merge_sort4 merge_sort4 merge_sort4 merge_sort4 merge_sort4 merge_sort4 merge_sort4 merge_sort5 
ms4 merge_sort4 merge_sort4 merge_sort4 merge_sort4 merge_sort5 
ms4 merge_sort4 merge_sort4 merge_sort4 merge_sort5 
ms4 merge_sort4 merge_sort4 merge_sort4 merge_sort5 
ms4 merge_sort4 merge_sort4 merge_sort5 
ms4 merge_sort4 merge_sort4 merge_sort5 
ms4 merge_sort4 merge_sort4 merge_sort5 
ms4 merge_sort4 merge_sort4 merge_sort5 
ms4 merge_sort4 merge_sort4 merge_sort5 
ms4 merge_sort4 merge_sort4 merge_sort5 
ms4 merge_sort4 merge_sort4 merge_sort5 
c merge_sort4 merge_sort4 merge_sort5 
c merge_sort4 merge_sort4 merge_sort4 merge_sort5 
ms4 merge_sort4 merge_sort4 merge_sort4 merge_sort4 merge_sort4 merge_sort4 merge_sort4 merge_sort4 merge_sort4 merge_sort4 merge_sort4 merge_sort5 
merge_sort4 merge_sort4 merge_sort4 merge_sort4 merge_sort4 merge_sort4 merge_sort4 merge_sort4 merge_sort4 merge_sort4 merge_sort4 merge_sort4 merge_sort4 merge_sort5 
merge_sort4 merge_sort4 merge_sort4 merge_sort4 merge_sort4 merge_sort4 merge_sort4 merge_sort4 merge_sort4 merge_sort4 merge_sort4 merge_sort4 merge_sort4 merge_sort4 merge_sort4 merge_sort5 
ms4 merge_sort4 merge_sort4 merge_sort4 merge_sort4 merge_sort4 merge_sort4 merge_sort4 merge_sort4 merge_sort4 merge_sort4 merge_sort4 merge_sort4 merge_sort5 
ms4 merge_sort4 merge_sort4 merge_sort4 merge_sort4 merge_sort4 merge_sort4 merge_sort4 merge_sort4 merge_sort4 merge_sort4 merge_sort5 
merge_sort4 merge_sort4 merge_sort4 merge_sort4 merge_sort5 
ms4 merge_sort4 merge_sort4 merge_sort4 merge_sort4 merge_sort4 merge_sort4 merge_sort4 merge_sort4 merge_sort4 merge_sort4 merge_sort4 merge_sort5 
+ ms4 merge_sort4 merge_sort4 merge_sort4 merge_sort4 merge_sort4 merge_sort4 merge_sort4 merge_sort5 
ms4 merge_sort4 merge_sort4 merge_sort4 merge_sort4 merge_sort4 merge_sort4 merge_sort4 merge_sort4 merge_sort4 merge_sort4 merge_sort4 merge_sort4 merge_sort4 merge_sort5 
ms4 merge_sort4 merge_sort4 merge_sort4 merge_sort4 merge_sort4 merge_sort4 merge_sort5 
ms4 merge_sort4 merge_sort4 merge_sort4 merge_sort4 merge_sort4 merge_sort4 merge_sort4 merge_sort4 merge_sort4 merge_sort4 merge_sort4 merge_sort4 merge_sort4 merge_sort5 
ms4 merge_sort4 merge_sort4 merge_sort4 merge_sort5 
ms4 merge_sort4 merge_sort4 merge_sort4 merge_sort5 
ms4 merge_sort4 merge_sort4 merge_sort4 merge_sort5 
merge_sort4 merge_sort4 merge_sort4 merge_sort4 merge_sort4 merge_sort4 merge_sort4 merge_sort4 merge_sort4 merge_sort4 merge_sort4 merge_sort4 merge_sort4 merge_sort4 merge_sort5 
ms4 merge_sort4 merge_sort4 merge_sort4 merge_sort4 merge_sort4 merge_sort4 merge_sort4 merge_sort4 merge_sort4 merge_sort4 merge_sort4 merge_sort5 
ms4 merge_sort4 merge_sort4 merge_sort4 merge_sort4 merge_sort4 merge_sort5 
ms4 merge_sort4 merge_sort4 merge_sort4 merge_sort4 merge_sort4 merge_sort4 merge_sort4 merge_sort4 merge_sort4 merge_sort4 merge_sort4 merge_sort4 merge_sort4 merge_sort5 
ms4 merge_sort4 merge_sort4 merge_sort4 merge_sort4 merge_sort4 merge_sort4 merge_sort4 merge_sort4 merge_sort4 merge_sort4 merge_sort4 merge_sort4 merge_sort4 merge_sort5 
ms4 merge_sort4 merge_sort4 merge_sort4 merge_sort4 merge_sort4 merge_sort4 merge_sort4 merge_sort4 merge_sort4 merge_sort4 merge_sort4 merge_sort4 merge_sort4 merge_sort4 merge_sort5 
length merge_sort4 merge_sort4 merge_sort4 merge_sort4 merge_sort4 merge_sort4 merge_sort4 merge_sort4 merge_sort4 merge_sort4 merge_sort4 merge_sort4 merge_sort4 merge_sort4 merge_sort4 merge_sort5 
ms4 merge_sort4 merge_sort4 merge_sort4 merge_sort4 merge_sort5 
: merge_sort4 merge_sort4 merge_sort4 merge_sort4 merge_sort4 merge_sort4 merge_sort4 merge_sort4 merge_sort4 merge_sort4 merge_sort4 merge_sort4 merge_sort5 
ms4 merge_sort4 merge_sort4 merge_sort4 merge_sort4 merge_sort4 merge_sort4 merge_sort4 merge_sort5 
merge_sort4 merge_sort4 merge_sort4 merge_sort4 merge_sort4 merge_sort4 merge_sort4 merge_sort4 merge_sort4 merge_sort4 merge_sort4 merge_sort4 merge_sort4 merge_sort4 merge_sort4 merge_sort5 
ms4 merge_sort4 merge_sort4 merge_sort4 merge_sort4 merge_sort4 merge_sort4 merge_sort5 
ms4 merge_sort4 merge_sort4 merge_sort4 merge_sort4 merge_sort4 merge_sort4 merge_sort5 
ms4 merge_sort4 merge_sort4 merge_sort4 merge_sort5 
ms4 merge_sort4 merge_sort4 merge_sort4 merge_sort5 
ms4 merge_sort4 merge_sort4 merge_sort5 
ms4 merge_sort4 merge_sort4 merge_sort5 
ms4 merge_sort4 merge_sort4 merge_sort5 
ms4 merge_sort4 merge_sort4 merge_sort5 
ms4 merge_sort4 merge_sort4 merge_sort5 
ms4 merge_sort4 merge_sort4 merge_sort5 
ms4 merge_sort4 merge_sort4 merge_sort5 
ms4 merge_sort4 merge_sort5 
ms4 merge_sort4 merge_sort5 
ms4 merge_sort4 merge_sort5 
ms4 merge_sort4 merge_sort5 
ms4 merge_sort4 merge_sort5 
ms4 merge_sort4 merge_sort5 
ms4 merge_sort4 merge_sort5 
ms4 merge_sort4 merge_sort5 
ms4 merge_sort4 merge_sort5 
ms4 merge_sort4 merge_sort5 
ms4 merge_sort4 merge_sort5 
ms4 merge_sort4 merge_sort5 
ms4 merge_sort4 merge_sort5 
ms4 merge_sort4 merge_sort5 
ms4 merge_sort4 merge_sort5 
ms4 merge_sort4 merge_sort5 
ms4 merge_sort4 merge_sort5 
ms4 merge_sort4 merge_sort5 
ms4 merge_sort4 merge_sort5 
ms4 merge_sort4 merge_sort5 
ms4 merge_sort4 merge_sort5 
ms4 merge_sort4 merge_sort5 
ms4 merge_sort4 merge_sort5 
ms4 merge_sort4 merge_sort5 
ms4 merge_sort4 merge_sort5 
ms4 merge_sort4 merge_sort5 
ms4 merge_sort4 merge_sort5 
c merge_sort4 merge_sort5 
merge_sort4 merge_sort5 
merge_sort4 merge_sort5 
c merge_sort4 merge_sort4 merge_sort5 
c merge_sort4 merge_sort4 merge_sort4 merge_sort4 merge_sort5 
merge_sort4 merge_sort4 merge_sort4 merge_sort4 merge_sort4 merge_sort4 merge_sort4 merge_sort4 merge_sort4 merge_sort4 merge_sort4 merge_sort4 merge_sort4 merge_sort5 
ms4 merge_sort4 merge_sort4 merge_sort4 merge_sort4 merge_sort4 merge_sort4 merge_sort4 merge_sort4 merge_sort4 merge_sort4 merge_sort4 merge_sort4 merge_sort4 merge_sort5 
ms4 merge_sort4 merge_sort4 merge_sort4 merge_sort4 merge_sort4 merge_sort4 merge_sort4 merge_sort4 merge_sort4 merge_sort4 merge_sort4 merge_sort4 merge_sort4 merge_sort5 
merge_sort4 merge_sort4 merge_sort4 merge_sort4 merge_sort4 merge_sort4 merge_sort4 merge_sort4 merge_sort4 merge_sort4 merge_sort4 merge_sort4 merge_sort4 merge_sort5 
ms4 merge_sort4 merge_sort4 merge_sort4 merge_sort4 merge_sort4 merge_sort5 
merge_sort4 merge_sort4 merge_sort4 merge_sort4 merge_sort5 
ms4 merge_sort4 merge_sort4 merge_sort4 merge_sort4 merge_sort4 merge_sort4 merge_sort4 merge_sort5 
ms4 merge_sort4 merge_sort4 merge_sort4 merge_sort4 merge_sort4 merge_sort4 merge_sort4 merge_sort4 merge_sort4 merge_sort5 
ms4 merge_sort4 merge_sort4 merge_sort4 merge_sort4 merge_sort4 merge_sort4 merge_sort4 merge_sort4 merge_sort4 merge_sort4 merge_sort4 merge_sort4 merge_sort4 merge_sort4 merge_sort5 
merge_sort4 merge_sort4 merge_sort4 merge_sort4 merge_sort4 merge_sort4 merge_sort4 merge_sort4 merge_sort4 merge_sort4 merge_sort4 merge_sort4 merge_sort4 merge_sort4 merge_sort5 
ms4 merge_sort4 merge_sort4 merge_sort4 merge_sort4 merge_sort4 merge_sort5 
ms4 merge_sort4 merge_sort4 merge_sort4 merge_sort5 
ms4 merge_sort4 merge_sort4 merge_sort4 merge_sort5 
c merge_sort4 merge_sort4 merge_sort4 merge_sort4 merge_sort5 
ms4 merge_sort4 merge_sort4 merge_sort4 merge_sort4 merge_sort4 merge_sort4 merge_sort4 merge_sort4 merge_sort4 merge_sort4 merge_sort5 
merge_sort4 merge_sort4 merge_sort4 merge_sort4 merge_sort4 merge_sort4 merge_sort4 merge_sort4 merge_sort4 merge_sort4 merge_sort4 merge_sort4 merge_sort4 merge_sort4 merge_sort5 
ms4 merge_sort4 merge_sort4 merge_sort4 merge_sort4 merge_sort4 merge_sort4 merge_sort4 merge_sort4 merge_sort4 merge_sort4 merge_sort4 merge_sort4 merge_sort4 merge_sort5 
merge_sort4 merge_sort4 merge_sort4 merge_sort4 merge_sort4 merge_sort4 merge_sort4 merge_sort4 merge_sort4 merge_sort4 merge_sort4 merge_sort4 merge_sort4 merge_sort5 
ms4 merge_sort4 merge_sort4 merge_sort4 merge_sort4 merge_sort5 
ms4 merge_sort4 merge_sort4 merge_sort4 merge_sort4 merge_sort4 merge_sort4 merge_sort4 merge_sort4 merge_sort4 merge_sort4 merge_sort4 merge_sort4 merge_sort4 merge_sort4 merge_sort5 
<= merge_sort4 merge_sort4 merge_sort4 merge_sort4 merge_sort4 merge_sort4 merge_sort4 merge_sort4 merge_sort4 merge_sort4 merge_sort4 merge_sort4 merge_sort5 
ms4 merge_sort4 merge_sort4 merge_sort4 merge_sort4 merge_sort4 merge_sort4 merge_sort5 
merge_sort4 merge_sort4 merge_sort4 merge_sort4 merge_sort4 merge_sort4 merge_sort4 merge_sort4 merge_sort4 merge_sort5 
merge_sort4 merge_sort4 merge_sort4 merge_sort4 merge_sort4 merge_sort4 merge_sort4 merge_sort4 merge_sort4 merge_sort4 merge_sort4 merge_sort4 merge_sort5 
ms4 merge_sort4 merge_sort4 merge_sort4 merge_sort4 merge_sort5 
ms4 merge_sort4 merge_sort4 merge_sort4 merge_sort5 
ms4 merge_sort4 merge_sort4 merge_sort4 merge_sort5 
ms4 merge_sort4 merge_sort4 merge_sort5 
ms4 merge_sort4 merge_sort4 merge_sort5 
ms4 merge_sort4 merge_sort4 merge_sort5 
ms4 merge_sort4 merge_sort4 merge_sort5 
ms4 merge_sort4 merge_sort4 merge_sort5 
ms4 merge_sort4 merge_sort4 merge_sort5 
ms4 merge_sort4 merge_sort4 merge_sort5 
c merge_sort4 merge_sort4 merge_sort5 
c merge_sort4 merge_sort4 merge_sort5 
c merge_sort4 merge_sort4 merge_sort4 merge_sort5 
ms4 merge_sort4 merge_sort4 merge_sort4 merge_sort4 merge_sort4 merge_sort4 merge_sort4 merge_sort4 merge_sort4 merge_sort4 merge_sort4 merge_sort4 merge_sort5 
ms4 merge_sort4 merge_sort4 merge_sort4 merge_sort4 merge_sort4 merge_sort4 merge_sort4 merge_sort4 merge_sort4 merge_sort4 merge_sort4 merge_sort4 merge_sort4 merge_sort5 
c merge_sort4 merge_sort4 merge_sort4 merge_sort4 merge_sort4 merge_sort5 
merge_sort4 merge_sort4 merge_sort4 merge_sort4 merge_sort4 merge_sort4 merge_sort4 merge_sort4 merge_sort4 merge_sort4 merge_sort4 merge_sort4 merge_sort4 merge_sort4 merge_sort5 
ms4 merge_sort4 merge_sort4 merge_sort4 merge_sort4 merge_sort4 merge_sort4 merge_sort4 merge_sort4 merge_sort4 merge_sort4 merge_sort4 merge_sort4 merge_sort4 merge_sort5 
ms4 merge_sort4 merge_sort4 merge_sort4 merge_sort4 merge_sort5 
merge_sort4 merge_sort4 merge_sort4 merge_sort4 merge_sort4 merge_sort4 merge_sort4 merge_sort4 merge_sort4 merge_sort4 merge_sort4 merge_sort5 
merge_sort4 merge_sort4 merge_sort4 merge_sort4 merge_sort4 merge_sort4 merge_sort4 merge_sort4 merge_sort4 merge_sort4 merge_sort4 merge_sort4 merge_sort4 merge_sort4 merge_sort5 
merge_sort4 merge_sort4 merge_sort4 merge_sort4 merge_sort4 merge_sort4 merge_sort4 merge_sort4 merge_sort4 merge_sort4 merge_sort4 merge_sort4 merge_sort5 
merge_sort4 merge_sort4 merge_sort4 merge_sort4 merge_sort4 merge_sort4 merge_sort4 merge_sort4 merge_sort4 merge_sort4 merge_sort4 merge_sort4 merge_sort4 merge_sort5 
ms4 merge_sort4 merge_sort4 merge_sort4 merge_sort4 merge_sort4 merge_sort4 merge_sort5 
ms4 merge_sort4 merge_sort4 merge_sort4 merge_sort5 
ms4 merge_sort4 merge_sort4 merge_sort4 merge_sort5 
c merge_sort4 merge_sort4 merge_sort4 merge_sort5 
ms4 merge_sort4 merge_sort4 merge_sort4 merge_sort4 merge_sort4 merge_sort4 merge_sort4 merge_sort5 
ms4 merge_sort4 merge_sort4 merge_sort4 merge_sort4 merge_sort4 merge_sort4 merge_sort4 merge_sort4 merge_sort4 merge_sort4 merge_sort5 
ms4 merge_sort4 merge_sort4 merge_sort4 merge_sort4 merge_sort4 merge_sort4 merge_sort4 merge_sort4 merge_sort4 merge_sort4 merge_sort4 merge_sort4 merge_sort4 merge_sort4 merge_sort5 
ms4 merge_sort4 merge_sort4 merge_sort4 merge_sort4 merge_sort4 merge_sort4 merge_sort4 merge_sort5 
ms4 merge_sort4 merge_sort4 merge_sort4 merge_sort4 merge_sort4 merge_sort4 merge_sort4 merge_sort4 merge_sort4 merge_sort4 merge_sort4 merge_sort5 
ms4 merge_sort4 merge_sort4 merge_sort4 merge_sort4 merge_sort5 
merge_sort4 merge_sort4 merge_sort4 merge_sort4 merge_sort4 merge_sort4 merge_sort4 merge_sort4 merge_sort4 merge_sort4 merge_sort4 merge_sort4 merge_sort4 merge_sort4 merge_sort5 
merge_sort4 merge_sort4 merge_sort4 merge_sort4 merge_sort4 merge_sort4 merge_sort4 merge_sort4 merge_sort4 merge_sort4 merge_sort4 merge_sort5 
ms4 merge_sort4 merge_sort4 merge_sort4 merge_sort4 merge_sort4 merge_sort4 merge_sort4 merge_sort4 merge_sort5 
ms4 merge_sort4 merge_sort4 merge_sort4 merge_sort4 merge_sort4 merge_sort4 merge_sort4 merge_sort4 merge_sort4 merge_sort5 
ms4 merge_sort4 merge_sort4 merge_sort4 merge_sort4 merge_sort4 merge_sort5 
ms4 merge_sort4 merge_sort4 merge_sort4 merge_sort5 
ms4 merge_sort4 merge_sort4 merge_sort4 merge_sort5 
ms4 merge_sort4 merge_sort4 merge_sort5 
ms4 merge_sort4 merge_sort4 merge_sort5 
ms4 merge_sort4 merge_sort4 merge_sort5 
ms4 merge_sort4 merge_sort4 merge_sort5 
ms4 merge_sort4 merge_sort4 merge_sort5 
ms4 merge_sort4 merge_sort4 merge_sort5 
ms4 merge_sort4 merge_sort4 merge_sort5 
ms4 merge_sort4 merge_sort5 
ms4 merge_sort4 merge_sort5 
ms4 merge_sort4 merge_sort5 
ms4 merge_sort4 merge_sort5 
ms4 merge_sort4 merge_sort5 
ms4 merge_sort4 merge_sort5 
ms4 merge_sort4 merge_sort5 
ms4 merge_sort4 merge_sort5 
ms4 merge_sort4 merge_sort5 
ms4 merge_sort4 merge_sort5 
ms4 merge_sort4 merge_sort5 
ms4 merge_sort4 merge_sort5 
ms4 merge_sort4 merge_sort5 
ms4 merge_sort4 merge_sort5 
ms4 merge_sort4 merge_sort5 
ms4 merge_sort4 merge_sort5 
ms4 merge_sort4 merge_sort5 
ms4 merge_sort4 merge_sort5 
ms4 merge_sort4 merge_sort5 
ms4 merge_sort4 merge_sort5 
ms4 merge_sort4 merge_sort5 
ms4 merge_sort4 merge_sort5 
ms4 merge_sort4 merge_sort5 
ms4 merge_sort4 merge_sort5 
ms4 merge_sort4 merge_sort5 
ms4 merge_sort4 merge_sort5 
ms4 merge_sort5 
ms4 merge_sort5 
ms4 merge_sort5 
ms4 merge_sort5 
ms4 merge_sort5 
ms4 merge_sort5 
ms4 merge_sort5 
ms4 merge_sort5 
ms4 merge_sort5 
ms4 merge_sort5 
ms4 merge_sort5 
ms4 merge_sort5 
ms4 merge_sort5 
ms4 merge_sort5 
ms4 merge_sort5 
ms4 merge_sort5 
ms4 merge_sort5 
ms4 merge_sort5 
ms4 merge_sort5 
ms4 merge_sort5 
ms4 merge_sort5 
ms4 merge_sort5 
ms4 merge_sort5 
ms4 merge_sort5 
ms4 merge_sort5 
ms4 merge_sort5 
ms4 merge_sort5 
ms4 merge_sort5 
ms4 merge_sort5 
ms4 merge_sort5 
ms4 merge_sort5 
ms4 merge_sort5 
ms4 merge_sort5 
ms4 merge_sort5 
ms4 merge_sort5 
ms4 merge_sort5 
ms4 merge_sort5 
ms4 merge_sort5 
ms4 merge_sort5 
ms4 merge_sort5 
ms4 merge_sort5 
ms4 merge_sort5 
ms4 merge_sort5 
ms4 merge_sort5 
ms4 merge_sort5 
ms4 merge_sort5 
ms4 merge_sort5 
ms4 merge_sort5 
ms4 merge_sort5 
ms4 merge_sort5 
ms4 merge_sort5 
ms4 merge_sort5 
ms4 merge_sort5 
ms4 merge_sort5 
ms4 merge_sort5 
ms4 merge_sort5 
ms4 merge_sort5 
ms4 merge_sort5 
ms4 merge_sort5 
ms4 merge_sort5 
ms4 merge_sort5 
ms4 merge_sort5 
ms4 merge_sort5 
ms4 merge_sort5 
ms4 merge_sort5 
ms4 merge_sort5 
ms4 merge_sort5 
ms4 merge_sort5 
ms4 merge_sort5 
ms4 merge_sort5 
ms4 merge_sort5 
ms4 merge_sort5 
ms4 merge_sort5 
ms4 merge_sort5 
ms4 merge_sort5 
ms4 merge_sort5 
ms4 merge_sort5 
ms4 merge_sort5 
ms4 merge_sort5 
ms4 merge_sort5 
ms4 merge_sort5 
ms4 merge_sort5 
ms4 merge_sort5 
ms4 merge_sort5 
ms4 merge_sort5 
ms4 merge_sort5 
ms4 merge_sort5 
ms4 merge_sort5 
ms4 merge_sort5 
ms4 merge_sort5 
ms4 merge_sort5 
ms4 merge_sort5 
ms4 merge_sort5 
ms4 merge_sort5 
ms4 merge_sort5 
ms4 merge_sort5 
ms4 merge_sort5 
ms4 merge_sort5 
ms4 merge_sort5 
ms4 merge_sort5 
ms4 merge_sort5 
ms4 merge_sort5 
ms4 merge_sort5 
