sample.interval=20000
merge_sort 
c merge_sort 
c merge_sort 
c merge_sort 
c merge_sort 
c merge_sort 
c merge_sort 
c merge_sort 
c merge_sort 
c merge_sort 
c merge_sort 
c merge_sort 
c merge_sort 
c merge_sort 
merge_sort 
c merge_sort 
c merge_sort 
merge_sort 
c merge_sort merge_sort 
merge_sort merge_sort 
c merge_sort merge_sort 
c merge_sort merge_sort 
c merge_sort merge_sort merge_sort 
tail.default tail merge merge_sort merge_sort merge_sort merge_sort merge_sort merge_sort merge_sort merge_sort merge_sort merge_sort merge_sort merge_sort merge_sort 
stopifnot tail.default tail merge merge_sort merge_sort merge_sort merge_sort merge_sort merge_sort merge_sort merge_sort merge_sort 
merge merge_sort merge_sort merge_sort merge_sort merge_sort merge_sort merge_sort merge_sort merge_sort merge_sort merge_sort merge_sort merge_sort 
stopifnot tail.default tail merge merge_sort merge_sort merge_sort merge_sort merge_sort merge_sort merge_sort merge_sort merge_sort merge_sort merge_sort 
merge merge_sort merge_sort merge_sort merge_sort merge_sort merge_sort merge_sort merge_sort merge_sort 
merge_sort merge_sort merge_sort merge_sort merge_sort merge_sort merge_sort merge_sort merge_sort merge_sort merge_sort merge_sort merge_sort merge_sort merge_sort 
tail merge merge_sort merge_sort merge_sort merge_sort merge_sort merge_sort merge_sort merge_sort 
tail merge merge_sort merge_sort merge_sort merge_sort merge_sort merge_sort merge_sort 
match.call stopifnot tail.default tail merge merge_sort merge_sort merge_sort merge_sort merge_sort merge_sort merge_sort merge_sort merge_sort merge_sort merge_sort merge_sort 
merge merge_sort merge_sort merge_sort merge_sort merge_sort merge_sort merge_sort merge_sort merge_sort merge_sort merge_sort merge_sort 
merge merge_sort merge_sort merge_sort merge_sort merge_sort merge_sort merge_sort merge_sort 
tail merge merge_sort merge_sort merge_sort merge_sort merge_sort merge_sort merge_sort merge_sort merge_sort merge_sort merge_sort merge_sort merge_sort 
tail merge merge_sort merge_sort merge_sort merge_sort merge_sort merge_sort merge_sort merge_sort merge_sort merge_sort 
tail.default tail merge merge_sort merge_sort merge_sort merge_sort merge_sort merge_sort merge_sort merge_sort 
tail.default tail merge merge_sort merge_sort merge_sort merge_sort merge_sort merge_sort 
tail merge merge_sort merge_sort merge_sort merge_sort merge_sort merge_sort 
tail.default tail merge merge_sort merge_sort merge_sort merge_sort merge_sort merge_sort merge_sort merge_sort merge_sort merge_sort merge_sort merge_sort merge_sort 
match.call stopifnot tail.default tail merge merge_sort merge_sort merge_sort merge_sort merge_sort merge_sort merge_sort merge_sort merge_sort merge_sort merge_sort merge_sort merge_sort merge_sort merge_sort 
merge merge_sort merge_sort merge_sort merge_sort merge_sort merge_sort merge_sort merge_sort merge_sort merge_sort merge_sort merge_sort merge_sort merge_sort 
tail merge merge_sort merge_sort merge_sort merge_sort merge_sort merge_sort merge_sort merge_sort merge_sort merge_sort merge_sort merge_sort 
merge_sort merge_sort merge_sort merge_sort merge_sort merge_sort merge_sort merge_sort merge_sort merge_sort merge_sort merge_sort merge_sort merge_sort merge_sort 
tail merge merge_sort merge_sort merge_sort merge_sort merge_sort merge_sort merge_sort merge_sort merge_sort merge_sort merge_sort merge_sort 
tail.default tail merge merge_sort merge_sort merge_sort merge_sort merge_sort merge_sort merge_sort 
tail merge merge_sort merge_sort merge_sort merge_sort merge_sort merge_sort merge_sort merge_sort merge_sort merge_sort merge_sort merge_sort merge_sort 
tail.default tail merge merge_sort merge_sort merge_sort merge_sort merge_sort merge_sort merge_sort merge_sort merge_sort merge_sort merge_sort merge_sort 
merge merge_sort merge_sort merge_sort merge_sort merge_sort merge_sort merge_sort merge_sort merge_sort merge_sort 
tail.default tail merge merge_sort merge_sort merge_sort merge_sort merge_sort merge_sort merge_sort merge_sort 
tail.default tail merge merge_sort merge_sort merge_sort merge_sort merge_sort merge_sort merge_sort merge_sort merge_sort merge_sort merge_sort 
> merge merge_sort merge_sort merge_sort merge_sort merge_sort merge_sort merge_sort merge_sort merge_sort merge_sort merge_sort merge_sort merge_sort merge_sort 
tail.default tail merge merge_sort merge_sort merge_sort merge_sort merge_sort merge_sort merge_sort merge_sort 
tail.default tail merge merge_sort merge_sort merge_sort merge_sort merge_sort merge_sort merge_sort 
> merge merge_sort merge_sort merge_sort merge_sort merge_sort merge_sort 
stopifnot tail.default tail merge merge_sort merge_sort merge_sort merge_sort merge_sort 
tail merge merge_sort merge_sort merge_sort merge_sort merge_sort 
merge merge_sort merge_sort merge_sort merge_sort merge_sort 
tail merge merge_sort merge_sort merge_sort merge_sort merge_sort 
tail merge merge_sort merge_sort merge_sort merge_sort merge_sort merge_sort merge_sort merge_sort merge_sort merge_sort 
tail merge merge_sort merge_sort merge_sort merge_sort merge_sort merge_sort merge_sort merge_sort merge_sort merge_sort merge_sort merge_sort merge_sort merge_sort merge_sort 
tail merge merge_sort merge_sort merge_sort merge_sort merge_sort merge_sort merge_sort merge_sort merge_sort 
sys.call match.call stopifnot tail.default tail merge merge_sort merge_sort merge_sort merge_sort merge_sort merge_sort merge_sort merge_sort merge_sort merge_sort merge_sort merge_sort merge_sort merge_sort 
stopifnot tail.default tail merge merge_sort merge_sort merge_sort merge_sort merge_sort merge_sort merge_sort merge_sort merge_sort 
tail merge merge_sort merge_sort merge_sort merge_sort merge_sort merge_sort merge_sort merge_sort merge_sort merge_sort merge_sort merge_sort 
stopifnot tail.default tail merge merge_sort merge_sort merge_sort merge_sort merge_sort merge_sort merge_sort merge_sort 
merge merge_sort merge_sort merge_sort merge_sort merge_sort merge_sort merge_sort 
stopifnot tail.default tail merge merge_sort merge_sort merge_sort merge_sort merge_sort merge_sort merge_sort merge_sort merge_sort merge_sort merge_sort merge_sort 
stopifnot tail.default tail merge merge_sort merge_sort merge_sort merge_sort merge_sort merge_sort merge_sort merge_sort merge_sort merge_sort merge_sort merge_sort 
| merge merge_sort merge_sort merge_sort merge_sort merge_sort merge_sort merge_sort merge_sort 
merge merge_sort merge_sort merge_sort merge_sort merge_sort merge_sort merge_sort merge_sort merge_sort merge_sort merge_sort merge_sort merge_sort 
tail merge merge_sort merge_sort merge_sort merge_sort merge_sort merge_sort merge_sort merge_sort merge_sort merge_sort merge_sort merge_sort merge_sort 
sys.call match.call stopifnot tail.default tail merge merge_sort merge_sort merge_sort merge_sort merge_sort merge_sort merge_sort merge_sort 
sys.parent sys.call match.call stopifnot tail.default tail merge merge_sort merge_sort merge_sort merge_sort merge_sort merge_sort merge_sort 
tail merge merge_sort merge_sort merge_sort merge_sort merge_sort merge_sort 
tail merge merge_sort merge_sort merge_sort merge_sort merge_sort merge_sort merge_sort merge_sort merge_sort merge_sort merge_sort merge_sort merge_sort 
merge_sort merge_sort merge_sort merge_sort merge_sort merge_sort merge_sort merge_sort merge_sort merge_sort merge_sort merge_sort 
tail merge merge_sort merge_sort merge_sort merge_sort merge_sort merge_sort merge_sort merge_sort merge_sort merge_sort merge_sort 
stopifnot tail.default tail merge merge_sort merge_sort merge_sort merge_sort merge_sort merge_sort merge_sort merge_sort merge_sort merge_sort merge_sort merge_sort merge_sort 
stopifnot tail.default tail merge merge_sort merge_sort merge_sort merge_sort merge_sort merge_sort merge_sort merge_sort merge_sort merge_sort merge_sort merge_sort merge_sort 
tail merge merge_sort merge_sort merge_sort merge_sort merge_sort merge_sort merge_sort merge_sort merge_sort merge_sort merge_sort 
tail.default tail merge merge_sort merge_sort merge_sort merge_sort merge_sort merge_sort merge_sort 
tail.default tail merge merge_sort merge_sort merge_sort merge_sort merge_sort merge_sort merge_sort merge_sort merge_sort merge_sort 
match.call stopifnot tail.default tail merge merge_sort merge_sort merge_sort merge_sort merge_sort merge_sort merge_sort merge_sort merge_sort merge_sort merge_sort 
stopifnot tail.default tail merge merge_sort merge_sort merge_sort merge_sort merge_sort merge_sort merge_sort merge_sort merge_sort 
stopifnot tail.default tail merge merge_sort merge_sort merge_sort merge_sort merge_sort merge_sort merge_sort merge_sort merge_sort merge_sort 
tail.default tail merge merge_sort merge_sort merge_sort merge_sort merge_sort merge_sort merge_sort merge_sort merge_sort merge_sort merge_sort merge_sort merge_sort 
stopifnot tail.default tail merge merge_sort merge_sort merge_sort merge_sort merge_sort merge_sort merge_sort merge_sort merge_sort merge_sort merge_sort merge_sort merge_sort merge_sort 
match.call stopifnot tail.default tail merge merge_sort merge_sort merge_sort merge_sort merge_sort merge_sort merge_sort merge_sort 
stopifnot tail.default tail merge merge_sort merge_sort merge_sort merge_sort merge_sort merge_sort merge_sort 
stopifnot tail.default tail merge merge_sort merge_sort merge_sort merge_sort merge_sort merge_sort 
stopifnot tail.default tail merge merge_sort merge_sort merge_sort merge_sort merge_sort 
tail.default tail merge merge_sort merge_sort merge_sort merge_sort merge_sort 
tail.default tail merge merge_sort merge_sort merge_sort merge_sort merge_sort 
tail.default tail merge merge_sort merge_sort merge_sort merge_sort merge_sort 
tail merge merge_sort merge_sort merge_sort merge_sort 
match.call stopifnot tail.default tail merge merge_sort merge_sort merge_sort merge_sort 
merge merge_sort merge_sort merge_sort merge_sort 
match.call stopifnot tail.default tail merge merge_sort merge_sort merge_sort merge_sort 
tail.default tail merge merge_sort merge_sort merge_sort merge_sort 
merge merge_sort merge_sort merge_sort merge_sort 
merge merge_sort merge_sort merge_sort merge_sort 
> merge merge_sort merge_sort merge_sort merge_sort 
merge_sort merge_sort merge_sort merge_sort merge_sort merge_sort merge_sort merge_sort merge_sort merge_sort merge_sort merge_sort merge_sort merge_sort merge_sort merge_sort 
merge merge_sort merge_sort merge_sort merge_sort merge_sort merge_sort merge_sort merge_sort merge_sort 
tail merge merge_sort merge_sort merge_sort merge_sort merge_sort merge_sort merge_sort merge_sort merge_sort merge_sort merge_sort merge_sort 
stopifnot tail.default tail merge merge_sort merge_sort merge_sort merge_sort merge_sort merge_sort merge_sort merge_sort merge_sort merge_sort merge_sort merge_sort 
> merge merge_sort merge_sort merge_sort merge_sort merge_sort merge_sort merge_sort merge_sort merge_sort 
merge merge_sort merge_sort merge_sort merge_sort merge_sort merge_sort merge_sort merge_sort merge_sort merge_sort merge_sort 
merge merge_sort merge_sort merge_sort merge_sort merge_sort merge_sort merge_sort 
| merge merge_sort merge_sort merge_sort merge_sort merge_sort merge_sort merge_sort merge_sort merge_sort merge_sort merge_sort merge_sort merge_sort merge_sort merge_sort 
tail.default tail merge merge_sort merge_sort merge_sort merge_sort merge_sort merge_sort merge_sort merge_sort merge_sort merge_sort merge_sort merge_sort 
<= merge merge_sort merge_sort merge_sort merge_sort merge_sort merge_sort merge_sort merge_sort merge_sort merge_sort 
tail merge merge_sort merge_sort merge_sort merge_sort merge_sort merge_sort merge_sort merge_sort 
merge merge_sort merge_sort merge_sort merge_sort merge_sort merge_sort merge_sort merge_sort merge_sort merge_sort 
tail merge merge_sort merge_sort merge_sort merge_sort merge_sort merge_sort merge_sort merge_sort merge_sort merge_sort merge_sort merge_sort merge_sort 
sys.parent sys.call match.call stopifnot tail.default tail merge merge_sort merge_sort merge_sort merge_sort merge_sort merge_sort merge_sort merge_sort merge_sort merge_sort merge_sort 
tail merge merge_sort merge_sort merge_sort merge_sort merge_sort merge_sort merge_sort 
tail merge merge_sort merge_sort merge_sort merge_sort merge_sort merge_sort 
tail merge merge_sort merge_sort merge_sort merge_sort merge_sort merge_sort 
> merge merge_sort merge_sort merge_sort merge_sort merge_sort merge_sort merge_sort merge_sort merge_sort merge_sort merge_sort merge_sort merge_sort merge_sort 
stopifnot tail.default tail merge merge_sort merge_sort merge_sort merge_sort merge_sort merge_sort merge_sort merge_sort merge_sort merge_sort merge_sort merge_sort merge_sort merge_sort 
tail.default tail merge merge_sort merge_sort merge_sort merge_sort merge_sort merge_sort merge_sort merge_sort 
tail merge merge_sort merge_sort merge_sort merge_sort merge_sort merge_sort merge_sort merge_sort merge_sort merge_sort 
tail merge merge_sort merge_sort merge_sort merge_sort merge_sort merge_sort merge_sort merge_sort merge_sort merge_sort merge_sort merge_sort merge_sort 
tail.default tail merge merge_sort merge_sort merge_sort merge_sort merge_sort merge_sort merge_sort merge_sort merge_sort 
tail merge merge_sort merge_sort merge_sort merge_sort merge_sort merge_sort merge_sort 
merge_sort merge_sort merge_sort merge_sort merge_sort merge_sort merge_sort merge_sort merge_sort merge_sort merge_sort merge_sort merge_sort 
tail merge merge_sort merge_sort merge_sort merge_sort merge_sort merge_sort merge_sort merge_sort merge_sort merge_sort merge_sort 
stopifnot tail.default tail merge merge_sort merge_sort merge_sort merge_sort merge_sort merge_sort merge_sort merge_sort merge_sort 
tail merge merge_sort merge_sort merge_sort merge_sort merge_sort merge_sort merge_sort merge_sort merge_sort merge_sort merge_sort merge_sort merge_sort 
stopifnot tail.default tail merge merge_sort merge_sort merge_sort merge_sort merge_sort merge_sort merge_sort merge_sort merge_sort 
tail merge merge_sort merge_sort merge_sort merge_sort merge_sort merge_sort merge_sort merge_sort merge_sort merge_sort merge_sort merge_sort 
stopifnot tail.default tail merge merge_sort merge_sort merge_sort merge_sort merge_sort merge_sort merge_sort 
stopifnot tail.default tail merge merge_sort merge_sort merge_sort merge_sort merge_sort merge_sort 
merge merge_sort merge_sort merge_sort merge_sort merge_sort merge_sort 
stopifnot tail.default tail merge merge_sort merge_sort merge_sort merge_sort merge_sort 
tail.default tail merge merge_sort merge_sort merge_sort merge_sort merge_sort 
merge merge_sort merge_sort merge_sort merge_sort merge_sort 
merge merge_sort merge_sort merge_sort merge_sort merge_sort merge_sort merge_sort merge_sort merge_sort merge_sort merge_sort merge_sort 
match.call stopifnot tail.default tail merge merge_sort merge_sort merge_sort merge_sort merge_sort merge_sort merge_sort merge_sort merge_sort merge_sort 
merge_sort merge_sort merge_sort merge_sort merge_sort merge_sort merge_sort merge_sort merge_sort merge_sort merge_sort merge_sort merge_sort merge_sort merge_sort merge_sort 
stopifnot tail.default tail merge merge_sort merge_sort merge_sort merge_sort merge_sort merge_sort merge_sort merge_sort 
merge merge_sort merge_sort merge_sort merge_sort merge_sort merge_sort merge_sort merge_sort merge_sort merge_sort 
> merge merge_sort merge_sort merge_sort merge_sort merge_sort merge_sort merge_sort merge_sort merge_sort merge_sort merge_sort merge_sort merge_sort 
tail merge merge_sort merge_sort merge_sort merge_sort merge_sort merge_sort merge_sort merge_sort merge_sort merge_sort merge_sort merge_sort 
c merge merge_sort merge_sort merge_sort merge_sort merge_sort merge_sort merge_sort 
tail merge merge_sort merge_sort merge_sort merge_sort merge_sort merge_sort merge_sort merge_sort merge_sort merge_sort merge_sort merge_sort merge_sort merge_sort merge_sort 
stopifnot tail.default tail merge merge_sort merge_sort merge_sort merge_sort merge_sort merge_sort merge_sort merge_sort merge_sort merge_sort merge_sort merge_sort merge_sort merge_sort 
tail merge merge_sort merge_sort merge_sort merge_sort merge_sort merge_sort merge_sort merge_sort merge_sort 
tail.default tail merge merge_sort merge_sort merge_sort merge_sort merge_sort merge_sort merge_sort merge_sort merge_sort merge_sort merge_sort 
tail.default tail merge merge_sort merge_sort merge_sort merge_sort merge_sort merge_sort merge_sort merge_sort merge_sort merge_sort merge_sort merge_sort merge_sort merge_sort 
merge merge_sort merge_sort merge_sort merge_sort merge_sort merge_sort merge_sort merge_sort merge_sort merge_sort merge_sort merge_sort 
tail.default tail merge merge_sort merge_sort merge_sort merge_sort merge_sort merge_sort merge_sort 
sys.call match.call stopifnot tail.default tail merge merge_sort merge_sort merge_sort merge_sort merge_sort merge_sort 
| merge merge_sort merge_sort merge_sort merge_sort merge_sort merge_sort 
merge merge_sort merge_sort merge_sort merge_sort merge_sort merge_sort merge_sort merge_sort merge_sort merge_sort merge_sort merge_sort merge_sort 
> merge merge_sort merge_sort merge_sort merge_sort merge_sort merge_sort merge_sort merge_sort merge_sort merge_sort merge_sort merge_sort merge_sort merge_sort 
stopifnot tail.default tail merge merge_sort merge_sort merge_sort merge_sort merge_sort merge_sort merge_sort merge_sort merge_sort 
> merge merge_sort merge_sort merge_sort merge_sort merge_sort merge_sort merge_sort merge_sort merge_sort merge_sort merge_sort merge_sort merge_sort merge_sort 
tail.default tail merge merge_sort merge_sort merge_sort merge_sort merge_sort merge_sort merge_sort merge_sort merge_sort merge_sort merge_sort merge_sort merge_sort 
merge merge_sort merge_sort merge_sort merge_sort merge_sort merge_sort merge_sort merge_sort merge_sort merge_sort 
tail merge merge_sort merge_sort merge_sort merge_sort merge_sort merge_sort merge_sort 
tail.default tail merge merge_sort merge_sort merge_sort merge_sort merge_sort merge_sort merge_sort merge_sort merge_sort merge_sort merge_sort 
merge merge_sort merge_sort merge_sort merge_sort merge_sort merge_sort merge_sort merge_sort merge_sort 
tail merge merge_sort merge_sort merge_sort merge_sort merge_sort merge_sort merge_sort merge_sort merge_sort merge_sort merge_sort 
| merge merge_sort merge_sort merge_sort merge_sort merge_sort merge_sort merge_sort merge_sort merge_sort merge_sort merge_sort merge_sort merge_sort merge_sort merge_sort 
stopifnot tail.default tail merge merge_sort merge_sort merge_sort merge_sort merge_sort merge_sort merge_sort merge_sort merge_sort merge_sort 
merge merge_sort merge_sort merge_sort merge_sort merge_sort merge_sort merge_sort merge_sort merge_sort merge_sort merge_sort merge_sort 
tail merge merge_sort merge_sort merge_sort merge_sort merge_sort merge_sort merge_sort 
tail merge merge_sort merge_sort merge_sort merge_sort merge_sort merge_sort 
tail merge merge_sort merge_sort merge_sort merge_sort merge_sort merge_sort 
> merge merge_sort merge_sort merge_sort merge_sort merge_sort 
tail.default tail merge merge_sort merge_sort merge_sort merge_sort merge_sort 
stopifnot tail.default tail merge merge_sort merge_sort merge_sort merge_sort merge_sort 
tail.default tail merge merge_sort merge_sort merge_sort merge_sort 
tail.default tail merge merge_sort merge_sort merge_sort merge_sort 
> merge merge_sort merge_sort merge_sort merge_sort 
merge merge_sort merge_sort merge_sort merge_sort 
- stopifnot tail.default tail merge merge_sort merge_sort merge_sort merge_sort 
tail.default tail merge merge_sort merge_sort merge_sort merge_sort 
c merge merge_sort merge_sort merge_sort merge_sort 
c merge merge_sort merge_sort merge_sort merge_sort 
merge merge_sort merge_sort merge_sort merge_sort 
length merge merge_sort merge_sort merge_sort merge_sort 
tail merge merge_sort merge_sort merge_sort merge_sort 
tail.default tail merge merge_sort merge_sort merge_sort 
tail.default tail merge merge_sort merge_sort merge_sort 
merge merge_sort merge_sort merge_sort 
match.call stopifnot tail.default tail merge merge_sort merge_sort merge_sort 
tail merge merge_sort merge_sort merge_sort 
stopifnot tail.default tail merge merge_sort merge_sort merge_sort 
match.call stopifnot tail.default tail merge merge_sort merge_sort merge_sort 
tail.default tail merge merge_sort merge_sort merge_sort 
| merge merge_sort merge_sort merge_sort 
merge merge_sort merge_sort merge_sort 
stopifnot tail.default tail merge merge_sort merge_sort merge_sort 
tail.default tail merge merge_sort merge_sort merge_sort 
tail.default tail merge merge_sort merge_sort merge_sort 
stopifnot tail.default tail merge merge_sort merge_sort merge_sort 
tail merge merge_sort merge_sort merge_sort 
tail.default tail merge merge_sort merge_sort merge_sort 
stopifnot tail.default tail merge merge_sort merge_sort merge_sort 
tail.default tail merge merge_sort merge_sort merge_sort 
tail merge merge_sort merge_sort merge_sort 
sys.call match.call stopifnot tail.default tail merge merge_sort merge_sort merge_sort 
merge merge_sort merge_sort merge_sort 
> merge merge_sort merge_sort merge_sort 
c merge_sort merge_sort merge_sort 
stopifnot tail.default tail merge merge_sort merge_sort merge_sort merge_sort merge_sort merge_sort merge_sort merge_sort merge_sort merge_sort merge_sort merge_sort merge_sort merge_sort 
stopifnot tail.default tail merge merge_sort merge_sort merge_sort merge_sort merge_sort merge_sort merge_sort merge_sort merge_sort merge_sort merge_sort merge_sort merge_sort 
tail merge merge_sort merge_sort merge_sort merge_sort merge_sort merge_sort merge_sort merge_sort merge_sort merge_sort 
stopifnot tail.default tail merge merge_sort merge_sort merge_sort merge_sort merge_sort merge_sort merge_sort merge_sort merge_sort merge_sort merge_sort merge_sort 
tail.default tail merge merge_sort merge_sort merge_sort merge_sort merge_sort merge_sort merge_sort merge_sort merge_sort 
tail merge merge_sort merge_sort merge_sort merge_sort merge_sort merge_sort merge_sort merge_sort merge_sort merge_sort merge_sort merge_sort merge_sort 
tail merge merge_sort merge_sort merge_sort merge_sort merge_sort merge_sort merge_sort 
c merge_sort merge_sort merge_sort merge_sort merge_sort merge_sort merge_sort merge_sort merge_sort merge_sort merge_sort merge_sort merge_sort merge_sort 
match.call stopifnot tail.default tail merge merge_sort merge_sort merge_sort merge_sort merge_sort merge_sort merge_sort merge_sort merge_sort merge_sort 
merge_sort merge_sort merge_sort merge_sort merge_sort merge_sort merge_sort merge_sort merge_sort merge_sort merge_sort merge_sort merge_sort merge_sort merge_sort merge_sort 
sys.call match.call stopifnot tail.default tail merge merge_sort merge_sort merge_sort merge_sort merge_sort merge_sort merge_sort merge_sort merge_sort merge_sort merge_sort merge_sort 
tail.default tail merge merge_sort merge_sort merge_sort merge_sort merge_sort merge_sort merge_sort merge_sort merge_sort merge_sort 
tail merge merge_sort merge_sort merge_sort merge_sort merge_sort merge_sort merge_sort merge_sort merge_sort merge_sort merge_sort 
tail.default tail merge merge_sort merge_sort merge_sort merge_sort merge_sort merge_sort merge_sort 
match.call stopifnot tail.default tail merge merge_sort merge_sort merge_sort merge_sort merge_sort merge_sort 
stopifnot tail.default tail merge merge_sort merge_sort merge_sort merge_sort merge_sort merge_sort 
tail merge merge_sort merge_sort merge_sort merge_sort merge_sort merge_sort merge_sort merge_sort merge_sort merge_sort merge_sort merge_sort merge_sort merge_sort 
tail merge merge_sort merge_sort merge_sort merge_sort merge_sort merge_sort merge_sort merge_sort merge_sort merge_sort merge_sort merge_sort merge_sort 
tail merge merge_sort merge_sort merge_sort merge_sort merge_sort merge_sort merge_sort merge_sort merge_sort 
merge merge_sort merge_sort merge_sort merge_sort merge_sort merge_sort merge_sort merge_sort merge_sort merge_sort merge_sort merge_sort merge_sort 
merge_sort merge_sort merge_sort merge_sort merge_sort merge_sort merge_sort merge_sort merge_sort merge_sort merge_sort merge_sort merge_sort merge_sort merge_sort 
stopifnot tail.default tail merge merge_sort merge_sort merge_sort merge_sort merge_sort merge_sort merge_sort merge_sort merge_sort 
sys.call match.call stopifnot tail.default tail merge merge_sort merge_sort merge_sort merge_sort merge_sort merge_sort merge_sort 
stopifnot tail.default tail merge merge_sort merge_sort merge_sort merge_sort merge_sort merge_sort merge_sort merge_sort merge_sort merge_sort 
merge_sort merge_sort merge_sort merge_sort merge_sort merge_sort merge_sort merge_sort merge_sort merge_sort merge_sort merge_sort merge_sort merge_sort 
tail merge merge_sort merge_sort merge_sort merge_sort merge_sort merge_sort merge_sort merge_sort merge_sort 
tail.default tail merge merge_sort merge_sort merge_sort merge_sort merge_sort merge_sort merge_sort merge_sort merge_sort merge_sort merge_sort merge_sort merge_sort merge_sort 
merge_sort merge_sort merge_sort merge_sort merge_sort merge_sort merge_sort merge_sort merge_sort merge_sort merge_sort merge_sort merge_sort merge_sort 
tail merge merge_sort merge_sort merge_sort merge_sort merge_sort merge_sort merge_sort merge_sort 
tail merge merge_sort merge_sort merge_sort merge_sort merge_sort merge_sort merge_sort 
stopifnot tail.default tail merge merge_sort merge_sort merge_sort merge_sort merge_sort merge_sort 
tail.default tail merge merge_sort merge_sort merge_sort merge_sort merge_sort 
tail.default tail merge merge_sort merge_sort merge_sort merge_sort merge_sort 
> merge merge_sort merge_sort merge_sort merge_sort merge_sort 
c merge_sort merge_sort merge_sort merge_sort merge_sort 
tail merge merge_sort merge_sort merge_sort merge_sort merge_sort merge_sort merge_sort merge_sort merge_sort merge_sort merge_sort merge_sort merge_sort 
tail merge merge_sort merge_sort merge_sort merge_sort merge_sort merge_sort merge_sort merge_sort merge_sort merge_sort merge_sort merge_sort merge_sort 
tail merge merge_sort merge_sort merge_sort merge_sort merge_sort merge_sort merge_sort merge_sort 
merge merge_sort merge_sort merge_sort merge_sort merge_sort merge_sort merge_sort merge_sort merge_sort merge_sort merge_sort merge_sort 
tail merge merge_sort merge_sort merge_sort merge_sort merge_sort merge_sort merge_sort merge_sort merge_sort merge_sort merge_sort merge_sort merge_sort merge_sort 
merge merge_sort merge_sort merge_sort merge_sort merge_sort merge_sort merge_sort 
tail.default tail merge merge_sort merge_sort merge_sort merge_sort merge_sort merge_sort merge_sort merge_sort merge_sort merge_sort merge_sort 
stopifnot tail.default tail merge merge_sort merge_sort merge_sort merge_sort merge_sort merge_sort merge_sort merge_sort merge_sort merge_sort 
tail merge merge_sort merge_sort merge_sort merge_sort merge_sort merge_sort merge_sort merge_sort merge_sort merge_sort merge_sort 
merge_sort merge_sort merge_sort merge_sort merge_sort merge_sort merge_sort merge_sort merge_sort 
match.call stopifnot tail.default tail merge merge_sort merge_sort merge_sort merge_sort merge_sort merge_sort merge_sort merge_sort merge_sort merge_sort merge_sort merge_sort merge_sort 
merge merge_sort merge_sort merge_sort merge_sort merge_sort merge_sort merge_sort merge_sort merge_sort merge_sort merge_sort merge_sort 
tail merge merge_sort merge_sort merge_sort merge_sort merge_sort merge_sort merge_sort 
merge merge_sort merge_sort merge_sort merge_sort merge_sort merge_sort 
tail merge merge_sort merge_sort merge_sort merge_sort merge_sort merge_sort 
merge merge_sort merge_sort merge_sort merge_sort merge_sort merge_sort merge_sort merge_sort merge_sort merge_sort merge_sort merge_sort 
c merge merge_sort merge_sort merge_sort merge_sort merge_sort merge_sort merge_sort merge_sort merge_sort merge_sort merge_sort 
merge merge_sort merge_sort merge_sort merge_sort merge_sort merge_sort merge_sort merge_sort merge_sort 
tail merge merge_sort merge_sort merge_sort merge_sort merge_sort merge_sort merge_sort merge_sort merge_sort merge_sort merge_sort merge_sort merge_sort 
| merge merge_sort merge_sort merge_sort merge_sort merge_sort merge_sort merge_sort merge_sort merge_sort 
tail merge merge_sort merge_sort merge_sort merge_sort merge_sort merge_sort merge_sort merge_sort merge_sort merge_sort merge_sort merge_sort merge_sort 
c merge merge_sort merge_sort merge_sort merge_sort merge_sort merge_sort merge_sort 
stopifnot tail.default tail merge merge_sort merge_sort merge_sort merge_sort merge_sort merge_sort merge_sort merge_sort merge_sort merge_sort merge_sort merge_sort merge_sort 
: merge_sort merge_sort merge_sort merge_sort merge_sort merge_sort merge_sort merge_sort merge_sort merge_sort merge_sort merge_sort merge_sort merge_sort 
tail.default tail merge merge_sort merge_sort merge_sort merge_sort merge_sort merge_sort merge_sort merge_sort merge_sort merge_sort merge_sort 
match.call stopifnot tail.default tail merge merge_sort merge_sort merge_sort merge_sort merge_sort merge_sort merge_sort merge_sort merge_sort merge_sort merge_sort merge_sort merge_sort merge_sort merge_sort 
merge_sort merge_sort merge_sort merge_sort merge_sort merge_sort merge_sort merge_sort merge_sort merge_sort merge_sort merge_sort merge_sort merge_sort 
<= merge merge_sort merge_sort merge_sort merge_sort merge_sort merge_sort merge_sort merge_sort merge_sort 
tail merge merge_sort merge_sort merge_sort merge_sort merge_sort merge_sort merge_sort 
tail.default tail merge merge_sort merge_sort merge_sort merge_sort merge_sort merge_sort 
merge merge_sort merge_sort merge_sort merge_sort merge_sort 
tail merge merge_sort merge_sort merge_sort merge_sort merge_sort 
stopifnot tail.default tail merge merge_sort merge_sort merge_sort merge_sort merge_sort 
tail.default tail merge merge_sort merge_sort merge_sort merge_sort merge_sort 
tail.default tail merge merge_sort merge_sort merge_sort merge_sort 
tail.default tail merge merge_sort merge_sort merge_sort merge_sort 
tail merge merge_sort merge_sort merge_sort merge_sort 
tail.default tail merge merge_sort merge_sort merge_sort merge_sort 
tail.default tail merge merge_sort merge_sort merge_sort merge_sort 
tail.default tail merge merge_sort merge_sort merge_sort merge_sort 
merge merge_sort merge_sort merge_sort merge_sort 
tail merge merge_sort merge_sort merge_sort merge_sort 
tail merge merge_sort merge_sort merge_sort merge_sort merge_sort merge_sort merge_sort merge_sort merge_sort merge_sort merge_sort 
c merge merge_sort merge_sort merge_sort merge_sort merge_sort merge_sort merge_sort merge_sort merge_sort merge_sort merge_sort 
tail.default tail merge merge_sort merge_sort merge_sort merge_sort merge_sort merge_sort merge_sort merge_sort merge_sort 
merge merge_sort merge_sort merge_sort merge_sort merge_sort merge_sort merge_sort merge_sort merge_sort merge_sort 
tail merge merge_sort merge_sort merge_sort merge_sort merge_sort merge_sort merge_sort merge_sort merge_sort merge_sort merge_sort 
tail merge merge_sort merge_sort merge_sort merge_sort merge_sort merge_sort merge_sort merge_sort merge_sort 
| merge merge_sort merge_sort merge_sort merge_sort merge_sort merge_sort merge_sort 
stopifnot tail.default tail merge merge_sort merge_sort merge_sort merge_sort merge_sort merge_sort merge_sort merge_sort merge_sort merge_sort merge_sort merge_sort merge_sort merge_sort 
stopifnot tail.default tail merge merge_sort merge_sort merge_sort merge_sort merge_sort merge_sort merge_sort merge_sort merge_sort merge_sort merge_sort merge_sort merge_sort 
stopifnot tail.default tail merge merge_sort merge_sort merge_sort merge_sort merge_sort merge_sort merge_sort merge_sort 
tail merge merge_sort merge_sort merge_sort merge_sort merge_sort merge_sort merge_sort merge_sort merge_sort merge_sort merge_sort 
tail merge merge_sort merge_sort merge_sort merge_sort merge_sort merge_sort merge_sort merge_sort merge_sort merge_sort merge_sort merge_sort merge_sort 
tail merge merge_sort merge_sort merge_sort merge_sort merge_sort merge_sort merge_sort merge_sort 
stopifnot tail.default tail merge merge_sort merge_sort merge_sort merge_sort merge_sort merge_sort 
stopifnot tail.default tail merge merge_sort merge_sort merge_sort merge_sort merge_sort merge_sort 
tail.default tail merge merge_sort merge_sort merge_sort merge_sort merge_sort merge_sort merge_sort merge_sort merge_sort merge_sort merge_sort merge_sort merge_sort merge_sort 
tail merge merge_sort merge_sort merge_sort merge_sort merge_sort merge_sort merge_sort merge_sort merge_sort merge_sort merge_sort merge_sort merge_sort merge_sort merge_sort 
& merge merge_sort merge_sort merge_sort merge_sort merge_sort merge_sort merge_sort merge_sort merge_sort merge_sort merge_sort merge_sort merge_sort 
merge merge_sort merge_sort merge_sort merge_sort merge_sort merge_sort merge_sort merge_sort merge_sort 
tail.default tail merge merge_sort merge_sort merge_sort merge_sort merge_sort merge_sort merge_sort merge_sort merge_sort merge_sort merge_sort merge_sort merge_sort 
stopifnot tail.default tail merge merge_sort merge_sort merge_sort merge_sort merge_sort merge_sort merge_sort merge_sort merge_sort 
merge merge_sort merge_sort merge_sort merge_sort merge_sort merge_sort merge_sort merge_sort merge_sort merge_sort merge_sort merge_sort 
match.call stopifnot tail.default tail merge merge_sort merge_sort merge_sort merge_sort merge_sort merge_sort merge_sort 
> merge merge_sort merge_sort merge_sort merge_sort merge_sort merge_sort merge_sort merge_sort merge_sort merge_sort merge_sort merge_sort merge_sort merge_sort 
stopifnot tail.default tail merge merge_sort merge_sort merge_sort merge_sort merge_sort merge_sort merge_sort merge_sort merge_sort merge_sort 
stopifnot tail.default tail merge merge_sort merge_sort merge_sort merge_sort merge_sort merge_sort merge_sort merge_sort merge_sort merge_sort merge_sort merge_sort merge_sort merge_sort 
tail merge merge_sort merge_sort merge_sort merge_sort merge_sort merge_sort merge_sort merge_sort merge_sort merge_sort merge_sort 
tail merge merge_sort merge_sort merge_sort merge_sort merge_sort merge_sort merge_sort merge_sort merge_sort 
match.call stopifnot tail.default tail merge merge_sort merge_sort merge_sort merge_sort merge_sort merge_sort merge_sort merge_sort merge_sort merge_sort merge_sort merge_sort 
tail merge merge_sort merge_sort merge_sort merge_sort merge_sort merge_sort merge_sort 
tail merge merge_sort merge_sort merge_sort merge_sort merge_sort merge_sort 
tail merge merge_sort merge_sort merge_sort merge_sort merge_sort merge_sort 
tail merge merge_sort merge_sort merge_sort merge_sort merge_sort 
merge merge_sort merge_sort merge_sort merge_sort merge_sort 
tail.default tail merge merge_sort merge_sort merge_sort merge_sort merge_sort 
merge merge_sort merge_sort merge_sort merge_sort merge_sort merge_sort merge_sort merge_sort merge_sort merge_sort merge_sort merge_sort merge_sort merge_sort 
stopifnot tail.default tail merge merge_sort merge_sort merge_sort merge_sort merge_sort merge_sort merge_sort merge_sort merge_sort merge_sort merge_sort merge_sort merge_sort 
tail merge merge_sort merge_sort merge_sort merge_sort merge_sort merge_sort merge_sort merge_sort merge_sort merge_sort 
stopifnot tail.default tail merge merge_sort merge_sort merge_sort merge_sort merge_sort merge_sort merge_sort merge_sort merge_sort merge_sort merge_sort 
tail.default tail merge merge_sort merge_sort merge_sort merge_sort merge_sort merge_sort merge_sort merge_sort merge_sort merge_sort merge_sort 
tail.default tail merge merge_sort merge_sort merge_sort merge_sort merge_sort merge_sort merge_sort merge_sort merge_sort 
stopifnot tail.default tail merge merge_sort merge_sort merge_sort merge_sort merge_sort merge_sort merge_sort 
tail merge merge_sort merge_sort merge_sort merge_sort merge_sort merge_sort merge_sort merge_sort merge_sort merge_sort 
tail merge merge_sort merge_sort merge_sort merge_sort merge_sort merge_sort merge_sort merge_sort merge_sort merge_sort merge_sort 
stopifnot tail.default tail merge merge_sort merge_sort merge_sort merge_sort merge_sort merge_sort merge_sort merge_sort merge_sort 
tail.default tail merge merge_sort merge_sort merge_sort merge_sort merge_sort merge_sort merge_sort merge_sort merge_sort merge_sort merge_sort merge_sort merge_sort merge_sort 
sys.parent sys.call match.call stopifnot tail.default tail merge merge_sort merge_sort merge_sort merge_sort merge_sort merge_sort merge_sort merge_sort merge_sort merge_sort merge_sort merge_sort merge_sort merge_sort merge_sort 
match.call stopifnot tail.default tail merge merge_sort merge_sort merge_sort merge_sort merge_sort merge_sort merge_sort merge_sort 
tail merge merge_sort merge_sort merge_sort merge_sort merge_sort merge_sort merge_sort 
tail merge merge_sort merge_sort merge_sort merge_sort merge_sort merge_sort 
merge_sort merge_sort merge_sort merge_sort merge_sort merge_sort merge_sort merge_sort merge_sort merge_sort merge_sort merge_sort merge_sort 
stopifnot tail.default tail merge merge_sort merge_sort merge_sort merge_sort merge_sort merge_sort merge_sort merge_sort merge_sort 
tail merge merge_sort merge_sort merge_sort merge_sort merge_sort merge_sort merge_sort merge_sort merge_sort merge_sort 
tail.default tail merge merge_sort merge_sort merge_sort merge_sort merge_sort merge_sort merge_sort merge_sort merge_sort merge_sort merge_sort merge_sort 
merge merge_sort merge_sort merge_sort merge_sort merge_sort merge_sort merge_sort merge_sort merge_sort merge_sort merge_sort merge_sort merge_sort merge_sort merge_sort 
stopifnot tail.default tail merge merge_sort merge_sort merge_sort merge_sort merge_sort merge_sort merge_sort merge_sort merge_sort 
tail.default tail merge merge_sort merge_sort merge_sort merge_sort merge_sort merge_sort merge_sort 
tail merge merge_sort merge_sort merge_sort merge_sort merge_sort merge_sort merge_sort merge_sort merge_sort merge_sort merge_sort 
tail.default tail merge merge_sort merge_sort merge_sort merge_sort merge_sort merge_sort merge_sort merge_sort merge_sort 
tail.default tail merge merge_sort merge_sort merge_sort merge_sort merge_sort merge_sort merge_sort merge_sort merge_sort merge_sort merge_sort merge_sort merge_sort 
merge merge_sort merge_sort merge_sort merge_sort merge_sort merge_sort merge_sort merge_sort 
tail.default tail merge merge_sort merge_sort merge_sort merge_sort merge_sort merge_sort merge_sort merge_sort merge_sort merge_sort merge_sort merge_sort merge_sort merge_sort 
tail.default tail merge merge_sort merge_sort merge_sort merge_sort merge_sort merge_sort merge_sort merge_sort merge_sort merge_sort 
stopifnot tail.default tail merge merge_sort merge_sort merge_sort merge_sort merge_sort merge_sort merge_sort merge_sort 
merge merge_sort merge_sort merge_sort merge_sort merge_sort merge_sort merge_sort 
sys.call match.call stopifnot tail.default tail merge merge_sort merge_sort merge_sort merge_sort merge_sort merge_sort 
tail merge merge_sort merge_sort merge_sort merge_sort merge_sort 
tail.default tail merge merge_sort merge_sort merge_sort merge_sort merge_sort 
stopifnot tail.default tail merge merge_sort merge_sort merge_sort merge_sort merge_sort 
tail merge merge_sort merge_sort merge_sort merge_sort 
match.call stopifnot tail.default tail merge merge_sort merge_sort merge_sort merge_sort 
tail merge merge_sort merge_sort merge_sort merge_sort 
tail merge merge_sort merge_sort merge_sort merge_sort 
tail.default tail merge merge_sort merge_sort merge_sort merge_sort 
merge merge_sort merge_sort merge_sort merge_sort 
stopifnot tail.default tail merge merge_sort merge_sort merge_sort merge_sort 
merge merge_sort merge_sort merge_sort merge_sort 
tail.default tail merge merge_sort merge_sort merge_sort 
tail merge merge_sort merge_sort merge_sort 
merge merge_sort merge_sort merge_sort 
stopifnot tail.default tail merge merge_sort merge_sort merge_sort 
tail merge merge_sort merge_sort merge_sort 
tail.default tail merge merge_sort merge_sort merge_sort 
merge merge_sort merge_sort merge_sort 
merge merge_sort merge_sort merge_sort 
tail.default tail merge merge_sort merge_sort merge_sort 
tail.default tail merge merge_sort merge_sort merge_sort 
stopifnot tail.default tail merge merge_sort merge_sort merge_sort 
tail.default tail merge merge_sort merge_sort merge_sort 
tail.default tail merge merge_sort merge_sort merge_sort 
tail.default tail merge merge_sort merge_sort merge_sort 
c merge merge_sort merge_sort merge_sort 
c merge merge_sort merge_sort merge_sort 
tail.default tail merge merge_sort merge_sort merge_sort 
tail.default tail merge merge_sort merge_sort merge_sort 
tail.default tail merge merge_sort merge_sort merge_sort 
stopifnot tail.default tail merge merge_sort merge_sort merge_sort 
tail.default tail merge merge_sort merge_sort merge_sort 
c merge merge_sort merge_sort merge_sort 
c merge merge_sort merge_sort merge_sort 
tail.default tail merge merge_sort merge_sort 
tail.default tail merge merge_sort merge_sort 
tail.default tail merge merge_sort merge_sort 
tail.default tail merge merge_sort merge_sort 
tail.default tail merge merge_sort merge_sort 
tail.default tail merge merge_sort merge_sort 
tail.default tail merge merge_sort merge_sort 
tail.default tail merge merge_sort merge_sort 
tail.default tail merge merge_sort merge_sort 
tail.default tail merge merge_sort merge_sort 
tail merge merge_sort merge_sort 
stopifnot tail.default tail merge merge_sort merge_sort 
tail.default tail merge merge_sort merge_sort 
c merge merge_sort merge_sort 
tail merge merge_sort merge_sort 
stopifnot tail.default tail merge merge_sort merge_sort 
tail.default tail merge merge_sort merge_sort 
- stopifnot tail.default tail merge merge_sort merge_sort 
tail.default tail merge merge_sort merge_sort 
tail.default tail merge merge_sort merge_sort 
tail.default tail merge merge_sort merge_sort 
tail.default tail merge merge_sort merge_sort 
tail.default tail merge merge_sort merge_sort 
tail merge merge_sort merge_sort 
tail.default tail merge merge_sort merge_sort 
tail.default tail merge merge_sort merge_sort 
tail.default tail merge merge_sort merge_sort 
tail.default tail merge merge_sort merge_sort 
match.call stopifnot tail.default tail merge merge_sort merge_sort 
tail.default tail merge merge_sort merge_sort 
tail merge merge_sort merge_sort 
tail.default tail merge merge_sort merge_sort 
tail merge merge_sort merge_sort 
tail merge merge_sort merge_sort 
merge merge_sort merge_sort 
match.call stopifnot tail.default tail merge merge_sort merge_sort 
tail.default tail merge merge_sort merge_sort 
tail merge merge_sort merge_sort 
c merge merge_sort merge_sort 
match.call stopifnot tail.default tail merge merge_sort merge_sort 
tail merge merge_sort merge_sort 
tail merge merge_sort merge_sort 
c merge merge_sort merge_sort 
stopifnot tail.default tail merge merge_sort merge_sort 
tail.default tail merge merge_sort merge_sort 
c merge merge_sort merge_sort 
tail.default tail merge merge_sort merge_sort 
tail.default tail merge merge_sort merge_sort 
tail.default tail merge merge_sort merge_sort 
tail.default tail merge merge_sort merge_sort 
tail merge merge_sort merge_sort 
tail merge merge_sort merge_sort 
tail.default tail merge merge_sort merge_sort 
tail.default tail merge merge_sort merge_sort 
tail merge merge_sort merge_sort 
stopifnot tail.default tail merge merge_sort merge_sort 
tail merge merge_sort merge_sort 
c merge merge_sort merge_sort 
c merge merge_sort merge_sort 
tail merge merge_sort merge_sort 
sys.call match.call stopifnot tail.default tail merge merge_sort merge_sort 
c merge merge_sort merge_sort 
tail.default tail merge merge_sort merge_sort 
merge_sort merge_sort 
c merge_sort merge_sort 
c merge_sort merge_sort 
c merge_sort merge_sort 
c merge_sort merge_sort merge_sort 
c merge_sort merge_sort merge_sort merge_sort merge_sort merge_sort merge_sort 
tail merge merge_sort merge_sort merge_sort merge_sort merge_sort merge_sort merge_sort merge_sort merge_sort merge_sort merge_sort merge_sort merge_sort 
sys.call match.call stopifnot tail.default tail merge merge_sort merge_sort merge_sort merge_sort merge_sort merge_sort merge_sort merge_sort merge_sort merge_sort 
tail.default tail merge merge_sort merge_sort merge_sort merge_sort merge_sort merge_sort merge_sort merge_sort 
tail merge merge_sort merge_sort merge_sort merge_sort merge_sort merge_sort merge_sort merge_sort merge_sort merge_sort merge_sort merge_sort merge_sort 
stopifnot tail.default tail merge merge_sort merge_sort merge_sort merge_sort merge_sort merge_sort merge_sort merge_sort merge_sort merge_sort merge_sort merge_sort merge_sort merge_sort 
stopifnot tail.default tail merge merge_sort merge_sort merge_sort merge_sort merge_sort merge_sort merge_sort merge_sort 
tail merge merge_sort merge_sort merge_sort merge_sort merge_sort merge_sort merge_sort merge_sort merge_sort merge_sort merge_sort merge_sort merge_sort merge_sort 
tail.default tail merge merge_sort merge_sort merge_sort merge_sort merge_sort merge_sort merge_sort merge_sort merge_sort merge_sort 
match.call stopifnot tail.default tail merge merge_sort merge_sort merge_sort merge_sort merge_sort merge_sort merge_sort merge_sort merge_sort merge_sort merge_sort merge_sort merge_sort 
stopifnot tail.default tail merge merge_sort merge_sort merge_sort merge_sort merge_sort merge_sort merge_sort merge_sort merge_sort merge_sort merge_sort merge_sort merge_sort merge_sort 
merge merge_sort merge_sort merge_sort merge_sort merge_sort merge_sort merge_sort merge_sort merge_sort merge_sort 
tail merge merge_sort merge_sort merge_sort merge_sort merge_sort merge_sort merge_sort merge_sort merge_sort merge_sort merge_sort merge_sort merge_sort merge_sort 
sys.call match.call stopifnot tail.default tail merge merge_sort merge_sort merge_sort merge_sort merge_sort merge_sort merge_sort 
tail.default tail merge merge_sort merge_sort merge_sort merge_sort merge_sort merge_sort 
tail merge merge_sort merge_sort merge_sort merge_sort merge_sort merge_sort 
merge merge_sort merge_sort merge_sort merge_sort merge_sort merge_sort merge_sort merge_sort merge_sort merge_sort merge_sort merge_sort merge_sort merge_sort 
stopifnot tail.default tail merge merge_sort merge_sort merge_sort merge_sort merge_sort merge_sort merge_sort merge_sort merge_sort 
merge merge_sort merge_sort merge_sort merge_sort merge_sort merge_sort merge_sort merge_sort merge_sort merge_sort merge_sort merge_sort merge_sort 
merge_sort merge_sort merge_sort merge_sort merge_sort merge_sort merge_sort merge_sort merge_sort merge_sort merge_sort merge_sort merge_sort merge_sort merge_sort 
merge_sort merge_sort merge_sort merge_sort merge_sort merge_sort merge_sort merge_sort merge_sort 
match.call stopifnot tail.default tail merge merge_sort merge_sort merge_sort merge_sort merge_sort merge_sort merge_sort merge_sort merge_sort merge_sort merge_sort merge_sort merge_sort merge_sort merge_sort 
tail merge merge_sort merge_sort merge_sort merge_sort merge_sort merge_sort merge_sort 
tail merge merge_sort merge_sort merge_sort merge_sort merge_sort merge_sort merge_sort merge_sort merge_sort merge_sort merge_sort merge_sort merge_sort 
tail merge merge_sort merge_sort merge_sort merge_sort merge_sort merge_sort merge_sort merge_sort merge_sort merge_sort merge_sort merge_sort merge_sort merge_sort merge_sort 
tail.default tail merge merge_sort merge_sort merge_sort merge_sort merge_sort merge_sort merge_sort merge_sort merge_sort merge_sort 
tail merge merge_sort merge_sort merge_sort merge_sort merge_sort merge_sort merge_sort merge_sort merge_sort merge_sort merge_sort merge_sort merge_sort merge_sort merge_sort 
sys.parent sys.call match.call stopifnot tail.default tail merge merge_sort merge_sort merge_sort merge_sort merge_sort merge_sort merge_sort merge_sort merge_sort merge_sort merge_sort merge_sort merge_sort merge_sort 
tail merge merge_sort merge_sort merge_sort merge_sort merge_sort merge_sort merge_sort merge_sort merge_sort 
- stopifnot tail.default tail merge merge_sort merge_sort merge_sort merge_sort merge_sort merge_sort merge_sort 
stopifnot tail.default tail merge merge_sort merge_sort merge_sort merge_sort merge_sort merge_sort 
tail merge merge_sort merge_sort merge_sort merge_sort merge_sort 
merge merge_sort merge_sort merge_sort merge_sort merge_sort 
stopifnot tail.default tail merge merge_sort merge_sort merge_sort merge_sort merge_sort 
merge merge_sort merge_sort merge_sort merge_sort merge_sort 
sys.parent sys.call match.call stopifnot tail.default tail merge merge_sort merge_sort merge_sort merge_sort merge_sort merge_sort merge_sort merge_sort merge_sort merge_sort merge_sort merge_sort 
stopifnot tail.default tail merge merge_sort merge_sort merge_sort merge_sort merge_sort merge_sort merge_sort merge_sort merge_sort merge_sort merge_sort merge_sort 
tail.default tail merge merge_sort merge_sort merge_sort merge_sort merge_sort merge_sort merge_sort merge_sort 
tail.default tail merge merge_sort merge_sort merge_sort merge_sort merge_sort merge_sort merge_sort merge_sort merge_sort merge_sort merge_sort 
tail merge merge_sort merge_sort merge_sort merge_sort merge_sort merge_sort merge_sort merge_sort merge_sort merge_sort merge_sort merge_sort merge_sort merge_sort merge_sort 
tail.default tail merge merge_sort merge_sort merge_sort merge_sort merge_sort merge_sort merge_sort merge_sort 
tail.default tail merge merge_sort merge_sort merge_sort merge_sort merge_sort merge_sort merge_sort merge_sort merge_sort merge_sort merge_sort merge_sort merge_sort merge_sort 
tail.default tail merge merge_sort merge_sort merge_sort merge_sort merge_sort merge_sort merge_sort merge_sort merge_sort merge_sort 
tail merge merge_sort merge_sort merge_sort merge_sort merge_sort merge_sort merge_sort merge_sort merge_sort merge_sort 
tail merge merge_sort merge_sort merge_sort merge_sort merge_sort merge_sort merge_sort merge_sort merge_sort 
merge merge_sort merge_sort merge_sort merge_sort merge_sort merge_sort merge_sort merge_sort merge_sort merge_sort 
length merge merge_sort merge_sort merge_sort merge_sort merge_sort merge_sort merge_sort merge_sort merge_sort merge_sort merge_sort merge_sort merge_sort merge_sort 
merge merge_sort merge_sort merge_sort merge_sort merge_sort merge_sort merge_sort merge_sort merge_sort 
stopifnot tail.default tail merge merge_sort merge_sort merge_sort merge_sort merge_sort merge_sort merge_sort 
tail.default tail merge merge_sort merge_sort merge_sort merge_sort merge_sort merge_sort 
merge_sort merge_sort merge_sort merge_sort merge_sort merge_sort merge_sort merge_sort 
match.call stopifnot tail.default tail merge merge_sort merge_sort merge_sort merge_sort merge_sort merge_sort merge_sort merge_sort merge_sort merge_sort 
merge merge_sort merge_sort merge_sort merge_sort merge_sort merge_sort merge_sort merge_sort merge_sort merge_sort merge_sort merge_sort 
tail.default tail merge merge_sort merge_sort merge_sort merge_sort merge_sort merge_sort merge_sort merge_sort merge_sort merge_sort merge_sort merge_sort merge_sort merge_sort 
stopifnot tail.default tail merge merge_sort merge_sort merge_sort merge_sort merge_sort merge_sort merge_sort merge_sort merge_sort merge_sort 
merge merge_sort merge_sort merge_sort merge_sort merge_sort merge_sort merge_sort merge_sort merge_sort merge_sort merge_sort merge_sort merge_sort 
tail merge merge_sort merge_sort merge_sort merge_sort merge_sort merge_sort merge_sort 
merge merge_sort merge_sort merge_sort merge_sort merge_sort merge_sort merge_sort merge_sort merge_sort merge_sort 
stopifnot tail.default tail merge merge_sort merge_sort merge_sort merge_sort merge_sort merge_sort merge_sort merge_sort merge_sort merge_sort merge_sort merge_sort 
tail merge merge_sort merge_sort merge_sort merge_sort merge_sort merge_sort merge_sort merge_sort merge_sort 
tail.default tail merge merge_sort merge_sort merge_sort merge_sort merge_sort merge_sort merge_sort merge_sort merge_sort merge_sort 
stopifnot tail.default tail merge merge_sort merge_sort merge_sort merge_sort merge_sort merge_sort merge_sort merge_sort merge_sort merge_sort merge_sort 
tail merge merge_sort merge_sort merge_sort merge_sort merge_sort merge_sort merge_sort merge_sort merge_sort 
stopifnot tail.default tail merge merge_sort merge_sort merge_sort merge_sort merge_sort merge_sort merge_sort 
tail merge merge_sort merge_sort merge_sort merge_sort merge_sort merge_sort 
tail merge merge_sort merge_sort merge_sort merge_sort merge_sort 
sys.call match.call stopifnot tail.default tail merge merge_sort merge_sort merge_sort merge_sort merge_sort 
> merge merge_sort merge_sort merge_sort merge_sort merge_sort 
match.call stopifnot tail.default tail merge merge_sort merge_sort merge_sort merge_sort merge_sort 
sys.call match.call stopifnot tail.default tail merge merge_sort merge_sort merge_sort merge_sort merge_sort 
stopifnot tail.default tail merge merge_sort merge_sort merge_sort merge_sort 
tail merge merge_sort merge_sort merge_sort merge_sort 
tail.default tail merge merge_sort merge_sort merge_sort merge_sort 
tail merge merge_sort merge_sort merge_sort merge_sort 
tail merge merge_sort merge_sort merge_sort merge_sort 
tail merge merge_sort merge_sort merge_sort merge_sort 
tail.default tail merge merge_sort merge_sort merge_sort merge_sort 
tail.default tail merge merge_sort merge_sort merge_sort merge_sort 
sys.parent sys.call match.call stopifnot tail.default tail merge merge_sort merge_sort merge_sort merge_sort 
tail.default tail merge merge_sort merge_sort merge_sort merge_sort 
tail merge merge_sort merge_sort merge_sort merge_sort merge_sort merge_sort merge_sort merge_sort merge_sort merge_sort 
tail.default tail merge merge_sort merge_sort merge_sort merge_sort merge_sort merge_sort merge_sort merge_sort merge_sort merge_sort merge_sort merge_sort merge_sort merge_sort 
tail merge merge_sort merge_sort merge_sort merge_sort merge_sort merge_sort merge_sort merge_sort merge_sort merge_sort merge_sort merge_sort merge_sort merge_sort 
sys.call match.call stopifnot tail.default tail merge merge_sort merge_sort merge_sort merge_sort merge_sort merge_sort merge_sort merge_sort merge_sort merge_sort merge_sort merge_sort merge_sort 
stopifnot tail.default tail merge merge_sort merge_sort merge_sort merge_sort merge_sort merge_sort merge_sort merge_sort merge_sort merge_sort merge_sort merge_sort merge_sort 
stopifnot tail.default tail merge merge_sort merge_sort merge_sort merge_sort merge_sort merge_sort merge_sort merge_sort merge_sort merge_sort merge_sort merge_sort 
tail merge merge_sort merge_sort merge_sort merge_sort merge_sort merge_sort merge_sort merge_sort 
tail merge merge_sort merge_sort merge_sort merge_sort merge_sort merge_sort merge_sort 
: merge_sort merge_sort merge_sort merge_sort merge_sort merge_sort merge_sort merge_sort merge_sort merge_sort merge_sort merge_sort merge_sort merge_sort 
merge merge_sort merge_sort merge_sort merge_sort merge_sort merge_sort merge_sort merge_sort merge_sort merge_sort merge_sort 
stopifnot tail.default tail merge merge_sort merge_sort merge_sort merge_sort merge_sort merge_sort merge_sort merge_sort merge_sort merge_sort 
tail merge merge_sort merge_sort merge_sort merge_sort merge_sort merge_sort merge_sort merge_sort merge_sort merge_sort merge_sort merge_sort merge_sort 
stopifnot tail.default tail merge merge_sort merge_sort merge_sort merge_sort merge_sort merge_sort merge_sort merge_sort merge_sort merge_sort merge_sort 
sys.call match.call stopifnot tail.default tail merge merge_sort merge_sort merge_sort merge_sort merge_sort merge_sort merge_sort merge_sort merge_sort merge_sort merge_sort merge_sort 
match.call stopifnot tail.default tail merge merge_sort merge_sort merge_sort merge_sort merge_sort merge_sort merge_sort merge_sort merge_sort 
tail merge merge_sort merge_sort merge_sort merge_sort merge_sort merge_sort merge_sort 
tail merge merge_sort merge_sort merge_sort merge_sort merge_sort merge_sort 
tail merge merge_sort merge_sort merge_sort merge_sort merge_sort merge_sort 
tail merge merge_sort merge_sort merge_sort merge_sort merge_sort merge_sort merge_sort merge_sort merge_sort merge_sort merge_sort merge_sort merge_sort merge_sort merge_sort 
tail.default tail merge merge_sort merge_sort merge_sort merge_sort merge_sort merge_sort merge_sort merge_sort merge_sort merge_sort 
tail merge merge_sort merge_sort merge_sort merge_sort merge_sort merge_sort merge_sort merge_sort merge_sort merge_sort merge_sort 
tail merge merge_sort merge_sort merge_sort merge_sort merge_sort merge_sort merge_sort merge_sort merge_sort 
tail merge merge_sort merge_sort merge_sort merge_sort merge_sort merge_sort merge_sort merge_sort merge_sort merge_sort 
merge merge_sort merge_sort merge_sort merge_sort merge_sort merge_sort merge_sort merge_sort merge_sort merge_sort merge_sort merge_sort 
tail merge merge_sort merge_sort merge_sort merge_sort merge_sort merge_sort merge_sort merge_sort 
match.call stopifnot tail.default tail merge merge_sort merge_sort merge_sort merge_sort merge_sort merge_sort merge_sort 
match.call stopifnot tail.default tail merge merge_sort merge_sort merge_sort merge_sort merge_sort merge_sort merge_sort merge_sort merge_sort merge_sort merge_sort merge_sort merge_sort 
tail merge merge_sort merge_sort merge_sort merge_sort merge_sort merge_sort merge_sort merge_sort merge_sort merge_sort merge_sort merge_sort merge_sort merge_sort 
merge merge_sort merge_sort merge_sort merge_sort merge_sort merge_sort merge_sort merge_sort merge_sort 
tail.default tail merge merge_sort merge_sort merge_sort merge_sort merge_sort merge_sort merge_sort merge_sort merge_sort merge_sort merge_sort merge_sort merge_sort merge_sort 
stopifnot tail.default tail merge merge_sort merge_sort merge_sort merge_sort merge_sort merge_sort merge_sort merge_sort merge_sort 
length merge merge_sort merge_sort merge_sort merge_sort merge_sort merge_sort merge_sort merge_sort merge_sort merge_sort merge_sort merge_sort 
c merge merge_sort merge_sort merge_sort merge_sort merge_sort merge_sort merge_sort merge_sort 
tail merge merge_sort merge_sort merge_sort merge_sort merge_sort merge_sort 
tail merge merge_sort merge_sort merge_sort merge_sort merge_sort merge_sort 
match.call stopifnot tail.default tail merge merge_sort merge_sort merge_sort merge_sort merge_sort 
tail merge merge_sort merge_sort merge_sort merge_sort merge_sort 
tail merge merge_sort merge_sort merge_sort merge_sort merge_sort 
tail merge merge_sort merge_sort merge_sort merge_sort merge_sort 
tail.default tail merge merge_sort merge_sort merge_sort merge_sort merge_sort 
tail.default tail merge merge_sort merge_sort merge_sort merge_sort merge_sort merge_sort merge_sort merge_sort merge_sort merge_sort merge_sort merge_sort 
merge merge_sort merge_sort merge_sort merge_sort merge_sort merge_sort merge_sort merge_sort merge_sort 
tail.default tail merge merge_sort merge_sort merge_sort merge_sort merge_sort merge_sort merge_sort merge_sort merge_sort merge_sort merge_sort merge_sort merge_sort 
tail merge merge_sort merge_sort merge_sort merge_sort merge_sort merge_sort merge_sort merge_sort 
> merge merge_sort merge_sort merge_sort merge_sort merge_sort merge_sort merge_sort merge_sort merge_sort merge_sort merge_sort merge_sort merge_sort 
merge merge_sort merge_sort merge_sort merge_sort merge_sort merge_sort merge_sort merge_sort merge_sort merge_sort merge_sort 
tail merge merge_sort merge_sort merge_sort merge_sort merge_sort merge_sort merge_sort merge_sort merge_sort merge_sort 
tail merge merge_sort merge_sort merge_sort merge_sort merge_sort merge_sort merge_sort 
merge_sort merge_sort merge_sort merge_sort merge_sort merge_sort merge_sort merge_sort merge_sort merge_sort merge_sort merge_sort 
merge_sort merge_sort merge_sort merge_sort merge_sort merge_sort merge_sort merge_sort merge_sort merge_sort merge_sort merge_sort merge_sort merge_sort merge_sort merge_sort 
merge merge_sort merge_sort merge_sort merge_sort merge_sort merge_sort merge_sort merge_sort merge_sort merge_sort merge_sort merge_sort 
> merge merge_sort merge_sort merge_sort merge_sort merge_sort merge_sort merge_sort merge_sort merge_sort merge_sort merge_sort merge_sort merge_sort 
merge merge_sort merge_sort merge_sort merge_sort merge_sort merge_sort merge_sort merge_sort merge_sort 
merge_sort merge_sort merge_sort merge_sort merge_sort merge_sort merge_sort merge_sort merge_sort merge_sort merge_sort merge_sort merge_sort merge_sort 
merge merge_sort merge_sort merge_sort merge_sort merge_sort merge_sort merge_sort merge_sort 
tail.default tail merge merge_sort merge_sort merge_sort merge_sort merge_sort merge_sort 
tail.default tail merge merge_sort merge_sort merge_sort merge_sort merge_sort merge_sort 
stopifnot tail.default tail merge merge_sort merge_sort merge_sort merge_sort merge_sort merge_sort 
c merge merge_sort merge_sort merge_sort merge_sort merge_sort merge_sort merge_sort merge_sort merge_sort merge_sort merge_sort 
merge merge_sort merge_sort merge_sort merge_sort merge_sort merge_sort merge_sort merge_sort merge_sort merge_sort 
tail.default tail merge merge_sort merge_sort merge_sort merge_sort merge_sort merge_sort merge_sort merge_sort 
tail.default tail merge merge_sort merge_sort merge_sort merge_sort merge_sort merge_sort merge_sort merge_sort merge_sort merge_sort merge_sort 
stopifnot tail.default tail merge merge_sort merge_sort merge_sort merge_sort merge_sort merge_sort merge_sort merge_sort merge_sort merge_sort 
tail merge merge_sort merge_sort merge_sort merge_sort merge_sort merge_sort merge_sort merge_sort 
merge_sort merge_sort merge_sort merge_sort merge_sort merge_sort merge_sort merge_sort merge_sort merge_sort merge_sort merge_sort merge_sort merge_sort merge_sort merge_sort 
match.call stopifnot tail.default tail merge merge_sort merge_sort merge_sort merge_sort merge_sort merge_sort merge_sort merge_sort merge_sort 
tail merge merge_sort merge_sort merge_sort merge_sort merge_sort merge_sort merge_sort merge_sort merge_sort merge_sort merge_sort merge_sort merge_sort merge_sort 
merge merge_sort merge_sort merge_sort merge_sort merge_sort merge_sort merge_sort merge_sort merge_sort merge_sort merge_sort merge_sort merge_sort 
merge merge_sort merge_sort merge_sort merge_sort merge_sort merge_sort merge_sort merge_sort merge_sort 
stopifnot tail.default tail merge merge_sort merge_sort merge_sort merge_sort merge_sort merge_sort merge_sort merge_sort merge_sort merge_sort merge_sort merge_sort merge_sort merge_sort merge_sort 
merge merge_sort merge_sort merge_sort merge_sort merge_sort merge_sort merge_sort 
merge merge_sort merge_sort merge_sort merge_sort merge_sort merge_sort 
stopifnot tail.default tail merge merge_sort merge_sort merge_sort merge_sort merge_sort merge_sort 
tail merge merge_sort merge_sort merge_sort merge_sort merge_sort 
tail.default tail merge merge_sort merge_sort merge_sort merge_sort merge_sort 
tail merge merge_sort merge_sort merge_sort merge_sort merge_sort 
stopifnot tail.default tail merge merge_sort merge_sort merge_sort merge_sort 
sys.call match.call stopifnot tail.default tail merge merge_sort merge_sort merge_sort merge_sort 
stopifnot tail.default tail merge merge_sort merge_sort merge_sort merge_sort 
tail merge merge_sort merge_sort merge_sort merge_sort 
tail merge merge_sort merge_sort merge_sort merge_sort 
merge merge_sort merge_sort merge_sort merge_sort 
tail.default tail merge merge_sort merge_sort merge_sort merge_sort 
tail merge merge_sort merge_sort merge_sort merge_sort 
> merge merge_sort merge_sort merge_sort 
tail.default tail merge merge_sort merge_sort merge_sort 
tail.default tail merge merge_sort merge_sort merge_sort 
tail.default tail merge merge_sort merge_sort merge_sort 
tail.default tail merge merge_sort merge_sort merge_sort 
tail.default tail merge merge_sort merge_sort merge_sort 
tail.default tail merge merge_sort merge_sort merge_sort 
tail merge merge_sort merge_sort merge_sort 
tail.default tail merge merge_sort merge_sort merge_sort 
match.call stopifnot tail.default tail merge merge_sort merge_sort merge_sort 
tail.default tail merge merge_sort merge_sort merge_sort 
tail.default tail merge merge_sort merge_sort merge_sort 
c merge merge_sort merge_sort merge_sort 
tail merge merge_sort merge_sort merge_sort 
tail.default tail merge merge_sort merge_sort merge_sort 
tail.default tail merge merge_sort merge_sort merge_sort 
merge merge_sort merge_sort merge_sort 
tail merge merge_sort merge_sort merge_sort 
stopifnot tail.default tail merge merge_sort merge_sort merge_sort 
merge merge_sort merge_sort merge_sort 
tail.default tail merge merge_sort merge_sort merge_sort 
tail merge merge_sort merge_sort merge_sort 
tail merge merge_sort merge_sort merge_sort 
c merge merge_sort merge_sort merge_sort 
c merge_sort merge_sort merge_sort 
sys.call match.call stopifnot tail.default tail merge merge_sort merge_sort merge_sort merge_sort merge_sort merge_sort merge_sort merge_sort merge_sort merge_sort merge_sort 
merge merge_sort merge_sort merge_sort merge_sort merge_sort merge_sort merge_sort merge_sort merge_sort merge_sort merge_sort merge_sort 
c merge merge_sort merge_sort merge_sort merge_sort merge_sort merge_sort merge_sort merge_sort merge_sort 
sys.parent sys.call match.call stopifnot tail.default tail merge merge_sort merge_sort merge_sort merge_sort merge_sort merge_sort merge_sort merge_sort merge_sort merge_sort 
sys.call match.call stopifnot tail.default tail merge merge_sort merge_sort merge_sort merge_sort merge_sort merge_sort merge_sort merge_sort merge_sort merge_sort merge_sort merge_sort merge_sort merge_sort 
stopifnot tail.default tail merge merge_sort merge_sort merge_sort merge_sort merge_sort merge_sort merge_sort merge_sort 
tail.default tail merge merge_sort merge_sort merge_sort merge_sort merge_sort merge_sort merge_sort 
tail.default tail merge merge_sort merge_sort merge_sort merge_sort merge_sort merge_sort merge_sort merge_sort merge_sort merge_sort merge_sort merge_sort 
tail.default tail merge merge_sort merge_sort merge_sort merge_sort merge_sort merge_sort merge_sort merge_sort merge_sort merge_sort merge_sort merge_sort 
tail merge merge_sort merge_sort merge_sort merge_sort merge_sort merge_sort merge_sort merge_sort merge_sort merge_sort merge_sort merge_sort 
- stopifnot tail.default tail merge merge_sort merge_sort merge_sort merge_sort merge_sort merge_sort merge_sort merge_sort merge_sort 
tail merge merge_sort merge_sort merge_sort merge_sort merge_sort merge_sort merge_sort merge_sort merge_sort merge_sort merge_sort merge_sort merge_sort 
merge merge_sort merge_sort merge_sort merge_sort merge_sort merge_sort merge_sort 
stopifnot tail.default tail merge merge_sort merge_sort merge_sort merge_sort merge_sort merge_sort 
tail merge merge_sort merge_sort merge_sort merge_sort merge_sort merge_sort 
stopifnot tail.default tail merge merge_sort merge_sort merge_sort merge_sort merge_sort merge_sort merge_sort merge_sort merge_sort merge_sort merge_sort merge_sort merge_sort merge_sort merge_sort 
stopifnot tail.default tail merge merge_sort merge_sort merge_sort merge_sort merge_sort merge_sort merge_sort merge_sort merge_sort merge_sort merge_sort merge_sort merge_sort merge_sort 
tail merge merge_sort merge_sort merge_sort merge_sort merge_sort merge_sort merge_sort merge_sort 
stopifnot tail.default tail merge merge_sort merge_sort merge_sort merge_sort merge_sort merge_sort merge_sort merge_sort merge_sort merge_sort merge_sort merge_sort 
tail.default tail merge merge_sort merge_sort merge_sort merge_sort merge_sort merge_sort merge_sort merge_sort merge_sort merge_sort merge_sort merge_sort 
tail merge merge_sort merge_sort merge_sort merge_sort merge_sort merge_sort merge_sort merge_sort 
tail merge merge_sort merge_sort merge_sort merge_sort merge_sort merge_sort merge_sort 
stopifnot tail.default tail merge merge_sort merge_sort merge_sort merge_sort merge_sort merge_sort merge_sort merge_sort merge_sort merge_sort merge_sort 
merge merge_sort merge_sort merge_sort merge_sort merge_sort merge_sort merge_sort merge_sort merge_sort merge_sort 
length merge merge_sort merge_sort merge_sort merge_sort merge_sort merge_sort merge_sort merge_sort 
sys.parent sys.call match.call stopifnot tail.default tail merge merge_sort merge_sort merge_sort merge_sort merge_sort merge_sort merge_sort merge_sort merge_sort merge_sort merge_sort merge_sort 
merge merge_sort merge_sort merge_sort merge_sort merge_sort merge_sort merge_sort merge_sort merge_sort merge_sort merge_sort merge_sort 
tail.default tail merge merge_sort merge_sort merge_sort merge_sort merge_sort merge_sort merge_sort merge_sort 
stopifnot tail.default tail merge merge_sort merge_sort merge_sort merge_sort merge_sort merge_sort 
tail merge merge_sort merge_sort merge_sort merge_sort merge_sort merge_sort 
c merge merge_sort merge_sort merge_sort merge_sort merge_sort 
> merge merge_sort merge_sort merge_sort merge_sort merge_sort 
tail merge merge_sort merge_sort merge_sort merge_sort merge_sort 
merge_sort merge_sort merge_sort merge_sort merge_sort merge_sort merge_sort merge_sort 
> merge merge_sort merge_sort merge_sort merge_sort merge_sort merge_sort merge_sort merge_sort merge_sort merge_sort merge_sort merge_sort merge_sort merge_sort merge_sort 
tail merge merge_sort merge_sort merge_sort merge_sort merge_sort merge_sort merge_sort merge_sort merge_sort merge_sort 
stopifnot tail.default tail merge merge_sort merge_sort merge_sort merge_sort merge_sort merge_sort merge_sort merge_sort 
tail merge merge_sort merge_sort merge_sort merge_sort merge_sort merge_sort merge_sort merge_sort merge_sort merge_sort merge_sort merge_sort merge_sort 
tail merge merge_sort merge_sort merge_sort merge_sort merge_sort merge_sort merge_sort merge_sort merge_sort merge_sort merge_sort merge_sort 
tail.default tail merge merge_sort merge_sort merge_sort merge_sort merge_sort merge_sort merge_sort 
& merge merge_sort merge_sort merge_sort merge_sort merge_sort merge_sort merge_sort merge_sort merge_sort merge_sort merge_sort merge_sort merge_sort 
tail merge merge_sort merge_sort merge_sort merge_sort merge_sort merge_sort merge_sort merge_sort merge_sort merge_sort merge_sort merge_sort 
merge merge_sort merge_sort merge_sort merge_sort merge_sort merge_sort merge_sort merge_sort merge_sort merge_sort merge_sort merge_sort 
tail merge merge_sort merge_sort merge_sort merge_sort merge_sort merge_sort merge_sort merge_sort 
merge merge_sort merge_sort merge_sort merge_sort merge_sort merge_sort merge_sort merge_sort merge_sort merge_sort 
tail merge merge_sort merge_sort merge_sort merge_sort merge_sort merge_sort merge_sort merge_sort merge_sort merge_sort merge_sort merge_sort 
stopifnot tail.default tail merge merge_sort merge_sort merge_sort merge_sort merge_sort merge_sort merge_sort 
tail.default tail merge merge_sort merge_sort merge_sort merge_sort merge_sort merge_sort 
tail merge merge_sort merge_sort merge_sort merge_sort merge_sort merge_sort 
tail merge merge_sort merge_sort merge_sort merge_sort merge_sort merge_sort merge_sort merge_sort merge_sort merge_sort merge_sort merge_sort merge_sort 
> merge merge_sort merge_sort merge_sort merge_sort merge_sort merge_sort merge_sort merge_sort merge_sort merge_sort 
tail merge merge_sort merge_sort merge_sort merge_sort merge_sort merge_sort merge_sort merge_sort 
tail merge merge_sort merge_sort merge_sort merge_sort merge_sort merge_sort merge_sort merge_sort merge_sort merge_sort merge_sort merge_sort merge_sort merge_sort 
stopifnot tail.default tail merge merge_sort merge_sort merge_sort merge_sort merge_sort merge_sort merge_sort merge_sort merge_sort merge_sort merge_sort merge_sort 
sys.parent sys.call match.call stopifnot tail.default tail merge merge_sort merge_sort merge_sort merge_sort merge_sort merge_sort merge_sort 
tail.default tail merge merge_sort merge_sort merge_sort merge_sort merge_sort merge_sort merge_sort merge_sort merge_sort merge_sort merge_sort merge_sort merge_sort merge_sort merge_sort 
merge_sort merge_sort merge_sort merge_sort merge_sort merge_sort merge_sort merge_sort merge_sort merge_sort merge_sort merge_sort merge_sort merge_sort 
merge merge_sort merge_sort merge_sort merge_sort merge_sort merge_sort merge_sort merge_sort merge_sort 
merge merge_sort merge_sort merge_sort merge_sort merge_sort merge_sort merge_sort merge_sort merge_sort merge_sort 
merge merge_sort merge_sort merge_sort merge_sort merge_sort merge_sort merge_sort merge_sort merge_sort merge_sort merge_sort merge_sort merge_sort 
tail merge merge_sort merge_sort merge_sort merge_sort merge_sort merge_sort merge_sort merge_sort 
merge merge_sort merge_sort merge_sort merge_sort merge_sort merge_sort merge_sort 
- stopifnot tail.default tail merge merge_sort merge_sort merge_sort merge_sort merge_sort merge_sort 
tail merge merge_sort merge_sort merge_sort merge_sort merge_sort merge_sort 
stopifnot tail.default tail merge merge_sort merge_sort merge_sort merge_sort merge_sort 
tail.default tail merge merge_sort merge_sort merge_sort merge_sort merge_sort 
c merge merge_sort merge_sort merge_sort merge_sort merge_sort 
tail.default tail merge merge_sort merge_sort merge_sort merge_sort 
tail merge merge_sort merge_sort merge_sort merge_sort 
tail.default tail merge merge_sort merge_sort merge_sort merge_sort 
tail.default tail merge merge_sort merge_sort merge_sort merge_sort 
tail merge merge_sort merge_sort merge_sort merge_sort 
tail.default tail merge merge_sort merge_sort merge_sort merge_sort 
tail.default tail merge merge_sort merge_sort merge_sort merge_sort 
stopifnot tail.default tail merge merge_sort merge_sort merge_sort merge_sort 
stopifnot tail.default tail merge merge_sort merge_sort merge_sort merge_sort merge_sort merge_sort merge_sort merge_sort merge_sort merge_sort merge_sort merge_sort 
merge merge_sort merge_sort merge_sort merge_sort merge_sort merge_sort merge_sort merge_sort merge_sort 
tail merge merge_sort merge_sort merge_sort merge_sort merge_sort merge_sort merge_sort merge_sort merge_sort merge_sort merge_sort merge_sort 
merge merge_sort merge_sort merge_sort merge_sort merge_sort merge_sort merge_sort merge_sort merge_sort merge_sort merge_sort merge_sort merge_sort merge_sort merge_sort 
& merge merge_sort merge_sort merge_sort merge_sort merge_sort merge_sort merge_sort merge_sort merge_sort 
merge merge_sort merge_sort merge_sort merge_sort merge_sort merge_sort merge_sort merge_sort merge_sort merge_sort merge_sort merge_sort merge_sort 
tail merge merge_sort merge_sort merge_sort merge_sort merge_sort merge_sort merge_sort 
tail merge merge_sort merge_sort merge_sort merge_sort merge_sort merge_sort merge_sort merge_sort merge_sort merge_sort 
tail merge merge_sort merge_sort merge_sort merge_sort merge_sort merge_sort merge_sort merge_sort merge_sort merge_sort merge_sort merge_sort merge_sort 
sys.parent sys.call match.call stopifnot tail.default tail merge merge_sort merge_sort merge_sort merge_sort merge_sort merge_sort merge_sort merge_sort merge_sort 
tail.default tail merge merge_sort merge_sort merge_sort merge_sort merge_sort merge_sort merge_sort merge_sort merge_sort merge_sort merge_sort merge_sort merge_sort merge_sort 
tail merge merge_sort merge_sort merge_sort merge_sort merge_sort merge_sort merge_sort merge_sort merge_sort merge_sort merge_sort merge_sort merge_sort 
tail merge merge_sort merge_sort merge_sort merge_sort merge_sort merge_sort merge_sort merge_sort 
tail merge merge_sort merge_sort merge_sort merge_sort merge_sort merge_sort merge_sort 
stopifnot tail.default tail merge merge_sort merge_sort merge_sort merge_sort merge_sort merge_sort 
tail merge merge_sort merge_sort merge_sort merge_sort merge_sort merge_sort 
stopifnot tail.default tail merge merge_sort merge_sort merge_sort merge_sort merge_sort merge_sort merge_sort merge_sort merge_sort merge_sort merge_sort merge_sort merge_sort merge_sort 
tail merge merge_sort merge_sort merge_sort merge_sort merge_sort merge_sort merge_sort merge_sort merge_sort merge_sort merge_sort merge_sort merge_sort merge_sort merge_sort 
tail merge merge_sort merge_sort merge_sort merge_sort merge_sort merge_sort merge_sort merge_sort merge_sort 
merge merge_sort merge_sort merge_sort merge_sort merge_sort merge_sort merge_sort merge_sort merge_sort merge_sort merge_sort merge_sort merge_sort merge_sort 
merge merge_sort merge_sort merge_sort merge_sort merge_sort merge_sort merge_sort merge_sort merge_sort merge_sort merge_sort merge_sort merge_sort merge_sort 
> merge merge_sort merge_sort merge_sort merge_sort merge_sort merge_sort merge_sort merge_sort 
match.call stopifnot tail.default tail merge merge_sort merge_sort merge_sort merge_sort merge_sort merge_sort merge_sort 
tail merge merge_sort merge_sort merge_sort merge_sort merge_sort merge_sort merge_sort merge_sort merge_sort merge_sort merge_sort 
stopifnot tail.default tail merge merge_sort merge_sort merge_sort merge_sort merge_sort merge_sort merge_sort merge_sort merge_sort merge_sort merge_sort merge_sort 
tail merge merge_sort merge_sort merge_sort merge_sort merge_sort merge_sort merge_sort merge_sort merge_sort merge_sort merge_sort merge_sort merge_sort 
tail merge merge_sort merge_sort merge_sort merge_sort merge_sort merge_sort merge_sort merge_sort merge_sort merge_sort 
merge_sort merge_sort merge_sort merge_sort merge_sort merge_sort merge_sort merge_sort merge_sort merge_sort merge_sort merge_sort merge_sort merge_sort merge_sort 
sys.parent sys.call match.call stopifnot tail.default tail merge merge_sort merge_sort merge_sort merge_sort merge_sort merge_sort merge_sort 
stopifnot tail.default tail merge merge_sort merge_sort merge_sort merge_sort merge_sort merge_sort 
tail.default tail merge merge_sort merge_sort merge_sort merge_sort merge_sort merge_sort 
sys.parent sys.call match.call stopifnot tail.default tail merge merge_sort merge_sort merge_sort merge_sort merge_sort 
merge merge_sort merge_sort merge_sort merge_sort merge_sort 
merge merge_sort merge_sort merge_sort merge_sort merge_sort 
- stopifnot tail.default tail merge merge_sort merge_sort merge_sort merge_sort merge_sort merge_sort merge_sort merge_sort merge_sort merge_sort merge_sort merge_sort merge_sort 
tail.default tail merge merge_sort merge_sort merge_sort merge_sort merge_sort merge_sort merge_sort merge_sort merge_sort merge_sort 
> merge merge_sort merge_sort merge_sort merge_sort merge_sort merge_sort merge_sort merge_sort merge_sort merge_sort merge_sort merge_sort merge_sort 
tail merge merge_sort merge_sort merge_sort merge_sort merge_sort merge_sort merge_sort merge_sort 
tail.default tail merge merge_sort merge_sort merge_sort merge_sort merge_sort merge_sort merge_sort merge_sort merge_sort merge_sort merge_sort merge_sort merge_sort merge_sort 
merge merge_sort merge_sort merge_sort merge_sort merge_sort merge_sort merge_sort merge_sort merge_sort merge_sort merge_sort merge_sort merge_sort 
merge merge_sort merge_sort merge_sort merge_sort merge_sort merge_sort merge_sort merge_sort merge_sort 
> merge merge_sort merge_sort merge_sort merge_sort merge_sort merge_sort merge_sort 
merge merge_sort merge_sort merge_sort merge_sort merge_sort merge_sort merge_sort merge_sort merge_sort merge_sort merge_sort merge_sort merge_sort merge_sort 
tail merge merge_sort merge_sort merge_sort merge_sort merge_sort merge_sort merge_sort merge_sort merge_sort merge_sort merge_sort merge_sort merge_sort 
tail merge merge_sort merge_sort merge_sort merge_sort merge_sort merge_sort merge_sort merge_sort 
match.call stopifnot tail.default tail merge merge_sort merge_sort merge_sort merge_sort merge_sort merge_sort merge_sort merge_sort merge_sort merge_sort merge_sort merge_sort 
stopifnot tail.default tail merge merge_sort merge_sort merge_sort merge_sort merge_sort merge_sort merge_sort merge_sort merge_sort merge_sort 
| merge merge_sort merge_sort merge_sort merge_sort merge_sort merge_sort merge_sort merge_sort 
stopifnot tail.default tail merge merge_sort merge_sort merge_sort merge_sort merge_sort merge_sort 
stopifnot tail.default tail merge merge_sort merge_sort merge_sort merge_sort merge_sort merge_sort 
> merge merge_sort merge_sort merge_sort merge_sort merge_sort merge_sort merge_sort merge_sort merge_sort merge_sort merge_sort merge_sort 
stopifnot tail.default tail merge merge_sort merge_sort merge_sort merge_sort merge_sort merge_sort merge_sort merge_sort merge_sort merge_sort merge_sort merge_sort merge_sort merge_sort merge_sort 
tail.default tail merge merge_sort merge_sort merge_sort merge_sort merge_sort merge_sort merge_sort merge_sort 
merge_sort merge_sort merge_sort merge_sort merge_sort merge_sort merge_sort merge_sort merge_sort merge_sort merge_sort merge_sort merge_sort merge_sort merge_sort 
merge merge_sort merge_sort merge_sort merge_sort merge_sort merge_sort merge_sort merge_sort merge_sort merge_sort merge_sort merge_sort 
merge merge_sort merge_sort merge_sort merge_sort merge_sort merge_sort merge_sort merge_sort merge_sort 
merge merge_sort merge_sort merge_sort merge_sort merge_sort merge_sort merge_sort 
match.call stopifnot tail.default tail merge merge_sort merge_sort merge_sort merge_sort merge_sort merge_sort merge_sort merge_sort merge_sort merge_sort merge_sort merge_sort merge_sort merge_sort 
> merge merge_sort merge_sort merge_sort merge_sort merge_sort merge_sort merge_sort merge_sort merge_sort 
: merge_sort merge_sort merge_sort merge_sort merge_sort merge_sort merge_sort merge_sort merge_sort merge_sort merge_sort merge_sort 
stopifnot tail.default tail merge merge_sort merge_sort merge_sort merge_sort merge_sort merge_sort merge_sort merge_sort merge_sort merge_sort merge_sort 
stopifnot tail.default tail merge merge_sort merge_sort merge_sort merge_sort merge_sort merge_sort merge_sort merge_sort merge_sort 
tail merge merge_sort merge_sort merge_sort merge_sort merge_sort merge_sort merge_sort merge_sort merge_sort merge_sort merge_sort merge_sort 
tail.default tail merge merge_sort merge_sort merge_sort merge_sort merge_sort merge_sort merge_sort 
tail merge merge_sort merge_sort merge_sort merge_sort merge_sort merge_sort 
sys.parent sys.call match.call stopifnot tail.default tail merge merge_sort merge_sort merge_sort merge_sort merge_sort 
tail.default tail merge merge_sort merge_sort merge_sort merge_sort merge_sort 
tail merge merge_sort merge_sort merge_sort merge_sort merge_sort 
tail merge merge_sort merge_sort merge_sort merge_sort merge_sort 
tail.default tail merge merge_sort merge_sort merge_sort merge_sort 
tail.default tail merge merge_sort merge_sort merge_sort merge_sort 
merge merge_sort merge_sort merge_sort merge_sort 
tail.default tail merge merge_sort merge_sort merge_sort merge_sort 
tail.default tail merge merge_sort merge_sort merge_sort merge_sort 
stopifnot tail.default tail merge merge_sort merge_sort merge_sort merge_sort 
c merge merge_sort merge_sort merge_sort merge_sort 
tail merge merge_sort merge_sort merge_sort 
tail.default tail merge merge_sort merge_sort merge_sort 
tail.default tail merge merge_sort merge_sort merge_sort 
tail merge merge_sort merge_sort merge_sort 
> merge merge_sort merge_sort merge_sort 
tail merge merge_sort merge_sort merge_sort 
tail.default tail merge merge_sort merge_sort merge_sort 
tail merge merge_sort merge_sort merge_sort 
tail.default tail merge merge_sort merge_sort merge_sort 
merge merge_sort merge_sort merge_sort 
tail.default tail merge merge_sort merge_sort merge_sort 
tail.default tail merge merge_sort merge_sort merge_sort 
c merge merge_sort merge_sort merge_sort 
tail.default tail merge merge_sort merge_sort merge_sort 
stopifnot tail.default tail merge merge_sort merge_sort merge_sort 
tail merge merge_sort merge_sort merge_sort 
tail merge merge_sort merge_sort merge_sort 
tail.default tail merge merge_sort merge_sort merge_sort 
tail.default tail merge merge_sort merge_sort merge_sort 
tail merge merge_sort merge_sort merge_sort 
stopifnot tail.default tail merge merge_sort merge_sort merge_sort 
c merge merge_sort merge_sort merge_sort 
tail.default tail merge merge_sort merge_sort 
tail.default tail merge merge_sort merge_sort 
tail.default tail merge merge_sort merge_sort 
merge merge_sort merge_sort 
match.call stopifnot tail.default tail merge merge_sort merge_sort 
tail.default tail merge merge_sort merge_sort 
tail.default tail merge merge_sort merge_sort 
tail.default tail merge merge_sort merge_sort 
tail.default tail merge merge_sort merge_sort 
tail.default tail merge merge_sort merge_sort 
tail.default tail merge merge_sort merge_sort 
tail.default tail merge merge_sort merge_sort 
merge merge_sort merge_sort 
tail.default tail merge merge_sort merge_sort 
tail merge merge_sort merge_sort 
merge merge_sort merge_sort 
sys.call match.call stopifnot tail.default tail merge merge_sort merge_sort 
stopifnot tail.default tail merge merge_sort merge_sort 
tail.default tail merge merge_sort merge_sort 
tail.default tail merge merge_sort merge_sort 
match.call stopifnot tail.default tail merge merge_sort merge_sort 
tail.default tail merge merge_sort merge_sort 
tail.default tail merge merge_sort merge_sort 
c merge merge_sort merge_sort 
stopifnot tail.default tail merge merge_sort merge_sort 
tail.default tail merge merge_sort merge_sort 
tail.default tail merge merge_sort merge_sort 
c merge merge_sort merge_sort 
tail.default tail merge merge_sort merge_sort 
stopifnot tail.default tail merge merge_sort merge_sort 
tail.default tail merge merge_sort merge_sort 
c merge merge_sort merge_sort 
| merge merge_sort merge_sort 
tail merge merge_sort merge_sort 
tail.default tail merge merge_sort merge_sort 
tail.default tail merge merge_sort merge_sort 
c merge merge_sort merge_sort 
tail.default tail merge merge_sort merge_sort 
c merge merge_sort merge_sort 
tail.default tail merge merge_sort merge_sort 
stopifnot tail.default tail merge merge_sort merge_sort 
tail.default tail merge merge_sort merge_sort 
tail.default tail merge merge_sort merge_sort 
tail.default tail merge merge_sort merge_sort 
tail merge merge_sort merge_sort 
merge merge_sort merge_sort 
merge merge_sort merge_sort 
tail.default tail merge merge_sort merge_sort 
c merge merge_sort merge_sort 
c merge merge_sort merge_sort 
sys.parent sys.call match.call stopifnot tail.default tail merge merge_sort merge_sort 
tail merge merge_sort merge_sort 
merge merge_sort merge_sort 
tail.default tail merge merge_sort merge_sort 
merge merge_sort merge_sort 
c merge merge_sort merge_sort 
c merge merge_sort merge_sort 
stopifnot tail.default tail merge merge_sort merge_sort 
tail merge merge_sort merge_sort 
tail.default tail merge merge_sort 
tail.default tail merge merge_sort 
tail.default tail merge merge_sort 
tail.default tail merge merge_sort 
tail.default tail merge merge_sort 
tail.default tail merge merge_sort 
tail.default tail merge merge_sort 
tail.default tail merge merge_sort 
tail.default tail merge merge_sort 
stopifnot tail.default tail merge merge_sort 
match.call stopifnot tail.default tail merge merge_sort 
tail.default tail merge merge_sort 
tail.default tail merge merge_sort 
tail.default tail merge merge_sort 
tail.default tail merge merge_sort 
tail.default tail merge merge_sort 
tail.default tail merge merge_sort 
tail merge merge_sort 
tail.default tail merge merge_sort 
tail.default tail merge merge_sort 
tail.default tail merge merge_sort 
tail.default tail merge merge_sort 
tail.default tail merge merge_sort 
tail.default tail merge merge_sort 
tail.default tail merge merge_sort 
tail.default tail merge merge_sort 
tail.default tail merge merge_sort 
tail.default tail merge merge_sort 
tail.default tail merge merge_sort 
tail.default tail merge merge_sort 
tail.default tail merge merge_sort 
tail.default tail merge merge_sort 
tail.default tail merge merge_sort 
tail.default tail merge merge_sort 
tail.default tail merge merge_sort 
tail.default tail merge merge_sort 
merge merge_sort 
tail.default tail merge merge_sort 
tail.default tail merge merge_sort 
tail.default tail merge merge_sort 
tail.default tail merge merge_sort 
tail.default tail merge merge_sort 
tail.default tail merge merge_sort 
tail merge merge_sort 
tail.default tail merge merge_sort 
tail.default tail merge merge_sort 
tail.default tail merge merge_sort 
tail.default tail merge merge_sort 
tail.default tail merge merge_sort 
tail.default tail merge merge_sort 
tail.default tail merge merge_sort 
tail.default tail merge merge_sort 
tail.default tail merge merge_sort 
merge merge_sort 
tail.default tail merge merge_sort 
tail.default tail merge merge_sort 
tail.default tail merge merge_sort 
tail.default tail merge merge_sort 
tail.default tail merge merge_sort 
tail merge merge_sort 
tail.default tail merge merge_sort 
tail.default tail merge merge_sort 
tail.default tail merge merge_sort 
tail merge merge_sort 
tail.default tail merge merge_sort 
tail.default tail merge merge_sort 
tail.default tail merge merge_sort 
tail.default tail merge merge_sort 
merge merge_sort 
merge merge_sort 
tail.default tail merge merge_sort 
tail.default tail merge merge_sort 
tail.default tail merge merge_sort 
tail.default tail merge merge_sort 
tail.default tail merge merge_sort 
tail.default tail merge merge_sort 
tail.default tail merge merge_sort 
tail.default tail merge merge_sort 
c merge merge_sort 
merge merge_sort 
tail.default tail merge merge_sort 
tail.default tail merge merge_sort 
c merge merge_sort 
tail.default tail merge merge_sort 
tail.default tail merge merge_sort 
tail.default tail merge merge_sort 
c merge merge_sort 
tail.default tail merge merge_sort 
c merge merge_sort 
tail.default tail merge merge_sort 
tail.default tail merge merge_sort 
stopifnot tail.default tail merge merge_sort 
tail.default tail merge merge_sort 
tail.default tail merge merge_sort 
tail.default tail merge merge_sort 
tail.default tail merge merge_sort 
tail.default tail merge merge_sort 
tail.default tail merge merge_sort 
c merge merge_sort 
sys.call match.call stopifnot tail.default tail merge merge_sort 
tail.default tail merge merge_sort 
c merge merge_sort 
tail.default tail merge merge_sort 
match.call stopifnot tail.default tail merge merge_sort 
tail.default tail merge merge_sort 
tail.default tail merge merge_sort 
tail.default tail merge merge_sort 
tail.default tail merge merge_sort 
merge merge_sort 
tail merge merge_sort 
tail.default tail merge merge_sort 
tail.default tail merge merge_sort 
c merge merge_sort 
c merge merge_sort 
c merge merge_sort 
tail.default tail merge merge_sort 
c merge merge_sort 
tail.default tail merge merge_sort 
c merge merge_sort 
merge merge_sort 
tail.default tail merge merge_sort 
tail.default tail merge merge_sort 
c merge merge_sort 
tail.default tail merge merge_sort 
tail.default tail merge merge_sort 
match.call stopifnot tail.default tail merge merge_sort 
merge merge_sort 
tail merge merge_sort 
merge merge_sort 
tail.default tail merge merge_sort 
tail.default tail merge merge_sort 
tail.default tail merge merge_sort 
tail.default tail merge merge_sort 
tail.default tail merge merge_sort 
tail.default tail merge merge_sort 
c merge merge_sort 
tail.default tail merge merge_sort 
tail.default tail merge merge_sort 
tail.default tail merge merge_sort 
tail.default tail merge merge_sort 
tail.default tail merge merge_sort 
tail.default tail merge merge_sort 
tail.default tail merge merge_sort 
tail merge merge_sort 
tail.default tail merge merge_sort 
tail.default tail merge merge_sort 
tail.default tail merge merge_sort 
c merge merge_sort 
tail.default tail merge merge_sort 
tail merge merge_sort 
match.call stopifnot tail.default tail merge merge_sort 
tail.default tail merge merge_sort 
c merge merge_sort 
tail.default tail merge merge_sort 
tail merge merge_sort 
stopifnot tail.default tail merge merge_sort 
tail merge merge_sort 
tail.default tail merge merge_sort 
tail.default tail merge merge_sort 
tail merge merge_sort 
tail.default tail merge merge_sort 
c merge merge_sort 
c merge merge_sort 
tail.default tail merge merge_sort 
stopifnot tail.default tail merge merge_sort 
stopifnot tail.default tail merge merge_sort 
c merge merge_sort 
c merge merge_sort 
sys.call match.call stopifnot tail.default tail merge merge_sort 
tail.default tail merge merge_sort 
c merge merge_sort 
c merge merge_sort 
tail.default tail merge merge_sort 
tail.default tail merge merge_sort 
c merge merge_sort 
match.call stopifnot tail.default tail merge merge_sort 
stopifnot tail.default tail merge merge_sort 
c merge merge_sort 
tail merge merge_sort 
> merge merge_sort 
tail.default tail merge merge_sort 
c merge merge_sort 
tail merge merge_sort 
