sample.interval=20000
c merge_sort4 
c merge_sort4 
c merge_sort4 
c merge_sort4 
c merge_sort4 
c merge_sort4 
c merge_sort4 
c merge_sort4 
c merge_sort4 
c merge_sort4 
c merge_sort4 
c merge_sort4 
c merge_sort4 
c merge_sort4 
c merge_sort4 
c merge_sort4 
c merge_sort4 
c merge_sort4 
c merge_sort4 merge_sort4 
c merge_sort4 merge_sort4 
c merge_sort4 merge_sort4 
c merge_sort4 merge_sort4 
c merge_sort4 merge_sort4 merge_sort4 
merge_sort4 merge_sort4 merge_sort4 merge_sort4 merge_sort4 merge_sort4 merge_sort4 merge_sort4 merge_sort4 merge_sort4 merge_sort4 merge_sort4 merge_sort4 merge_sort4 merge_sort4 
merge_sort4 merge_sort4 merge_sort4 merge_sort4 merge_sort4 merge_sort4 merge_sort4 merge_sort4 
merge_sort4 merge_sort4 merge_sort4 merge_sort4 merge_sort4 merge_sort4 merge_sort4 merge_sort4 merge_sort4 merge_sort4 merge_sort4 merge_sort4 merge_sort4 
merge_sort4 merge_sort4 merge_sort4 merge_sort4 merge_sort4 merge_sort4 merge_sort4 merge_sort4 merge_sort4 merge_sort4 merge_sort4 merge_sort4 merge_sort4 merge_sort4 
ms4 merge_sort4 merge_sort4 merge_sort4 merge_sort4 merge_sort4 merge_sort4 merge_sort4 merge_sort4 merge_sort4 
ms4 merge_sort4 merge_sort4 merge_sort4 merge_sort4 merge_sort4 merge_sort4 
ms4 merge_sort4 merge_sort4 merge_sort4 merge_sort4 merge_sort4 merge_sort4 merge_sort4 merge_sort4 merge_sort4 merge_sort4 
length merge_sort4 merge_sort4 merge_sort4 merge_sort4 merge_sort4 merge_sort4 merge_sort4 merge_sort4 merge_sort4 merge_sort4 merge_sort4 merge_sort4 merge_sort4 merge_sort4 
ms4 merge_sort4 merge_sort4 merge_sort4 merge_sort4 merge_sort4 merge_sort4 
ms4 merge_sort4 merge_sort4 merge_sort4 merge_sort4 merge_sort4 merge_sort4 merge_sort4 merge_sort4 merge_sort4 merge_sort4 
+ merge_sort4 merge_sort4 merge_sort4 merge_sort4 merge_sort4 merge_sort4 merge_sort4 merge_sort4 merge_sort4 merge_sort4 merge_sort4 
ms4 merge_sort4 merge_sort4 merge_sort4 merge_sort4 merge_sort4 
ms4 merge_sort4 merge_sort4 merge_sort4 merge_sort4 
ms4 merge_sort4 merge_sort4 merge_sort4 merge_sort4 
merge_sort4 merge_sort4 merge_sort4 merge_sort4 merge_sort4 merge_sort4 merge_sort4 merge_sort4 merge_sort4 merge_sort4 merge_sort4 
merge_sort4 merge_sort4 merge_sort4 merge_sort4 merge_sort4 merge_sort4 merge_sort4 merge_sort4 merge_sort4 merge_sort4 merge_sort4 merge_sort4 merge_sort4 merge_sort4 
ms4 merge_sort4 merge_sort4 merge_sort4 merge_sort4 merge_sort4 merge_sort4 
merge_sort4 merge_sort4 merge_sort4 merge_sort4 merge_sort4 merge_sort4 merge_sort4 merge_sort4 merge_sort4 merge_sort4 merge_sort4 merge_sort4 merge_sort4 merge_sort4 merge_sort4 merge_sort4 
ms4 merge_sort4 merge_sort4 merge_sort4 merge_sort4 merge_sort4 merge_sort4 merge_sort4 merge_sort4 
ms4 merge_sort4 merge_sort4 merge_sort4 merge_sort4 merge_sort4 
ms4 merge_sort4 merge_sort4 merge_sort4 merge_sort4 merge_sort4 merge_sort4 merge_sort4 merge_sort4 
ms4 merge_sort4 merge_sort4 merge_sort4 merge_sort4 merge_sort4 merge_sort4 merge_sort4 merge_sort4 merge_sort4 merge_sort4 merge_sort4 merge_sort4 merge_sort4 
merge_sort4 merge_sort4 merge_sort4 merge_sort4 merge_sort4 merge_sort4 
ms4 merge_sort4 merge_sort4 merge_sort4 merge_sort4 merge_sort4 merge_sort4 merge_sort4 merge_sort4 
ms4 merge_sort4 merge_sort4 merge_sort4 merge_sort4 merge_sort4 merge_sort4 merge_sort4 merge_sort4 merge_sort4 merge_sort4 
ms4 merge_sort4 merge_sort4 merge_sort4 merge_sort4 merge_sort4 
ms4 merge_sort4 merge_sort4 merge_sort4 merge_sort4 
ms4 merge_sort4 merge_sort4 merge_sort4 
ms4 merge_sort4 merge_sort4 merge_sort4 
ms4 merge_sort4 merge_sort4 merge_sort4 
ms4 merge_sort4 merge_sort4 merge_sort4 
ms4 merge_sort4 merge_sort4 merge_sort4 
ms4 merge_sort4 merge_sort4 merge_sort4 
ms4 merge_sort4 merge_sort4 merge_sort4 
ms4 merge_sort4 merge_sort4 merge_sort4 
merge_sort4 merge_sort4 merge_sort4 
merge_sort4 merge_sort4 merge_sort4 merge_sort4 merge_sort4 merge_sort4 merge_sort4 merge_sort4 merge_sort4 merge_sort4 merge_sort4 merge_sort4 
ms4 merge_sort4 merge_sort4 merge_sort4 merge_sort4 merge_sort4 merge_sort4 merge_sort4 merge_sort4 merge_sort4 merge_sort4 merge_sort4 merge_sort4 merge_sort4 merge_sort4 
ms4 merge_sort4 merge_sort4 merge_sort4 merge_sort4 merge_sort4 merge_sort4 
ms4 merge_sort4 merge_sort4 merge_sort4 merge_sort4 merge_sort4 merge_sort4 merge_sort4 merge_sort4 merge_sort4 
ms4 merge_sort4 merge_sort4 merge_sort4 merge_sort4 merge_sort4 merge_sort4 merge_sort4 merge_sort4 merge_sort4 merge_sort4 merge_sort4 merge_sort4 merge_sort4 merge_sort4 merge_sort4 
ms4 merge_sort4 merge_sort4 merge_sort4 merge_sort4 merge_sort4 
ms4 merge_sort4 merge_sort4 merge_sort4 merge_sort4 merge_sort4 merge_sort4 merge_sort4 merge_sort4 merge_sort4 merge_sort4 merge_sort4 merge_sort4 
merge_sort4 merge_sort4 merge_sort4 merge_sort4 merge_sort4 merge_sort4 merge_sort4 merge_sort4 merge_sort4 merge_sort4 merge_sort4 merge_sort4 merge_sort4 
ms4 merge_sort4 merge_sort4 merge_sort4 merge_sort4 merge_sort4 merge_sort4 
ms4 merge_sort4 merge_sort4 merge_sort4 merge_sort4 merge_sort4 merge_sort4 merge_sort4 merge_sort4 merge_sort4 merge_sort4 merge_sort4 merge_sort4 merge_sort4 merge_sort4 
ms4 merge_sort4 merge_sort4 merge_sort4 merge_sort4 merge_sort4 merge_sort4 merge_sort4 merge_sort4 merge_sort4 
ms4 merge_sort4 merge_sort4 merge_sort4 merge_sort4 merge_sort4 
ms4 merge_sort4 merge_sort4 merge_sort4 merge_sort4 
ms4 merge_sort4 merge_sort4 merge_sort4 merge_sort4 
merge_sort4 merge_sort4 merge_sort4 merge_sort4 merge_sort4 
c merge_sort4 merge_sort4 merge_sort4 merge_sort4 merge_sort4 merge_sort4 merge_sort4 merge_sort4 merge_sort4 merge_sort4 merge_sort4 merge_sort4 merge_sort4 merge_sort4 
ms4 merge_sort4 merge_sort4 merge_sort4 merge_sort4 merge_sort4 merge_sort4 merge_sort4 merge_sort4 merge_sort4 
ms4 merge_sort4 merge_sort4 merge_sort4 merge_sort4 merge_sort4 merge_sort4 merge_sort4 merge_sort4 merge_sort4 merge_sort4 merge_sort4 
ms4 merge_sort4 merge_sort4 merge_sort4 merge_sort4 merge_sort4 merge_sort4 merge_sort4 merge_sort4 merge_sort4 merge_sort4 merge_sort4 merge_sort4 merge_sort4 merge_sort4 
ms4 merge_sort4 merge_sort4 merge_sort4 merge_sort4 merge_sort4 merge_sort4 
ms4 merge_sort4 merge_sort4 merge_sort4 merge_sort4 merge_sort4 merge_sort4 merge_sort4 merge_sort4 merge_sort4 merge_sort4 
ms4 merge_sort4 merge_sort4 merge_sort4 merge_sort4 merge_sort4 merge_sort4 merge_sort4 
ms4 merge_sort4 merge_sort4 merge_sort4 merge_sort4 merge_sort4 merge_sort4 merge_sort4 merge_sort4 merge_sort4 
merge_sort4 merge_sort4 merge_sort4 merge_sort4 merge_sort4 merge_sort4 merge_sort4 merge_sort4 merge_sort4 merge_sort4 merge_sort4 merge_sort4 merge_sort4 merge_sort4 merge_sort4 
c merge_sort4 merge_sort4 merge_sort4 merge_sort4 merge_sort4 merge_sort4 merge_sort4 merge_sort4 merge_sort4 merge_sort4 merge_sort4 merge_sort4 merge_sort4 merge_sort4 
ms4 merge_sort4 merge_sort4 merge_sort4 merge_sort4 merge_sort4 merge_sort4 
ms4 merge_sort4 merge_sort4 merge_sort4 merge_sort4 
ms4 merge_sort4 merge_sort4 merge_sort4 merge_sort4 
ms4 merge_sort4 merge_sort4 merge_sort4 
ms4 merge_sort4 merge_sort4 merge_sort4 
ms4 merge_sort4 merge_sort4 merge_sort4 
ms4 merge_sort4 merge_sort4 merge_sort4 
ms4 merge_sort4 merge_sort4 merge_sort4 
ms4 merge_sort4 merge_sort4 merge_sort4 
ms4 merge_sort4 merge_sort4 merge_sort4 
ms4 merge_sort4 merge_sort4 
ms4 merge_sort4 merge_sort4 
ms4 merge_sort4 merge_sort4 
ms4 merge_sort4 merge_sort4 
ms4 merge_sort4 merge_sort4 
ms4 merge_sort4 merge_sort4 
ms4 merge_sort4 merge_sort4 
ms4 merge_sort4 merge_sort4 
ms4 merge_sort4 merge_sort4 
ms4 merge_sort4 merge_sort4 
ms4 merge_sort4 merge_sort4 
ms4 merge_sort4 merge_sort4 
ms4 merge_sort4 merge_sort4 
ms4 merge_sort4 merge_sort4 
ms4 merge_sort4 merge_sort4 
ms4 merge_sort4 merge_sort4 
ms4 merge_sort4 merge_sort4 
ms4 merge_sort4 merge_sort4 
ms4 merge_sort4 merge_sort4 
ms4 merge_sort4 merge_sort4 
ms4 merge_sort4 merge_sort4 
ms4 merge_sort4 merge_sort4 
ms4 merge_sort4 merge_sort4 
ms4 merge_sort4 merge_sort4 
ms4 merge_sort4 merge_sort4 
ms4 merge_sort4 merge_sort4 
ms4 merge_sort4 merge_sort4 
ms4 merge_sort4 merge_sort4 
c merge_sort4 merge_sort4 
c merge_sort4 merge_sort4 
c merge_sort4 merge_sort4 
c merge_sort4 merge_sort4 
c merge_sort4 merge_sort4 merge_sort4 
c merge_sort4 merge_sort4 merge_sort4 merge_sort4 merge_sort4 
ms4 merge_sort4 merge_sort4 merge_sort4 merge_sort4 merge_sort4 merge_sort4 merge_sort4 merge_sort4 merge_sort4 merge_sort4 merge_sort4 merge_sort4 merge_sort4 merge_sort4 
merge_sort4 merge_sort4 merge_sort4 merge_sort4 merge_sort4 merge_sort4 merge_sort4 merge_sort4 merge_sort4 merge_sort4 merge_sort4 merge_sort4 merge_sort4 merge_sort4 merge_sort4 
ms4 merge_sort4 merge_sort4 merge_sort4 merge_sort4 merge_sort4 merge_sort4 merge_sort4 merge_sort4 merge_sort4 merge_sort4 merge_sort4 merge_sort4 merge_sort4 merge_sort4 
ms4 merge_sort4 merge_sort4 merge_sort4 merge_sort4 merge_sort4 merge_sort4 merge_sort4 merge_sort4 merge_sort4 merge_sort4 merge_sort4 merge_sort4 merge_sort4 
ms4 merge_sort4 merge_sort4 merge_sort4 merge_sort4 merge_sort4 merge_sort4 
ms4 merge_sort4 merge_sort4 merge_sort4 merge_sort4 merge_sort4 merge_sort4 merge_sort4 merge_sort4 merge_sort4 merge_sort4 merge_sort4 merge_sort4 merge_sort4 merge_sort4 merge_sort4 
ms4 merge_sort4 merge_sort4 merge_sort4 merge_sort4 merge_sort4 merge_sort4 merge_sort4 
ms4 merge_sort4 merge_sort4 merge_sort4 merge_sort4 merge_sort4 merge_sort4 merge_sort4 merge_sort4 merge_sort4 merge_sort4 merge_sort4 merge_sort4 
c merge_sort4 merge_sort4 merge_sort4 merge_sort4 merge_sort4 merge_sort4 merge_sort4 merge_sort4 merge_sort4 merge_sort4 merge_sort4 
merge_sort4 merge_sort4 merge_sort4 merge_sort4 merge_sort4 merge_sort4 merge_sort4 merge_sort4 
ms4 merge_sort4 merge_sort4 merge_sort4 merge_sort4 merge_sort4 
ms4 merge_sort4 merge_sort4 merge_sort4 merge_sort4 
ms4 merge_sort4 merge_sort4 merge_sort4 merge_sort4 
c merge_sort4 merge_sort4 merge_sort4 merge_sort4 merge_sort4 
merge_sort4 merge_sort4 merge_sort4 merge_sort4 merge_sort4 merge_sort4 merge_sort4 merge_sort4 merge_sort4 merge_sort4 merge_sort4 merge_sort4 merge_sort4 merge_sort4 merge_sort4 merge_sort4 
ms4 merge_sort4 merge_sort4 merge_sort4 merge_sort4 merge_sort4 merge_sort4 merge_sort4 merge_sort4 merge_sort4 merge_sort4 merge_sort4 merge_sort4 merge_sort4 merge_sort4 merge_sort4 
ms4 merge_sort4 merge_sort4 merge_sort4 merge_sort4 merge_sort4 merge_sort4 merge_sort4 merge_sort4 merge_sort4 merge_sort4 merge_sort4 merge_sort4 merge_sort4 
merge_sort4 merge_sort4 merge_sort4 merge_sort4 merge_sort4 merge_sort4 merge_sort4 merge_sort4 merge_sort4 merge_sort4 merge_sort4 
merge_sort4 merge_sort4 merge_sort4 merge_sort4 merge_sort4 merge_sort4 merge_sort4 merge_sort4 merge_sort4 merge_sort4 merge_sort4 merge_sort4 merge_sort4 merge_sort4 
ms4 merge_sort4 merge_sort4 merge_sort4 merge_sort4 merge_sort4 
length ms4 merge_sort4 merge_sort4 merge_sort4 merge_sort4 merge_sort4 merge_sort4 merge_sort4 merge_sort4 merge_sort4 merge_sort4 merge_sort4 merge_sort4 merge_sort4 merge_sort4 merge_sort4 
ms4 merge_sort4 merge_sort4 merge_sort4 merge_sort4 merge_sort4 merge_sort4 merge_sort4 merge_sort4 merge_sort4 
ms4 merge_sort4 merge_sort4 merge_sort4 merge_sort4 merge_sort4 merge_sort4 merge_sort4 
ms4 merge_sort4 merge_sort4 merge_sort4 merge_sort4 merge_sort4 merge_sort4 merge_sort4 merge_sort4 merge_sort4 merge_sort4 merge_sort4 
ms4 merge_sort4 merge_sort4 merge_sort4 merge_sort4 merge_sort4 merge_sort4 merge_sort4 merge_sort4 merge_sort4 merge_sort4 merge_sort4 merge_sort4 merge_sort4 merge_sort4 
ms4 merge_sort4 merge_sort4 merge_sort4 merge_sort4 merge_sort4 
ms4 merge_sort4 merge_sort4 merge_sort4 merge_sort4 
ms4 merge_sort4 merge_sort4 merge_sort4 merge_sort4 
ms4 merge_sort4 merge_sort4 merge_sort4 
ms4 merge_sort4 merge_sort4 merge_sort4 
ms4 merge_sort4 merge_sort4 merge_sort4 
ms4 merge_sort4 merge_sort4 merge_sort4 
ms4 merge_sort4 merge_sort4 merge_sort4 
ms4 merge_sort4 merge_sort4 merge_sort4 
ms4 merge_sort4 merge_sort4 merge_sort4 
c merge_sort4 merge_sort4 merge_sort4 
c merge_sort4 merge_sort4 merge_sort4 merge_sort4 
ms4 merge_sort4 merge_sort4 merge_sort4 merge_sort4 merge_sort4 merge_sort4 merge_sort4 merge_sort4 merge_sort4 merge_sort4 
merge_sort4 merge_sort4 merge_sort4 merge_sort4 merge_sort4 merge_sort4 merge_sort4 merge_sort4 merge_sort4 merge_sort4 merge_sort4 merge_sort4 merge_sort4 merge_sort4 merge_sort4 
ms4 merge_sort4 merge_sort4 merge_sort4 merge_sort4 merge_sort4 merge_sort4 merge_sort4 merge_sort4 merge_sort4 merge_sort4 merge_sort4 merge_sort4 
ms4 merge_sort4 merge_sort4 merge_sort4 merge_sort4 merge_sort4 merge_sort4 merge_sort4 merge_sort4 merge_sort4 merge_sort4 merge_sort4 
: merge_sort4 merge_sort4 merge_sort4 merge_sort4 merge_sort4 merge_sort4 merge_sort4 merge_sort4 merge_sort4 merge_sort4 merge_sort4 merge_sort4 merge_sort4 merge_sort4 
c merge_sort4 merge_sort4 merge_sort4 merge_sort4 merge_sort4 
ms4 merge_sort4 merge_sort4 merge_sort4 merge_sort4 merge_sort4 merge_sort4 merge_sort4 merge_sort4 merge_sort4 
merge_sort4 merge_sort4 merge_sort4 merge_sort4 merge_sort4 merge_sort4 merge_sort4 merge_sort4 merge_sort4 merge_sort4 merge_sort4 merge_sort4 merge_sort4 merge_sort4 merge_sort4 merge_sort4 
merge_sort4 merge_sort4 merge_sort4 merge_sort4 merge_sort4 merge_sort4 merge_sort4 merge_sort4 merge_sort4 merge_sort4 merge_sort4 merge_sort4 merge_sort4 merge_sort4 
merge_sort4 merge_sort4 merge_sort4 merge_sort4 merge_sort4 merge_sort4 merge_sort4 merge_sort4 merge_sort4 merge_sort4 merge_sort4 merge_sort4 merge_sort4 merge_sort4 
ms4 merge_sort4 merge_sort4 merge_sort4 merge_sort4 merge_sort4 merge_sort4 
ms4 merge_sort4 merge_sort4 merge_sort4 merge_sort4 
ms4 merge_sort4 merge_sort4 merge_sort4 merge_sort4 
merge_sort4 merge_sort4 merge_sort4 merge_sort4 
merge_sort4 merge_sort4 merge_sort4 merge_sort4 merge_sort4 merge_sort4 merge_sort4 merge_sort4 merge_sort4 merge_sort4 merge_sort4 merge_sort4 merge_sort4 
merge_sort4 merge_sort4 merge_sort4 merge_sort4 merge_sort4 merge_sort4 merge_sort4 merge_sort4 merge_sort4 merge_sort4 merge_sort4 merge_sort4 merge_sort4 merge_sort4 
ms4 merge_sort4 merge_sort4 merge_sort4 merge_sort4 merge_sort4 merge_sort4 merge_sort4 merge_sort4 merge_sort4 
ms4 merge_sort4 merge_sort4 merge_sort4 merge_sort4 merge_sort4 merge_sort4 merge_sort4 merge_sort4 merge_sort4 merge_sort4 merge_sort4 merge_sort4 merge_sort4 merge_sort4 
ms4 merge_sort4 merge_sort4 merge_sort4 merge_sort4 merge_sort4 merge_sort4 
c merge_sort4 merge_sort4 merge_sort4 merge_sort4 merge_sort4 merge_sort4 
ms4 merge_sort4 merge_sort4 merge_sort4 merge_sort4 merge_sort4 merge_sort4 merge_sort4 merge_sort4 
ms4 merge_sort4 merge_sort4 merge_sort4 merge_sort4 merge_sort4 merge_sort4 merge_sort4 merge_sort4 merge_sort4 merge_sort4 merge_sort4 
merge_sort4 merge_sort4 merge_sort4 merge_sort4 merge_sort4 merge_sort4 merge_sort4 merge_sort4 merge_sort4 
floor merge_sort4 merge_sort4 merge_sort4 merge_sort4 merge_sort4 merge_sort4 merge_sort4 merge_sort4 merge_sort4 merge_sort4 merge_sort4 merge_sort4 merge_sort4 merge_sort4 
ms4 merge_sort4 merge_sort4 merge_sort4 merge_sort4 merge_sort4 
ms4 merge_sort4 merge_sort4 merge_sort4 merge_sort4 
ms4 merge_sort4 merge_sort4 merge_sort4 merge_sort4 
ms4 merge_sort4 merge_sort4 merge_sort4 
ms4 merge_sort4 merge_sort4 merge_sort4 
ms4 merge_sort4 merge_sort4 merge_sort4 
ms4 merge_sort4 merge_sort4 merge_sort4 
ms4 merge_sort4 merge_sort4 merge_sort4 
ms4 merge_sort4 merge_sort4 merge_sort4 
ms4 merge_sort4 merge_sort4 merge_sort4 
ms4 merge_sort4 merge_sort4 
ms4 merge_sort4 merge_sort4 
ms4 merge_sort4 merge_sort4 
ms4 merge_sort4 merge_sort4 
ms4 merge_sort4 merge_sort4 
ms4 merge_sort4 merge_sort4 
ms4 merge_sort4 merge_sort4 
ms4 merge_sort4 merge_sort4 
ms4 merge_sort4 merge_sort4 
ms4 merge_sort4 merge_sort4 
ms4 merge_sort4 merge_sort4 
ms4 merge_sort4 merge_sort4 
ms4 merge_sort4 merge_sort4 
ms4 merge_sort4 merge_sort4 
ms4 merge_sort4 merge_sort4 
ms4 merge_sort4 merge_sort4 
ms4 merge_sort4 merge_sort4 
ms4 merge_sort4 merge_sort4 
ms4 merge_sort4 merge_sort4 
ms4 merge_sort4 merge_sort4 
ms4 merge_sort4 merge_sort4 
ms4 merge_sort4 merge_sort4 
ms4 merge_sort4 merge_sort4 
ms4 merge_sort4 merge_sort4 
ms4 merge_sort4 merge_sort4 
ms4 merge_sort4 merge_sort4 
ms4 merge_sort4 merge_sort4 
ms4 merge_sort4 
ms4 merge_sort4 
ms4 merge_sort4 
ms4 merge_sort4 
ms4 merge_sort4 
ms4 merge_sort4 
ms4 merge_sort4 
ms4 merge_sort4 
ms4 merge_sort4 
ms4 merge_sort4 
ms4 merge_sort4 
ms4 merge_sort4 
ms4 merge_sort4 
ms4 merge_sort4 
ms4 merge_sort4 
ms4 merge_sort4 
ms4 merge_sort4 
ms4 merge_sort4 
ms4 merge_sort4 
ms4 merge_sort4 
ms4 merge_sort4 
ms4 merge_sort4 
ms4 merge_sort4 
ms4 merge_sort4 
ms4 merge_sort4 
ms4 merge_sort4 
ms4 merge_sort4 
ms4 merge_sort4 
ms4 merge_sort4 
ms4 merge_sort4 
ms4 merge_sort4 
ms4 merge_sort4 
ms4 merge_sort4 
ms4 merge_sort4 
ms4 merge_sort4 
ms4 merge_sort4 
ms4 merge_sort4 
ms4 merge_sort4 
ms4 merge_sort4 
ms4 merge_sort4 
ms4 merge_sort4 
ms4 merge_sort4 
ms4 merge_sort4 
ms4 merge_sort4 
ms4 merge_sort4 
ms4 merge_sort4 
ms4 merge_sort4 
ms4 merge_sort4 
ms4 merge_sort4 
ms4 merge_sort4 
ms4 merge_sort4 
ms4 merge_sort4 
ms4 merge_sort4 
ms4 merge_sort4 
ms4 merge_sort4 
ms4 merge_sort4 
ms4 merge_sort4 
ms4 merge_sort4 
ms4 merge_sort4 
ms4 merge_sort4 
ms4 merge_sort4 
ms4 merge_sort4 
ms4 merge_sort4 
ms4 merge_sort4 
ms4 merge_sort4 
ms4 merge_sort4 
ms4 merge_sort4 
ms4 merge_sort4 
ms4 merge_sort4 
ms4 merge_sort4 
ms4 merge_sort4 
ms4 merge_sort4 
ms4 merge_sort4 
ms4 merge_sort4 
ms4 merge_sort4 
ms4 merge_sort4 
ms4 merge_sort4 
ms4 merge_sort4 
ms4 merge_sort4 
ms4 merge_sort4 
ms4 merge_sort4 
ms4 merge_sort4 
ms4 merge_sort4 
ms4 merge_sort4 
ms4 merge_sort4 
ms4 merge_sort4 
ms4 merge_sort4 
ms4 merge_sort4 
ms4 merge_sort4 
ms4 merge_sort4 
ms4 merge_sort4 
ms4 merge_sort4 
ms4 merge_sort4 
ms4 merge_sort4 
ms4 merge_sort4 
ms4 merge_sort4 
ms4 merge_sort4 
ms4 merge_sort4 
