sample.interval=20000
c merge_sort3 
c merge_sort3 
c merge_sort3 
merge_sort3 
c merge_sort3 
c merge_sort3 
c merge_sort3 
c merge_sort3 
c merge_sort3 
c merge_sort3 
c merge_sort3 
c merge_sort3 
c merge_sort3 
c merge_sort3 
c merge_sort3 
c merge_sort3 
merge_sort3 merge_sort3 
c merge_sort3 merge_sort3 
c merge_sort3 merge_sort3 
c merge_sort3 merge_sort3 
c merge_sort3 merge_sort3 
c merge_sort3 merge_sort3 merge_sort3 
c merge_sort3 merge_sort3 merge_sort3 merge_sort3 
merge3 merge_sort3 merge_sort3 merge_sort3 merge_sort3 merge_sort3 merge_sort3 merge_sort3 merge_sort3 merge_sort3 merge_sort3 
merge3 merge_sort3 merge_sort3 merge_sort3 merge_sort3 merge_sort3 merge_sort3 merge_sort3 merge_sort3 merge_sort3 merge_sort3 merge_sort3 merge_sort3 
merge_sort3 merge_sort3 merge_sort3 merge_sort3 merge_sort3 merge_sort3 merge_sort3 merge_sort3 merge_sort3 merge_sort3 
merge3 merge_sort3 merge_sort3 merge_sort3 merge_sort3 merge_sort3 merge_sort3 merge_sort3 merge_sort3 
> merge3 merge_sort3 merge_sort3 merge_sort3 merge_sort3 merge_sort3 merge_sort3 merge_sort3 merge_sort3 merge_sort3 merge_sort3 merge_sort3 merge_sort3 
merge3 merge_sort3 merge_sort3 merge_sort3 merge_sort3 merge_sort3 merge_sort3 
merge3 merge_sort3 merge_sort3 merge_sort3 merge_sort3 merge_sort3 merge_sort3 merge_sort3 merge_sort3 merge_sort3 
merge3 merge_sort3 merge_sort3 merge_sort3 merge_sort3 merge_sort3 merge_sort3 merge_sort3 merge_sort3 merge_sort3 merge_sort3 merge_sort3 merge_sort3 
merge3 merge_sort3 merge_sort3 merge_sort3 merge_sort3 merge_sort3 merge_sort3 merge_sort3 merge_sort3 merge_sort3 merge_sort3 
merge3 merge_sort3 merge_sort3 merge_sort3 merge_sort3 merge_sort3 merge_sort3 merge_sort3 merge_sort3 merge_sort3 merge_sort3 merge_sort3 merge_sort3 merge_sort3 
merge3 merge_sort3 merge_sort3 merge_sort3 merge_sort3 merge_sort3 merge_sort3 merge_sort3 merge_sort3 merge_sort3 merge_sort3 merge_sort3 merge_sort3 merge_sort3 
> merge3 merge_sort3 merge_sort3 merge_sort3 merge_sort3 merge_sort3 merge_sort3 merge_sort3 merge_sort3 merge_sort3 merge_sort3 merge_sort3 merge_sort3 merge_sort3 merge_sort3 
merge3 merge_sort3 merge_sort3 merge_sort3 merge_sort3 merge_sort3 merge_sort3 
merge3 merge_sort3 merge_sort3 merge_sort3 merge_sort3 merge_sort3 
> merge3 merge_sort3 merge_sort3 merge_sort3 merge_sort3 merge_sort3 merge_sort3 merge_sort3 merge_sort3 merge_sort3 merge_sort3 
merge3 merge_sort3 merge_sort3 merge_sort3 merge_sort3 merge_sort3 merge_sort3 merge_sort3 merge_sort3 merge_sort3 merge_sort3 
merge3 merge_sort3 merge_sort3 merge_sort3 merge_sort3 merge_sort3 merge_sort3 merge_sort3 
+ merge3 merge_sort3 merge_sort3 merge_sort3 merge_sort3 merge_sort3 merge_sort3 merge_sort3 merge_sort3 
merge3 merge_sort3 merge_sort3 merge_sort3 merge_sort3 merge_sort3 merge_sort3 merge_sort3 merge_sort3 
merge3 merge_sort3 merge_sort3 merge_sort3 merge_sort3 merge_sort3 merge_sort3 merge_sort3 merge_sort3 merge_sort3 merge_sort3 merge_sort3 merge_sort3 merge_sort3 merge_sort3 
merge_sort3 merge_sort3 merge_sort3 merge_sort3 merge_sort3 merge_sort3 merge_sort3 merge_sort3 
merge3 merge_sort3 merge_sort3 merge_sort3 merge_sort3 merge_sort3 merge_sort3 merge_sort3 merge_sort3 merge_sort3 
merge_sort3 merge_sort3 merge_sort3 merge_sort3 merge_sort3 merge_sort3 merge_sort3 merge_sort3 merge_sort3 merge_sort3 merge_sort3 merge_sort3 merge_sort3 merge_sort3 merge_sort3 
> merge3 merge_sort3 merge_sort3 merge_sort3 merge_sort3 merge_sort3 merge_sort3 merge_sort3 merge_sort3 merge_sort3 merge_sort3 merge_sort3 merge_sort3 merge_sort3 merge_sort3 
merge3 merge_sort3 merge_sort3 merge_sort3 merge_sort3 merge_sort3 merge_sort3 
merge3 merge_sort3 merge_sort3 merge_sort3 merge_sort3 merge_sort3 
merge3 merge_sort3 merge_sort3 merge_sort3 merge_sort3 
merge3 merge_sort3 merge_sort3 merge_sort3 merge_sort3 
merge3 merge_sort3 merge_sort3 merge_sort3 merge_sort3 
merge3 merge_sort3 merge_sort3 merge_sort3 merge_sort3 merge_sort3 merge_sort3 merge_sort3 merge_sort3 merge_sort3 merge_sort3 
merge3 merge_sort3 merge_sort3 merge_sort3 merge_sort3 merge_sort3 merge_sort3 merge_sort3 merge_sort3 merge_sort3 merge_sort3 
merge3 merge_sort3 merge_sort3 merge_sort3 merge_sort3 merge_sort3 merge_sort3 merge_sort3 
merge3 merge_sort3 merge_sort3 merge_sort3 merge_sort3 merge_sort3 merge_sort3 merge_sort3 merge_sort3 merge_sort3 
merge3 merge_sort3 merge_sort3 merge_sort3 merge_sort3 merge_sort3 merge_sort3 merge_sort3 merge_sort3 merge_sort3 merge_sort3 merge_sort3 
merge3 merge_sort3 merge_sort3 merge_sort3 merge_sort3 merge_sort3 merge_sort3 
merge_sort3 merge_sort3 merge_sort3 merge_sort3 merge_sort3 merge_sort3 merge_sort3 merge_sort3 merge_sort3 merge_sort3 merge_sort3 merge_sort3 merge_sort3 merge_sort3 
merge3 merge_sort3 merge_sort3 merge_sort3 merge_sort3 merge_sort3 merge_sort3 merge_sort3 merge_sort3 merge_sort3 merge_sort3 merge_sort3 merge_sort3 merge_sort3 merge_sort3 
merge3 merge_sort3 merge_sort3 merge_sort3 merge_sort3 merge_sort3 merge_sort3 merge_sort3 
length merge3 merge_sort3 merge_sort3 merge_sort3 merge_sort3 merge_sort3 merge_sort3 merge_sort3 merge_sort3 merge_sort3 merge_sort3 
length merge3 merge_sort3 merge_sort3 merge_sort3 merge_sort3 merge_sort3 merge_sort3 merge_sort3 merge_sort3 merge_sort3 merge_sort3 merge_sort3 merge_sort3 merge_sort3 merge_sort3 
merge3 merge_sort3 merge_sort3 merge_sort3 merge_sort3 merge_sort3 merge_sort3 
merge3 merge_sort3 merge_sort3 merge_sort3 merge_sort3 merge_sort3 
| merge3 merge_sort3 merge_sort3 merge_sort3 merge_sort3 merge_sort3 merge_sort3 merge_sort3 merge_sort3 merge_sort3 merge_sort3 
& merge3 merge_sort3 merge_sort3 merge_sort3 merge_sort3 merge_sort3 merge_sort3 merge_sort3 merge_sort3 merge_sort3 merge_sort3 merge_sort3 merge_sort3 merge_sort3 
c merge_sort3 merge_sort3 merge_sort3 merge_sort3 merge_sort3 merge_sort3 merge_sort3 
> merge3 merge_sort3 merge_sort3 merge_sort3 merge_sort3 merge_sort3 merge_sort3 merge_sort3 merge_sort3 
merge3 merge_sort3 merge_sort3 merge_sort3 merge_sort3 merge_sort3 merge_sort3 merge_sort3 merge_sort3 merge_sort3 
merge3 merge_sort3 merge_sort3 merge_sort3 merge_sort3 merge_sort3 merge_sort3 
merge3 merge_sort3 merge_sort3 merge_sort3 merge_sort3 merge_sort3 merge_sort3 merge_sort3 merge_sort3 
merge3 merge_sort3 merge_sort3 merge_sort3 merge_sort3 merge_sort3 merge_sort3 merge_sort3 merge_sort3 merge_sort3 merge_sort3 
merge3 merge_sort3 merge_sort3 merge_sort3 merge_sort3 merge_sort3 merge_sort3 merge_sort3 merge_sort3 merge_sort3 merge_sort3 merge_sort3 merge_sort3 
merge3 merge_sort3 merge_sort3 merge_sort3 merge_sort3 merge_sort3 merge_sort3 merge_sort3 merge_sort3 merge_sort3 merge_sort3 
merge3 merge_sort3 merge_sort3 merge_sort3 merge_sort3 merge_sort3 merge_sort3 
merge3 merge_sort3 merge_sort3 merge_sort3 merge_sort3 merge_sort3 
merge3 merge_sort3 merge_sort3 merge_sort3 merge_sort3 merge_sort3 
merge3 merge_sort3 merge_sort3 merge_sort3 merge_sort3 merge_sort3 
merge3 merge_sort3 merge_sort3 merge_sort3 merge_sort3 
+ merge3 merge_sort3 merge_sort3 merge_sort3 merge_sort3 
merge3 merge_sort3 merge_sort3 merge_sort3 merge_sort3 
merge3 merge_sort3 merge_sort3 merge_sort3 
merge3 merge_sort3 merge_sort3 merge_sort3 
merge3 merge_sort3 merge_sort3 merge_sort3 
merge3 merge_sort3 merge_sort3 merge_sort3 
merge3 merge_sort3 merge_sort3 merge_sort3 
merge3 merge_sort3 merge_sort3 merge_sort3 
& merge3 merge_sort3 merge_sort3 merge_sort3 
length merge3 merge_sort3 merge_sort3 merge_sort3 
merge3 merge_sort3 merge_sort3 merge_sort3 
c merge_sort3 merge_sort3 merge_sort3 
> merge3 merge_sort3 merge_sort3 merge_sort3 merge_sort3 merge_sort3 merge_sort3 merge_sort3 merge_sort3 merge_sort3 
& merge3 merge_sort3 merge_sort3 merge_sort3 merge_sort3 merge_sort3 merge_sort3 merge_sort3 merge_sort3 merge_sort3 merge_sort3 merge_sort3 merge_sort3 merge_sort3 merge_sort3 
merge_sort3 merge_sort3 merge_sort3 merge_sort3 merge_sort3 merge_sort3 merge_sort3 merge_sort3 
- merge3 merge_sort3 merge_sort3 merge_sort3 merge_sort3 merge_sort3 merge_sort3 merge_sort3 merge_sort3 
merge3 merge_sort3 merge_sort3 merge_sort3 merge_sort3 merge_sort3 merge_sort3 merge_sort3 merge_sort3 
merge3 merge_sort3 merge_sort3 merge_sort3 merge_sort3 merge_sort3 merge_sort3 merge_sort3 merge_sort3 merge_sort3 merge_sort3 merge_sort3 
merge3 merge_sort3 merge_sort3 merge_sort3 merge_sort3 merge_sort3 merge_sort3 merge_sort3 merge_sort3 merge_sort3 merge_sort3 merge_sort3 merge_sort3 merge_sort3 merge_sort3 
merge3 merge_sort3 merge_sort3 merge_sort3 merge_sort3 merge_sort3 merge_sort3 merge_sort3 
merge3 merge_sort3 merge_sort3 merge_sort3 merge_sort3 merge_sort3 merge_sort3 merge_sort3 merge_sort3 merge_sort3 merge_sort3 merge_sort3 merge_sort3 merge_sort3 
| merge3 merge_sort3 merge_sort3 merge_sort3 merge_sort3 merge_sort3 merge_sort3 merge_sort3 merge_sort3 merge_sort3 merge_sort3 merge_sort3 merge_sort3 
merge3 merge_sort3 merge_sort3 merge_sort3 merge_sort3 merge_sort3 merge_sort3 
merge3 merge_sort3 merge_sort3 merge_sort3 merge_sort3 merge_sort3 
> merge3 merge_sort3 merge_sort3 merge_sort3 merge_sort3 merge_sort3 merge_sort3 merge_sort3 merge_sort3 merge_sort3 merge_sort3 merge_sort3 
merge3 merge_sort3 merge_sort3 merge_sort3 merge_sort3 merge_sort3 merge_sort3 merge_sort3 merge_sort3 merge_sort3 merge_sort3 
merge3 merge_sort3 merge_sort3 merge_sort3 merge_sort3 merge_sort3 merge_sort3 merge_sort3 
merge3 merge_sort3 merge_sort3 merge_sort3 merge_sort3 merge_sort3 merge_sort3 merge_sort3 merge_sort3 merge_sort3 merge_sort3 merge_sort3 
merge3 merge_sort3 merge_sort3 merge_sort3 merge_sort3 merge_sort3 merge_sort3 merge_sort3 merge_sort3 merge_sort3 merge_sort3 merge_sort3 merge_sort3 
+ merge3 merge_sort3 merge_sort3 merge_sort3 merge_sort3 merge_sort3 merge_sort3 
merge3 merge_sort3 merge_sort3 merge_sort3 merge_sort3 merge_sort3 merge_sort3 merge_sort3 merge_sort3 merge_sort3 merge_sort3 
merge3 merge_sort3 merge_sort3 merge_sort3 merge_sort3 merge_sort3 merge_sort3 merge_sort3 merge_sort3 merge_sort3 merge_sort3 merge_sort3 merge_sort3 merge_sort3 
merge_sort3 merge_sort3 merge_sort3 merge_sort3 merge_sort3 merge_sort3 merge_sort3 merge_sort3 merge_sort3 merge_sort3 
merge3 merge_sort3 merge_sort3 merge_sort3 merge_sort3 merge_sort3 merge_sort3 merge_sort3 merge_sort3 merge_sort3 merge_sort3 merge_sort3 
> merge3 merge_sort3 merge_sort3 merge_sort3 merge_sort3 merge_sort3 merge_sort3 
> merge3 merge_sort3 merge_sort3 merge_sort3 merge_sort3 merge_sort3 
merge3 merge_sort3 merge_sort3 merge_sort3 merge_sort3 
merge3 merge_sort3 merge_sort3 merge_sort3 merge_sort3 
merge3 merge_sort3 merge_sort3 merge_sort3 merge_sort3 
c merge_sort3 merge_sort3 merge_sort3 merge_sort3 merge_sort3 
merge_sort3 merge_sort3 merge_sort3 merge_sort3 merge_sort3 merge_sort3 merge_sort3 merge_sort3 merge_sort3 merge_sort3 merge_sort3 merge_sort3 merge_sort3 merge_sort3 merge_sort3 merge_sort3 
> merge3 merge_sort3 merge_sort3 merge_sort3 merge_sort3 merge_sort3 merge_sort3 merge_sort3 merge_sort3 merge_sort3 merge_sort3 merge_sort3 merge_sort3 
merge_sort3 merge_sort3 merge_sort3 merge_sort3 merge_sort3 merge_sort3 merge_sort3 
merge3 merge_sort3 merge_sort3 merge_sort3 merge_sort3 merge_sort3 merge_sort3 merge_sort3 merge_sort3 merge_sort3 merge_sort3 merge_sort3 merge_sort3 merge_sort3 
merge_sort3 merge_sort3 merge_sort3 merge_sort3 merge_sort3 merge_sort3 merge_sort3 merge_sort3 merge_sort3 merge_sort3 merge_sort3 merge_sort3 merge_sort3 merge_sort3 
merge3 merge_sort3 merge_sort3 merge_sort3 merge_sort3 merge_sort3 merge_sort3 
merge3 merge_sort3 merge_sort3 merge_sort3 merge_sort3 merge_sort3 merge_sort3 merge_sort3 merge_sort3 merge_sort3 merge_sort3 merge_sort3 merge_sort3 merge_sort3 merge_sort3 
merge3 merge_sort3 merge_sort3 merge_sort3 merge_sort3 merge_sort3 merge_sort3 merge_sort3 merge_sort3 merge_sort3 merge_sort3 merge_sort3 merge_sort3 merge_sort3 merge_sort3 
merge3 merge_sort3 merge_sort3 merge_sort3 merge_sort3 merge_sort3 merge_sort3 merge_sort3 merge_sort3 merge_sort3 merge_sort3 merge_sort3 
merge3 merge_sort3 merge_sort3 merge_sort3 merge_sort3 merge_sort3 merge_sort3 merge_sort3 merge_sort3 merge_sort3 merge_sort3 merge_sort3 merge_sort3 
merge3 merge_sort3 merge_sort3 merge_sort3 merge_sort3 merge_sort3 merge_sort3 
merge3 merge_sort3 merge_sort3 merge_sort3 merge_sort3 merge_sort3 
merge_sort3 merge_sort3 merge_sort3 merge_sort3 merge_sort3 merge_sort3 merge_sort3 merge_sort3 merge_sort3 merge_sort3 merge_sort3 merge_sort3 merge_sort3 merge_sort3 
merge3 merge_sort3 merge_sort3 merge_sort3 merge_sort3 merge_sort3 merge_sort3 merge_sort3 merge_sort3 merge_sort3 merge_sort3 merge_sort3 merge_sort3 
merge3 merge_sort3 merge_sort3 merge_sort3 merge_sort3 merge_sort3 merge_sort3 merge_sort3 
merge3 merge_sort3 merge_sort3 merge_sort3 merge_sort3 merge_sort3 merge_sort3 merge_sort3 merge_sort3 
merge3 merge_sort3 merge_sort3 merge_sort3 merge_sort3 merge_sort3 merge_sort3 merge_sort3 merge_sort3 
merge3 merge_sort3 merge_sort3 merge_sort3 merge_sort3 merge_sort3 merge_sort3 merge_sort3 merge_sort3 merge_sort3 merge_sort3 merge_sort3 
| merge3 merge_sort3 merge_sort3 merge_sort3 merge_sort3 merge_sort3 merge_sort3 merge_sort3 merge_sort3 
+ merge3 merge_sort3 merge_sort3 merge_sort3 merge_sort3 merge_sort3 merge_sort3 merge_sort3 merge_sort3 
merge3 merge_sort3 merge_sort3 merge_sort3 merge_sort3 merge_sort3 merge_sort3 merge_sort3 merge_sort3 merge_sort3 merge_sort3 merge_sort3 merge_sort3 
merge3 merge_sort3 merge_sort3 merge_sort3 merge_sort3 merge_sort3 merge_sort3 merge_sort3 merge_sort3 merge_sort3 merge_sort3 merge_sort3 
merge3 merge_sort3 merge_sort3 merge_sort3 merge_sort3 merge_sort3 merge_sort3 
merge3 merge_sort3 merge_sort3 merge_sort3 merge_sort3 merge_sort3 
merge3 merge_sort3 merge_sort3 merge_sort3 merge_sort3 
merge3 merge_sort3 merge_sort3 merge_sort3 merge_sort3 
merge3 merge_sort3 merge_sort3 merge_sort3 merge_sort3 
merge3 merge_sort3 merge_sort3 merge_sort3 
merge3 merge_sort3 merge_sort3 merge_sort3 
merge3 merge_sort3 merge_sort3 merge_sort3 
merge3 merge_sort3 merge_sort3 merge_sort3 
| merge3 merge_sort3 merge_sort3 merge_sort3 
merge3 merge_sort3 merge_sort3 merge_sort3 
merge3 merge_sort3 merge_sort3 merge_sort3 
merge3 merge_sort3 merge_sort3 merge_sort3 
merge3 merge_sort3 merge_sort3 merge_sort3 
merge3 merge_sort3 merge_sort3 
merge3 merge_sort3 merge_sort3 
merge3 merge_sort3 merge_sort3 
merge3 merge_sort3 merge_sort3 
merge3 merge_sort3 merge_sort3 
merge3 merge_sort3 merge_sort3 
merge3 merge_sort3 merge_sort3 
merge3 merge_sort3 merge_sort3 
merge3 merge_sort3 merge_sort3 
merge3 merge_sort3 merge_sort3 
merge3 merge_sort3 merge_sort3 
merge3 merge_sort3 merge_sort3 
merge3 merge_sort3 merge_sort3 
merge3 merge_sort3 merge_sort3 
merge3 merge_sort3 merge_sort3 
merge3 merge_sort3 merge_sort3 
merge3 merge_sort3 merge_sort3 
merge3 merge_sort3 merge_sort3 
merge3 merge_sort3 merge_sort3 
merge3 merge_sort3 merge_sort3 
merge3 merge_sort3 merge_sort3 
merge3 merge_sort3 merge_sort3 
merge3 merge_sort3 merge_sort3 
merge3 merge_sort3 merge_sort3 
merge3 merge_sort3 merge_sort3 
merge3 merge_sort3 merge_sort3 
merge3 merge_sort3 merge_sort3 
merge3 merge_sort3 merge_sort3 
merge3 merge_sort3 merge_sort3 
merge3 merge_sort3 merge_sort3 
merge3 merge_sort3 merge_sort3 
c merge_sort3 merge_sort3 
c merge_sort3 merge_sort3 
c merge_sort3 merge_sort3 
c merge_sort3 merge_sort3 
c merge_sort3 merge_sort3 merge_sort3 
c merge_sort3 merge_sort3 merge_sort3 merge_sort3 
c merge_sort3 merge_sort3 merge_sort3 merge_sort3 
merge3 merge_sort3 merge_sort3 merge_sort3 merge_sort3 merge_sort3 merge_sort3 merge_sort3 merge_sort3 merge_sort3 merge_sort3 
& merge3 merge_sort3 merge_sort3 merge_sort3 merge_sort3 merge_sort3 merge_sort3 merge_sort3 merge_sort3 merge_sort3 merge_sort3 merge_sort3 merge_sort3 
merge3 merge_sort3 merge_sort3 merge_sort3 merge_sort3 merge_sort3 merge_sort3 merge_sort3 merge_sort3 merge_sort3 merge_sort3 merge_sort3 
merge_sort3 merge_sort3 merge_sort3 merge_sort3 merge_sort3 merge_sort3 merge_sort3 merge_sort3 merge_sort3 merge_sort3 merge_sort3 merge_sort3 merge_sort3 merge_sort3 merge_sort3 
merge3 merge_sort3 merge_sort3 merge_sort3 merge_sort3 merge_sort3 merge_sort3 merge_sort3 
merge3 merge_sort3 merge_sort3 merge_sort3 merge_sort3 merge_sort3 merge_sort3 merge_sort3 merge_sort3 merge_sort3 merge_sort3 merge_sort3 
merge_sort3 merge_sort3 merge_sort3 merge_sort3 merge_sort3 merge_sort3 merge_sort3 merge_sort3 merge_sort3 merge_sort3 merge_sort3 merge_sort3 
merge3 merge_sort3 merge_sort3 merge_sort3 merge_sort3 merge_sort3 merge_sort3 merge_sort3 
merge3 merge_sort3 merge_sort3 merge_sort3 merge_sort3 merge_sort3 merge_sort3 merge_sort3 merge_sort3 merge_sort3 
merge_sort3 merge_sort3 merge_sort3 merge_sort3 merge_sort3 merge_sort3 merge_sort3 merge_sort3 merge_sort3 merge_sort3 merge_sort3 merge_sort3 
merge3 merge_sort3 merge_sort3 merge_sort3 merge_sort3 merge_sort3 
merge_sort3 merge_sort3 merge_sort3 merge_sort3 merge_sort3 
merge3 merge_sort3 merge_sort3 merge_sort3 merge_sort3 merge_sort3 merge_sort3 merge_sort3 merge_sort3 merge_sort3 merge_sort3 merge_sort3 merge_sort3 merge_sort3 
merge3 merge_sort3 merge_sort3 merge_sort3 merge_sort3 merge_sort3 merge_sort3 merge_sort3 merge_sort3 merge_sort3 merge_sort3 
merge3 merge_sort3 merge_sort3 merge_sort3 merge_sort3 merge_sort3 merge_sort3 merge_sort3 merge_sort3 merge_sort3 merge_sort3 
merge_sort3 merge_sort3 merge_sort3 merge_sort3 merge_sort3 merge_sort3 merge_sort3 merge_sort3 merge_sort3 merge_sort3 
merge3 merge_sort3 merge_sort3 merge_sort3 merge_sort3 merge_sort3 merge_sort3 merge_sort3 
+ merge3 merge_sort3 merge_sort3 merge_sort3 merge_sort3 merge_sort3 merge_sort3 merge_sort3 merge_sort3 merge_sort3 merge_sort3 merge_sort3 
merge3 merge_sort3 merge_sort3 merge_sort3 merge_sort3 merge_sort3 merge_sort3 merge_sort3 merge_sort3 merge_sort3 merge_sort3 merge_sort3 merge_sort3 merge_sort3 merge_sort3 
merge_sort3 merge_sort3 merge_sort3 merge_sort3 merge_sort3 merge_sort3 merge_sort3 merge_sort3 merge_sort3 merge_sort3 
merge3 merge_sort3 merge_sort3 merge_sort3 merge_sort3 merge_sort3 merge_sort3 merge_sort3 merge_sort3 
merge3 merge_sort3 merge_sort3 merge_sort3 merge_sort3 merge_sort3 merge_sort3 merge_sort3 merge_sort3 
merge3 merge_sort3 merge_sort3 merge_sort3 merge_sort3 merge_sort3 
merge3 merge_sort3 merge_sort3 merge_sort3 merge_sort3 
merge3 merge_sort3 merge_sort3 merge_sort3 merge_sort3 
merge3 merge_sort3 merge_sort3 merge_sort3 merge_sort3 
> merge3 merge_sort3 merge_sort3 merge_sort3 merge_sort3 
merge3 merge_sort3 merge_sort3 merge_sort3 merge_sort3 merge_sort3 merge_sort3 merge_sort3 merge_sort3 merge_sort3 
merge3 merge_sort3 merge_sort3 merge_sort3 merge_sort3 merge_sort3 merge_sort3 merge_sort3 merge_sort3 merge_sort3 
merge3 merge_sort3 merge_sort3 merge_sort3 merge_sort3 merge_sort3 merge_sort3 merge_sort3 
merge3 merge_sort3 merge_sort3 merge_sort3 merge_sort3 merge_sort3 merge_sort3 merge_sort3 merge_sort3 
merge3 merge_sort3 merge_sort3 merge_sort3 merge_sort3 merge_sort3 merge_sort3 merge_sort3 merge_sort3 
merge3 merge_sort3 merge_sort3 merge_sort3 merge_sort3 merge_sort3 merge_sort3 merge_sort3 merge_sort3 merge_sort3 merge_sort3 merge_sort3 
merge3 merge_sort3 merge_sort3 merge_sort3 merge_sort3 merge_sort3 merge_sort3 merge_sort3 merge_sort3 merge_sort3 merge_sort3 merge_sort3 merge_sort3 
merge3 merge_sort3 merge_sort3 merge_sort3 merge_sort3 merge_sort3 merge_sort3 merge_sort3 merge_sort3 
> merge3 merge_sort3 merge_sort3 merge_sort3 merge_sort3 merge_sort3 merge_sort3 merge_sort3 merge_sort3 merge_sort3 merge_sort3 merge_sort3 merge_sort3 
merge_sort3 merge_sort3 merge_sort3 merge_sort3 merge_sort3 merge_sort3 merge_sort3 merge_sort3 merge_sort3 merge_sort3 merge_sort3 merge_sort3 merge_sort3 merge_sort3 
merge3 merge_sort3 merge_sort3 merge_sort3 merge_sort3 merge_sort3 merge_sort3 
merge3 merge_sort3 merge_sort3 merge_sort3 merge_sort3 merge_sort3 
merge3 merge_sort3 merge_sort3 merge_sort3 merge_sort3 merge_sort3 merge_sort3 merge_sort3 merge_sort3 merge_sort3 
+ merge3 merge_sort3 merge_sort3 merge_sort3 merge_sort3 merge_sort3 merge_sort3 merge_sort3 merge_sort3 merge_sort3 
> merge3 merge_sort3 merge_sort3 merge_sort3 merge_sort3 merge_sort3 merge_sort3 merge_sort3 merge_sort3 merge_sort3 merge_sort3 merge_sort3 
merge3 merge_sort3 merge_sort3 merge_sort3 merge_sort3 merge_sort3 merge_sort3 merge_sort3 merge_sort3 merge_sort3 merge_sort3 merge_sort3 merge_sort3 
> merge3 merge_sort3 merge_sort3 merge_sort3 merge_sort3 merge_sort3 merge_sort3 merge_sort3 merge_sort3 
merge3 merge_sort3 merge_sort3 merge_sort3 merge_sort3 merge_sort3 merge_sort3 merge_sort3 merge_sort3 merge_sort3 merge_sort3 merge_sort3 merge_sort3 merge_sort3 
merge3 merge_sort3 merge_sort3 merge_sort3 merge_sort3 merge_sort3 merge_sort3 merge_sort3 merge_sort3 merge_sort3 merge_sort3 merge_sort3 merge_sort3 merge_sort3 merge_sort3 merge_sort3 
merge3 merge_sort3 merge_sort3 merge_sort3 merge_sort3 merge_sort3 merge_sort3 merge_sort3 
merge3 merge_sort3 merge_sort3 merge_sort3 merge_sort3 merge_sort3 merge_sort3 merge_sort3 merge_sort3 merge_sort3 merge_sort3 merge_sort3 merge_sort3 merge_sort3 merge_sort3 
merge3 merge_sort3 merge_sort3 merge_sort3 merge_sort3 merge_sort3 merge_sort3 merge_sort3 merge_sort3 merge_sort3 merge_sort3 merge_sort3 merge_sort3 merge_sort3 
merge3 merge_sort3 merge_sort3 merge_sort3 merge_sort3 merge_sort3 merge_sort3 
merge3 merge_sort3 merge_sort3 merge_sort3 merge_sort3 merge_sort3 
merge3 merge_sort3 merge_sort3 merge_sort3 merge_sort3 
merge3 merge_sort3 merge_sort3 merge_sort3 merge_sort3 
merge3 merge_sort3 merge_sort3 merge_sort3 merge_sort3 
merge3 merge_sort3 merge_sort3 merge_sort3 
merge3 merge_sort3 merge_sort3 merge_sort3 
merge3 merge_sort3 merge_sort3 merge_sort3 
merge3 merge_sort3 merge_sort3 merge_sort3 
- merge3 merge_sort3 merge_sort3 merge_sort3 
merge3 merge_sort3 merge_sort3 merge_sort3 
merge3 merge_sort3 merge_sort3 merge_sort3 
merge3 merge_sort3 merge_sort3 merge_sort3 
merge3 merge_sort3 merge_sort3 merge_sort3 
c merge_sort3 merge_sort3 merge_sort3 
merge3 merge_sort3 merge_sort3 merge_sort3 merge_sort3 merge_sort3 merge_sort3 merge_sort3 merge_sort3 merge_sort3 merge_sort3 merge_sort3 merge_sort3 merge_sort3 
> merge3 merge_sort3 merge_sort3 merge_sort3 merge_sort3 merge_sort3 merge_sort3 merge_sort3 merge_sort3 merge_sort3 merge_sort3 merge_sort3 merge_sort3 merge_sort3 
<= merge3 merge_sort3 merge_sort3 merge_sort3 merge_sort3 merge_sort3 merge_sort3 merge_sort3 
merge3 merge_sort3 merge_sort3 merge_sort3 merge_sort3 merge_sort3 merge_sort3 merge_sort3 merge_sort3 merge_sort3 
| merge3 merge_sort3 merge_sort3 merge_sort3 merge_sort3 merge_sort3 merge_sort3 merge_sort3 merge_sort3 merge_sort3 merge_sort3 
merge_sort3 merge_sort3 merge_sort3 merge_sort3 merge_sort3 merge_sort3 merge_sort3 merge_sort3 
merge3 merge_sort3 merge_sort3 merge_sort3 merge_sort3 merge_sort3 merge_sort3 merge_sort3 merge_sort3 
> merge3 merge_sort3 merge_sort3 merge_sort3 merge_sort3 merge_sort3 merge_sort3 merge_sort3 merge_sort3 merge_sort3 
merge3 merge_sort3 merge_sort3 merge_sort3 merge_sort3 merge_sort3 merge_sort3 merge_sort3 merge_sort3 merge_sort3 merge_sort3 merge_sort3 
merge_sort3 merge_sort3 merge_sort3 merge_sort3 merge_sort3 merge_sort3 merge_sort3 merge_sort3 merge_sort3 merge_sort3 merge_sort3 merge_sort3 merge_sort3 
merge3 merge_sort3 merge_sort3 merge_sort3 merge_sort3 merge_sort3 merge_sort3 
| merge3 merge_sort3 merge_sort3 merge_sort3 merge_sort3 merge_sort3 
| merge3 merge_sort3 merge_sort3 merge_sort3 merge_sort3 merge_sort3 merge_sort3 merge_sort3 merge_sort3 merge_sort3 merge_sort3 merge_sort3 merge_sort3 merge_sort3 merge_sort3 
merge3 merge_sort3 merge_sort3 merge_sort3 merge_sort3 merge_sort3 merge_sort3 merge_sort3 merge_sort3 merge_sort3 merge_sort3 merge_sort3 
& merge3 merge_sort3 merge_sort3 merge_sort3 merge_sort3 merge_sort3 merge_sort3 merge_sort3 
merge3 merge_sort3 merge_sort3 merge_sort3 merge_sort3 merge_sort3 merge_sort3 merge_sort3 merge_sort3 
merge3 merge_sort3 merge_sort3 merge_sort3 merge_sort3 merge_sort3 merge_sort3 merge_sort3 merge_sort3 merge_sort3 
merge3 merge_sort3 merge_sort3 merge_sort3 merge_sort3 merge_sort3 merge_sort3 merge_sort3 merge_sort3 merge_sort3 merge_sort3 merge_sort3 merge_sort3 merge_sort3 
merge3 merge_sort3 merge_sort3 merge_sort3 merge_sort3 merge_sort3 merge_sort3 merge_sort3 merge_sort3 merge_sort3 merge_sort3 merge_sort3 merge_sort3 
merge3 merge_sort3 merge_sort3 merge_sort3 merge_sort3 merge_sort3 merge_sort3 merge_sort3 merge_sort3 
merge3 merge_sort3 merge_sort3 merge_sort3 merge_sort3 merge_sort3 merge_sort3 merge_sort3 merge_sort3 merge_sort3 merge_sort3 merge_sort3 merge_sort3 
merge3 merge_sort3 merge_sort3 merge_sort3 merge_sort3 merge_sort3 merge_sort3 merge_sort3 merge_sort3 merge_sort3 merge_sort3 merge_sort3 merge_sort3 merge_sort3 
merge3 merge_sort3 merge_sort3 merge_sort3 merge_sort3 merge_sort3 merge_sort3 
merge3 merge_sort3 merge_sort3 merge_sort3 merge_sort3 merge_sort3 
merge3 merge_sort3 merge_sort3 merge_sort3 merge_sort3 
merge3 merge_sort3 merge_sort3 merge_sort3 merge_sort3 
merge3 merge_sort3 merge_sort3 merge_sort3 merge_sort3 
> merge3 merge_sort3 merge_sort3 merge_sort3 merge_sort3 merge_sort3 merge_sort3 merge_sort3 merge_sort3 merge_sort3 merge_sort3 merge_sort3 merge_sort3 merge_sort3 merge_sort3 
merge3 merge_sort3 merge_sort3 merge_sort3 merge_sort3 merge_sort3 merge_sort3 merge_sort3 merge_sort3 merge_sort3 merge_sort3 merge_sort3 
merge3 merge_sort3 merge_sort3 merge_sort3 merge_sort3 merge_sort3 merge_sort3 merge_sort3 
merge3 merge_sort3 merge_sort3 merge_sort3 merge_sort3 merge_sort3 merge_sort3 merge_sort3 merge_sort3 merge_sort3 merge_sort3 
merge_sort3 merge_sort3 merge_sort3 merge_sort3 merge_sort3 merge_sort3 merge_sort3 merge_sort3 merge_sort3 merge_sort3 merge_sort3 merge_sort3 merge_sort3 merge_sort3 merge_sort3 merge_sort3 
merge3 merge_sort3 merge_sort3 merge_sort3 merge_sort3 merge_sort3 merge_sort3 
merge3 merge_sort3 merge_sort3 merge_sort3 merge_sort3 merge_sort3 merge_sort3 merge_sort3 merge_sort3 merge_sort3 merge_sort3 merge_sort3 merge_sort3 merge_sort3 merge_sort3 
> merge3 merge_sort3 merge_sort3 merge_sort3 merge_sort3 merge_sort3 merge_sort3 merge_sort3 merge_sort3 merge_sort3 merge_sort3 
> merge3 merge_sort3 merge_sort3 merge_sort3 merge_sort3 merge_sort3 merge_sort3 merge_sort3 merge_sort3 merge_sort3 merge_sort3 merge_sort3 merge_sort3 merge_sort3 
merge3 merge_sort3 merge_sort3 merge_sort3 merge_sort3 merge_sort3 merge_sort3 merge_sort3 merge_sort3 
merge3 merge_sort3 merge_sort3 merge_sort3 merge_sort3 merge_sort3 merge_sort3 merge_sort3 merge_sort3 
merge3 merge_sort3 merge_sort3 merge_sort3 merge_sort3 merge_sort3 
merge_sort3 merge_sort3 merge_sort3 merge_sort3 merge_sort3 
merge3 merge_sort3 merge_sort3 merge_sort3 merge_sort3 merge_sort3 merge_sort3 merge_sort3 merge_sort3 merge_sort3 merge_sort3 merge_sort3 merge_sort3 merge_sort3 merge_sort3 merge_sort3 
merge3 merge_sort3 merge_sort3 merge_sort3 merge_sort3 merge_sort3 merge_sort3 merge_sort3 merge_sort3 merge_sort3 merge_sort3 merge_sort3 merge_sort3 merge_sort3 merge_sort3 merge_sort3 
merge3 merge_sort3 merge_sort3 merge_sort3 merge_sort3 merge_sort3 merge_sort3 merge_sort3 merge_sort3 merge_sort3 
merge3 merge_sort3 merge_sort3 merge_sort3 merge_sort3 merge_sort3 merge_sort3 merge_sort3 merge_sort3 merge_sort3 merge_sort3 merge_sort3 
> merge3 merge_sort3 merge_sort3 merge_sort3 merge_sort3 merge_sort3 merge_sort3 merge_sort3 
merge3 merge_sort3 merge_sort3 merge_sort3 merge_sort3 merge_sort3 merge_sort3 merge_sort3 merge_sort3 merge_sort3 merge_sort3 merge_sort3 merge_sort3 
merge3 merge_sort3 merge_sort3 merge_sort3 merge_sort3 merge_sort3 merge_sort3 merge_sort3 merge_sort3 merge_sort3 merge_sort3 merge_sort3 merge_sort3 
merge3 merge_sort3 merge_sort3 merge_sort3 merge_sort3 merge_sort3 merge_sort3 merge_sort3 merge_sort3 merge_sort3 merge_sort3 merge_sort3 merge_sort3 merge_sort3 
> merge3 merge_sort3 merge_sort3 merge_sort3 merge_sort3 merge_sort3 merge_sort3 merge_sort3 merge_sort3 
> merge3 merge_sort3 merge_sort3 merge_sort3 merge_sort3 merge_sort3 merge_sort3 merge_sort3 merge_sort3 merge_sort3 
merge3 merge_sort3 merge_sort3 merge_sort3 merge_sort3 merge_sort3 
merge3 merge_sort3 merge_sort3 merge_sort3 merge_sort3 merge_sort3 
+ merge3 merge_sort3 merge_sort3 merge_sort3 merge_sort3 
merge3 merge_sort3 merge_sort3 merge_sort3 merge_sort3 
merge3 merge_sort3 merge_sort3 merge_sort3 
merge3 merge_sort3 merge_sort3 merge_sort3 
merge3 merge_sort3 merge_sort3 merge_sort3 
merge3 merge_sort3 merge_sort3 merge_sort3 
merge3 merge_sort3 merge_sort3 merge_sort3 
merge3 merge_sort3 merge_sort3 merge_sort3 
merge3 merge_sort3 merge_sort3 merge_sort3 
merge3 merge_sort3 merge_sort3 merge_sort3 
merge3 merge_sort3 merge_sort3 merge_sort3 
merge3 merge_sort3 merge_sort3 merge_sort3 
merge3 merge_sort3 merge_sort3 
merge3 merge_sort3 merge_sort3 
merge3 merge_sort3 merge_sort3 
merge3 merge_sort3 merge_sort3 
merge3 merge_sort3 merge_sort3 
merge3 merge_sort3 merge_sort3 
merge3 merge_sort3 merge_sort3 
merge3 merge_sort3 merge_sort3 
merge3 merge_sort3 merge_sort3 
merge3 merge_sort3 merge_sort3 
merge3 merge_sort3 merge_sort3 
merge3 merge_sort3 merge_sort3 
merge3 merge_sort3 merge_sort3 
merge3 merge_sort3 merge_sort3 
merge3 merge_sort3 merge_sort3 
merge3 merge_sort3 merge_sort3 
merge3 merge_sort3 merge_sort3 
merge3 merge_sort3 merge_sort3 
merge3 merge_sort3 merge_sort3 
merge3 merge_sort3 merge_sort3 
merge3 merge_sort3 merge_sort3 
merge3 merge_sort3 merge_sort3 
merge3 merge_sort3 merge_sort3 
merge3 merge_sort3 merge_sort3 
merge3 merge_sort3 merge_sort3 
merge3 merge_sort3 merge_sort3 
merge3 merge_sort3 merge_sort3 
merge3 merge_sort3 merge_sort3 
merge3 merge_sort3 merge_sort3 
merge3 merge_sort3 merge_sort3 
> merge3 merge_sort3 merge_sort3 
merge3 merge_sort3 
merge3 merge_sort3 
merge3 merge_sort3 
merge3 merge_sort3 
merge3 merge_sort3 
merge3 merge_sort3 
merge3 merge_sort3 
merge3 merge_sort3 
merge3 merge_sort3 
merge3 merge_sort3 
merge3 merge_sort3 
merge3 merge_sort3 
merge3 merge_sort3 
merge3 merge_sort3 
merge3 merge_sort3 
merge3 merge_sort3 
merge3 merge_sort3 
merge3 merge_sort3 
merge3 merge_sort3 
merge3 merge_sort3 
merge3 merge_sort3 
merge3 merge_sort3 
merge3 merge_sort3 
merge3 merge_sort3 
merge3 merge_sort3 
merge3 merge_sort3 
merge3 merge_sort3 
merge3 merge_sort3 
merge3 merge_sort3 
merge3 merge_sort3 
merge3 merge_sort3 
merge3 merge_sort3 
merge3 merge_sort3 
merge3 merge_sort3 
merge3 merge_sort3 
merge3 merge_sort3 
merge3 merge_sort3 
merge3 merge_sort3 
merge3 merge_sort3 
merge3 merge_sort3 
merge3 merge_sort3 
merge3 merge_sort3 
merge3 merge_sort3 
merge3 merge_sort3 
merge3 merge_sort3 
merge3 merge_sort3 
merge3 merge_sort3 
merge3 merge_sort3 
merge3 merge_sort3 
merge3 merge_sort3 
merge3 merge_sort3 
merge3 merge_sort3 
merge3 merge_sort3 
merge3 merge_sort3 
merge3 merge_sort3 
merge3 merge_sort3 
merge3 merge_sort3 
merge3 merge_sort3 
merge3 merge_sort3 
merge3 merge_sort3 
merge3 merge_sort3 
merge3 merge_sort3 
merge3 merge_sort3 
merge3 merge_sort3 
merge3 merge_sort3 
merge3 merge_sort3 
merge3 merge_sort3 
merge3 merge_sort3 
merge3 merge_sort3 
merge3 merge_sort3 
merge3 merge_sort3 
merge3 merge_sort3 
merge3 merge_sort3 
merge3 merge_sort3 
merge3 merge_sort3 
merge3 merge_sort3 
merge3 merge_sort3 
merge3 merge_sort3 
merge3 merge_sort3 
merge3 merge_sort3 
merge3 merge_sort3 
merge3 merge_sort3 
merge3 merge_sort3 
merge3 merge_sort3 
merge3 merge_sort3 
merge3 merge_sort3 
merge3 merge_sort3 
merge3 merge_sort3 
merge3 merge_sort3 
merge3 merge_sort3 
merge3 merge_sort3 
merge3 merge_sort3 
merge3 merge_sort3 
merge3 merge_sort3 
merge3 merge_sort3 
merge3 merge_sort3 
merge3 merge_sort3 
merge3 merge_sort3 
merge3 merge_sort3 
merge3 merge_sort3 
merge3 merge_sort3 
merge3 merge_sort3 
merge3 merge_sort3 
merge3 merge_sort3 
merge3 merge_sort3 
merge3 merge_sort3 
merge3 merge_sort3 
merge3 merge_sort3 
- merge3 merge_sort3 
| merge3 merge_sort3 
merge3 merge_sort3 
