sample.interval=20000
c merge_sort2 
c merge_sort2 
c merge_sort2 
c merge_sort2 
c merge_sort2 
c merge_sort2 
c merge_sort2 
c merge_sort2 
c merge_sort2 
c merge_sort2 
c merge_sort2 
c merge_sort2 
c merge_sort2 
c merge_sort2 
c merge_sort2 
c merge_sort2 
c merge_sort2 
c merge_sort2 
c merge_sort2 merge_sort2 
c merge_sort2 merge_sort2 
c merge_sort2 merge_sort2 
c merge_sort2 merge_sort2 
merge_sort2 merge_sort2 
c merge_sort2 merge_sort2 merge_sort2 
merge_sort2 merge_sort2 merge_sort2 merge_sort2 merge_sort2 merge_sort2 merge_sort2 merge_sort2 merge_sort2 merge_sort2 merge_sort2 merge_sort2 merge_sort2 merge_sort2 merge_sort2 
merge_sort2 merge_sort2 merge_sort2 merge_sort2 merge_sort2 merge_sort2 merge_sort2 merge_sort2 merge_sort2 merge_sort2 merge_sort2 merge_sort2 merge_sort2 merge_sort2 merge_sort2 merge_sort2 
merge2 merge_sort2 merge_sort2 merge_sort2 merge_sort2 merge_sort2 merge_sort2 merge_sort2 
merge2 merge_sort2 merge_sort2 merge_sort2 merge_sort2 merge_sort2 merge_sort2 merge_sort2 merge_sort2 merge_sort2 merge_sort2 merge_sort2 merge_sort2 merge_sort2 merge_sort2 
+ merge_sort2 merge_sort2 merge_sort2 merge_sort2 merge_sort2 merge_sort2 merge_sort2 merge_sort2 merge_sort2 merge_sort2 merge_sort2 merge_sort2 merge_sort2 
merge_sort2 merge_sort2 merge_sort2 merge_sort2 merge_sort2 merge_sort2 merge_sort2 merge_sort2 merge_sort2 merge_sort2 merge_sort2 merge_sort2 merge_sort2 merge_sort2 merge_sort2 
merge2 merge_sort2 merge_sort2 merge_sort2 merge_sort2 merge_sort2 merge_sort2 merge_sort2 merge_sort2 merge_sort2 merge_sort2 merge_sort2 merge_sort2 
| merge2 merge_sort2 merge_sort2 merge_sort2 merge_sort2 merge_sort2 merge_sort2 merge_sort2 merge_sort2 merge_sort2 merge_sort2 merge_sort2 merge_sort2 merge_sort2 
merge2 merge_sort2 merge_sort2 merge_sort2 merge_sort2 merge_sort2 merge_sort2 merge_sort2 merge_sort2 merge_sort2 merge_sort2 
> merge2 merge_sort2 merge_sort2 merge_sort2 merge_sort2 merge_sort2 merge_sort2 
merge2 merge_sort2 merge_sort2 merge_sort2 merge_sort2 merge_sort2 
> merge2 merge_sort2 merge_sort2 merge_sort2 merge_sort2 merge_sort2 merge_sort2 merge_sort2 merge_sort2 
merge_sort2 merge_sort2 merge_sort2 merge_sort2 merge_sort2 merge_sort2 merge_sort2 merge_sort2 
merge_sort2 merge_sort2 merge_sort2 merge_sort2 merge_sort2 merge_sort2 merge_sort2 merge_sort2 merge_sort2 merge_sort2 merge_sort2 merge_sort2 merge_sort2 merge_sort2 
merge2 merge_sort2 merge_sort2 merge_sort2 merge_sort2 merge_sort2 merge_sort2 
merge2 merge_sort2 merge_sort2 merge_sort2 merge_sort2 merge_sort2 merge_sort2 merge_sort2 merge_sort2 merge_sort2 merge_sort2 merge_sort2 merge_sort2 merge_sort2 merge_sort2 
merge2 merge_sort2 merge_sort2 merge_sort2 merge_sort2 merge_sort2 merge_sort2 merge_sort2 merge_sort2 merge_sort2 merge_sort2 merge_sort2 merge_sort2 merge_sort2 merge_sort2 merge_sort2 
merge_sort2 merge_sort2 merge_sort2 merge_sort2 merge_sort2 merge_sort2 merge_sort2 merge_sort2 merge_sort2 merge_sort2 merge_sort2 merge_sort2 merge_sort2 merge_sort2 merge_sort2 merge_sort2 
> merge2 merge_sort2 merge_sort2 merge_sort2 merge_sort2 merge_sort2 merge_sort2 merge_sort2 merge_sort2 merge_sort2 merge_sort2 merge_sort2 merge_sort2 merge_sort2 merge_sort2 
merge2 merge_sort2 merge_sort2 merge_sort2 merge_sort2 merge_sort2 merge_sort2 
merge2 merge_sort2 merge_sort2 merge_sort2 merge_sort2 merge_sort2 
merge2 merge_sort2 merge_sort2 merge_sort2 merge_sort2 
c merge2 merge_sort2 merge_sort2 merge_sort2 merge_sort2 
c merge2 merge_sort2 merge_sort2 merge_sort2 merge_sort2 
merge2 merge_sort2 merge_sort2 merge_sort2 merge_sort2 merge_sort2 merge_sort2 merge_sort2 merge_sort2 merge_sort2 merge_sort2 merge_sort2 merge_sort2 merge_sort2 
merge2 merge_sort2 merge_sort2 merge_sort2 merge_sort2 merge_sort2 merge_sort2 merge_sort2 merge_sort2 merge_sort2 merge_sort2 merge_sort2 merge_sort2 
merge2 merge_sort2 merge_sort2 merge_sort2 merge_sort2 merge_sort2 merge_sort2 merge_sort2 merge_sort2 merge_sort2 merge_sort2 merge_sort2 
merge2 merge_sort2 merge_sort2 merge_sort2 merge_sort2 merge_sort2 merge_sort2 merge_sort2 merge_sort2 merge_sort2 merge_sort2 merge_sort2 merge_sort2 merge_sort2 merge_sort2 merge_sort2 
merge2 merge_sort2 merge_sort2 merge_sort2 merge_sort2 merge_sort2 merge_sort2 merge_sort2 merge_sort2 merge_sort2 merge_sort2 merge_sort2 merge_sort2 merge_sort2 merge_sort2 merge_sort2 
merge2 merge_sort2 merge_sort2 merge_sort2 merge_sort2 merge_sort2 merge_sort2 merge_sort2 merge_sort2 merge_sort2 merge_sort2 
merge2 merge_sort2 merge_sort2 merge_sort2 merge_sort2 merge_sort2 merge_sort2 merge_sort2 merge_sort2 merge_sort2 merge_sort2 merge_sort2 merge_sort2 
> merge2 merge_sort2 merge_sort2 merge_sort2 merge_sort2 merge_sort2 merge_sort2 merge_sort2 merge_sort2 merge_sort2 merge_sort2 merge_sort2 merge_sort2 merge_sort2 
merge2 merge_sort2 merge_sort2 merge_sort2 merge_sort2 merge_sort2 
c merge2 merge_sort2 merge_sort2 merge_sort2 merge_sort2 merge_sort2 
merge2 merge_sort2 merge_sort2 merge_sort2 merge_sort2 merge_sort2 merge_sort2 merge_sort2 merge_sort2 merge_sort2 merge_sort2 merge_sort2 merge_sort2 merge_sort2 
merge_sort2 merge_sort2 merge_sort2 merge_sort2 merge_sort2 merge_sort2 merge_sort2 merge_sort2 merge_sort2 merge_sort2 merge_sort2 merge_sort2 merge_sort2 merge_sort2 merge_sort2 
- merge2 merge_sort2 merge_sort2 merge_sort2 merge_sort2 merge_sort2 merge_sort2 merge_sort2 merge_sort2 merge_sort2 merge_sort2 merge_sort2 merge_sort2 merge_sort2 merge_sort2 
> merge2 merge_sort2 merge_sort2 merge_sort2 merge_sort2 merge_sort2 merge_sort2 merge_sort2 merge_sort2 merge_sort2 merge_sort2 
& merge2 merge_sort2 merge_sort2 merge_sort2 merge_sort2 merge_sort2 merge_sort2 merge_sort2 
merge2 merge_sort2 merge_sort2 merge_sort2 merge_sort2 merge_sort2 merge_sort2 merge_sort2 merge_sort2 merge_sort2 merge_sort2 merge_sort2 
merge2 merge_sort2 merge_sort2 merge_sort2 merge_sort2 merge_sort2 merge_sort2 merge_sort2 merge_sort2 
merge2 merge_sort2 merge_sort2 merge_sort2 merge_sort2 merge_sort2 merge_sort2 merge_sort2 merge_sort2 merge_sort2 
merge_sort2 merge_sort2 merge_sort2 merge_sort2 merge_sort2 merge_sort2 merge_sort2 merge_sort2 merge_sort2 merge_sort2 merge_sort2 merge_sort2 merge_sort2 merge_sort2 merge_sort2 
> merge2 merge_sort2 merge_sort2 merge_sort2 merge_sort2 merge_sort2 merge_sort2 merge_sort2 merge_sort2 merge_sort2 merge_sort2 merge_sort2 
merge2 merge_sort2 merge_sort2 merge_sort2 merge_sort2 merge_sort2 merge_sort2 
merge2 merge_sort2 merge_sort2 merge_sort2 merge_sort2 merge_sort2 
merge2 merge_sort2 merge_sort2 merge_sort2 merge_sort2 
merge2 merge_sort2 merge_sort2 merge_sort2 merge_sort2 
merge2 merge_sort2 merge_sort2 merge_sort2 merge_sort2 
merge2 merge_sort2 merge_sort2 merge_sort2 merge_sort2 
merge2 merge_sort2 merge_sort2 merge_sort2 
merge2 merge_sort2 merge_sort2 merge_sort2 
merge2 merge_sort2 merge_sort2 merge_sort2 
merge2 merge_sort2 merge_sort2 merge_sort2 
merge2 merge_sort2 merge_sort2 merge_sort2 
merge2 merge_sort2 merge_sort2 merge_sort2 
merge2 merge_sort2 merge_sort2 merge_sort2 
merge2 merge_sort2 merge_sort2 merge_sort2 
merge2 merge_sort2 merge_sort2 merge_sort2 
| merge2 merge_sort2 merge_sort2 merge_sort2 
merge2 merge_sort2 merge_sort2 merge_sort2 
merge2 merge_sort2 merge_sort2 merge_sort2 
merge2 merge_sort2 merge_sort2 merge_sort2 
c merge_sort2 merge_sort2 merge_sort2 
c merge_sort2 merge_sort2 merge_sort2 merge_sort2 
merge_sort2 merge_sort2 merge_sort2 merge_sort2 merge_sort2 merge_sort2 merge_sort2 merge_sort2 merge_sort2 merge_sort2 merge_sort2 merge_sort2 merge_sort2 merge_sort2 merge_sort2 
merge2 merge_sort2 merge_sort2 merge_sort2 merge_sort2 merge_sort2 merge_sort2 merge_sort2 merge_sort2 merge_sort2 
merge2 merge_sort2 merge_sort2 merge_sort2 merge_sort2 merge_sort2 merge_sort2 merge_sort2 merge_sort2 merge_sort2 merge_sort2 
merge2 merge_sort2 merge_sort2 merge_sort2 merge_sort2 merge_sort2 merge_sort2 merge_sort2 merge_sort2 merge_sort2 merge_sort2 
> merge2 merge_sort2 merge_sort2 merge_sort2 merge_sort2 merge_sort2 merge_sort2 
merge_sort2 merge_sort2 merge_sort2 merge_sort2 merge_sort2 merge_sort2 merge_sort2 merge_sort2 merge_sort2 merge_sort2 
> merge2 merge_sort2 merge_sort2 merge_sort2 merge_sort2 merge_sort2 merge_sort2 merge_sort2 merge_sort2 merge_sort2 merge_sort2 merge_sort2 
merge2 merge_sort2 merge_sort2 merge_sort2 merge_sort2 merge_sort2 merge_sort2 merge_sort2 merge_sort2 merge_sort2 merge_sort2 
> merge2 merge_sort2 merge_sort2 merge_sort2 merge_sort2 merge_sort2 merge_sort2 merge_sort2 merge_sort2 merge_sort2 
merge2 merge_sort2 merge_sort2 merge_sort2 merge_sort2 merge_sort2 
merge2 merge_sort2 merge_sort2 merge_sort2 merge_sort2 merge_sort2 merge_sort2 merge_sort2 merge_sort2 merge_sort2 merge_sort2 merge_sort2 
merge_sort2 merge_sort2 merge_sort2 merge_sort2 merge_sort2 merge_sort2 merge_sort2 merge_sort2 merge_sort2 merge_sort2 merge_sort2 merge_sort2 
merge2 merge_sort2 merge_sort2 merge_sort2 merge_sort2 merge_sort2 merge_sort2 merge_sort2 merge_sort2 merge_sort2 
merge_sort2 merge_sort2 merge_sort2 merge_sort2 merge_sort2 merge_sort2 merge_sort2 merge_sort2 merge_sort2 merge_sort2 merge_sort2 merge_sort2 merge_sort2 merge_sort2 
merge2 merge_sort2 merge_sort2 merge_sort2 merge_sort2 merge_sort2 merge_sort2 
merge2 merge_sort2 merge_sort2 merge_sort2 merge_sort2 merge_sort2 merge_sort2 merge_sort2 merge_sort2 
merge2 merge_sort2 merge_sort2 merge_sort2 merge_sort2 merge_sort2 merge_sort2 merge_sort2 
merge2 merge_sort2 merge_sort2 merge_sort2 merge_sort2 merge_sort2 merge_sort2 merge_sort2 merge_sort2 merge_sort2 merge_sort2 merge_sort2 merge_sort2 merge_sort2 
merge2 merge_sort2 merge_sort2 merge_sort2 merge_sort2 merge_sort2 merge_sort2 
merge2 merge_sort2 merge_sort2 merge_sort2 merge_sort2 merge_sort2 
merge2 merge_sort2 merge_sort2 merge_sort2 merge_sort2 
c merge2 merge_sort2 merge_sort2 merge_sort2 merge_sort2 
merge2 merge_sort2 merge_sort2 merge_sort2 merge_sort2 
c merge_sort2 merge_sort2 merge_sort2 merge_sort2 
merge2 merge_sort2 merge_sort2 merge_sort2 merge_sort2 merge_sort2 merge_sort2 merge_sort2 merge_sort2 
merge2 merge_sort2 merge_sort2 merge_sort2 merge_sort2 merge_sort2 merge_sort2 merge_sort2 
merge2 merge_sort2 merge_sort2 merge_sort2 merge_sort2 merge_sort2 merge_sort2 merge_sort2 merge_sort2 merge_sort2 merge_sort2 merge_sort2 merge_sort2 merge_sort2 merge_sort2 
length merge2 merge_sort2 merge_sort2 merge_sort2 merge_sort2 merge_sort2 merge_sort2 merge_sort2 merge_sort2 
merge2 merge_sort2 merge_sort2 merge_sort2 merge_sort2 merge_sort2 merge_sort2 merge_sort2 merge_sort2 merge_sort2 merge_sort2 
merge2 merge_sort2 merge_sort2 merge_sort2 merge_sort2 merge_sort2 merge_sort2 merge_sort2 merge_sort2 merge_sort2 merge_sort2 merge_sort2 merge_sort2 
merge2 merge_sort2 merge_sort2 merge_sort2 merge_sort2 merge_sort2 merge_sort2 merge_sort2 merge_sort2 merge_sort2 merge_sort2 merge_sort2 
merge_sort2 merge_sort2 merge_sort2 merge_sort2 merge_sort2 merge_sort2 merge_sort2 merge_sort2 merge_sort2 merge_sort2 merge_sort2 
merge2 merge_sort2 merge_sort2 merge_sort2 merge_sort2 merge_sort2 
c merge_sort2 merge_sort2 merge_sort2 merge_sort2 merge_sort2 
c merge_sort2 merge_sort2 merge_sort2 merge_sort2 merge_sort2 
merge_sort2 merge_sort2 merge_sort2 merge_sort2 merge_sort2 merge_sort2 merge_sort2 
merge2 merge_sort2 merge_sort2 merge_sort2 merge_sort2 merge_sort2 merge_sort2 merge_sort2 merge_sort2 merge_sort2 merge_sort2 merge_sort2 merge_sort2 merge_sort2 merge_sort2 merge_sort2 
length merge2 merge_sort2 merge_sort2 merge_sort2 merge_sort2 merge_sort2 merge_sort2 merge_sort2 merge_sort2 merge_sort2 merge_sort2 merge_sort2 merge_sort2 
merge_sort2 merge_sort2 merge_sort2 merge_sort2 merge_sort2 merge_sort2 merge_sort2 merge_sort2 merge_sort2 merge_sort2 merge_sort2 merge_sort2 merge_sort2 merge_sort2 merge_sort2 
merge2 merge_sort2 merge_sort2 merge_sort2 merge_sort2 merge_sort2 merge_sort2 
merge2 merge_sort2 merge_sort2 merge_sort2 merge_sort2 merge_sort2 merge_sort2 merge_sort2 merge_sort2 merge_sort2 merge_sort2 
merge2 merge_sort2 merge_sort2 merge_sort2 merge_sort2 merge_sort2 merge_sort2 merge_sort2 
merge2 merge_sort2 merge_sort2 merge_sort2 merge_sort2 merge_sort2 merge_sort2 merge_sort2 merge_sort2 merge_sort2 merge_sort2 merge_sort2 merge_sort2 merge_sort2 merge_sort2 
length merge2 merge_sort2 merge_sort2 merge_sort2 merge_sort2 merge_sort2 merge_sort2 
merge2 merge_sort2 merge_sort2 merge_sort2 merge_sort2 merge_sort2 
merge2 merge_sort2 merge_sort2 merge_sort2 merge_sort2 
merge2 merge_sort2 merge_sort2 merge_sort2 merge_sort2 
merge2 merge_sort2 merge_sort2 merge_sort2 merge_sort2 
merge2 merge_sort2 merge_sort2 merge_sort2 
merge2 merge_sort2 merge_sort2 merge_sort2 
c merge2 merge_sort2 merge_sort2 merge_sort2 
merge2 merge_sort2 merge_sort2 merge_sort2 
merge2 merge_sort2 merge_sort2 merge_sort2 
c merge2 merge_sort2 merge_sort2 merge_sort2 
merge2 merge_sort2 merge_sort2 merge_sort2 
> merge2 merge_sort2 merge_sort2 merge_sort2 
merge2 merge_sort2 merge_sort2 merge_sort2 
merge2 merge_sort2 merge_sort2 
merge2 merge_sort2 merge_sort2 
c merge2 merge_sort2 merge_sort2 
merge2 merge_sort2 merge_sort2 
merge2 merge_sort2 merge_sort2 
merge2 merge_sort2 merge_sort2 
merge2 merge_sort2 merge_sort2 
merge2 merge_sort2 merge_sort2 
merge2 merge_sort2 merge_sort2 
merge2 merge_sort2 merge_sort2 
merge2 merge_sort2 merge_sort2 
merge2 merge_sort2 merge_sort2 
merge2 merge_sort2 merge_sort2 
merge2 merge_sort2 merge_sort2 
merge2 merge_sort2 merge_sort2 
merge2 merge_sort2 merge_sort2 
merge2 merge_sort2 merge_sort2 
merge2 merge_sort2 merge_sort2 
merge2 merge_sort2 merge_sort2 
merge2 merge_sort2 merge_sort2 
c merge2 merge_sort2 merge_sort2 
c merge2 merge_sort2 merge_sort2 
merge2 merge_sort2 merge_sort2 
merge2 merge_sort2 merge_sort2 
merge2 merge_sort2 merge_sort2 
c merge2 merge_sort2 merge_sort2 
c merge2 merge_sort2 merge_sort2 
merge2 merge_sort2 merge_sort2 
merge2 merge_sort2 merge_sort2 
c merge2 merge_sort2 merge_sort2 
c merge2 merge_sort2 merge_sort2 
merge2 merge_sort2 merge_sort2 
c merge2 merge_sort2 merge_sort2 
c merge2 merge_sort2 merge_sort2 
merge2 merge_sort2 merge_sort2 
c merge_sort2 merge_sort2 
c merge_sort2 merge_sort2 
merge_sort2 merge_sort2 
c merge_sort2 merge_sort2 
c merge_sort2 merge_sort2 
merge_sort2 merge_sort2 merge_sort2 
c merge_sort2 merge_sort2 merge_sort2 
c merge_sort2 merge_sort2 merge_sort2 
c merge_sort2 merge_sort2 merge_sort2 merge_sort2 merge_sort2 
merge2 merge_sort2 merge_sort2 merge_sort2 merge_sort2 merge_sort2 merge_sort2 merge_sort2 merge_sort2 merge_sort2 merge_sort2 merge_sort2 merge_sort2 merge_sort2 
merge2 merge_sort2 merge_sort2 merge_sort2 merge_sort2 merge_sort2 merge_sort2 merge_sort2 merge_sort2 merge_sort2 merge_sort2 merge_sort2 merge_sort2 merge_sort2 
merge2 merge_sort2 merge_sort2 merge_sort2 merge_sort2 merge_sort2 merge_sort2 merge_sort2 merge_sort2 merge_sort2 merge_sort2 merge_sort2 
merge2 merge_sort2 merge_sort2 merge_sort2 merge_sort2 merge_sort2 merge_sort2 merge_sort2 merge_sort2 merge_sort2 merge_sort2 merge_sort2 merge_sort2 
merge2 merge_sort2 merge_sort2 merge_sort2 merge_sort2 merge_sort2 merge_sort2 merge_sort2 
merge_sort2 merge_sort2 merge_sort2 merge_sort2 merge_sort2 merge_sort2 merge_sort2 merge_sort2 merge_sort2 merge_sort2 merge_sort2 merge_sort2 merge_sort2 merge_sort2 
merge2 merge_sort2 merge_sort2 merge_sort2 merge_sort2 merge_sort2 merge_sort2 merge_sort2 merge_sort2 merge_sort2 merge_sort2 merge_sort2 merge_sort2 merge_sort2 merge_sort2 
merge2 merge_sort2 merge_sort2 merge_sort2 merge_sort2 merge_sort2 merge_sort2 merge_sort2 merge_sort2 
merge2 merge_sort2 merge_sort2 merge_sort2 merge_sort2 merge_sort2 merge_sort2 merge_sort2 merge_sort2 merge_sort2 merge_sort2 
merge_sort2 merge_sort2 merge_sort2 merge_sort2 merge_sort2 merge_sort2 merge_sort2 merge_sort2 merge_sort2 merge_sort2 merge_sort2 merge_sort2 
| merge2 merge_sort2 merge_sort2 merge_sort2 merge_sort2 merge_sort2 merge_sort2 
> merge2 merge_sort2 merge_sort2 merge_sort2 merge_sort2 merge_sort2 
merge_sort2 merge_sort2 merge_sort2 merge_sort2 merge_sort2 merge_sort2 merge_sort2 
merge2 merge_sort2 merge_sort2 merge_sort2 merge_sort2 merge_sort2 merge_sort2 merge_sort2 merge_sort2 
merge_sort2 merge_sort2 merge_sort2 merge_sort2 merge_sort2 merge_sort2 merge_sort2 merge_sort2 merge_sort2 merge_sort2 merge_sort2 merge_sort2 merge_sort2 merge_sort2 
merge2 merge_sort2 merge_sort2 merge_sort2 merge_sort2 merge_sort2 merge_sort2 merge_sort2 merge_sort2 merge_sort2 
/ merge_sort2 merge_sort2 merge_sort2 merge_sort2 merge_sort2 merge_sort2 merge_sort2 merge_sort2 merge_sort2 merge_sort2 merge_sort2 merge_sort2 merge_sort2 merge_sort2 merge_sort2 
merge2 merge_sort2 merge_sort2 merge_sort2 merge_sort2 merge_sort2 merge_sort2 
length merge2 merge_sort2 merge_sort2 merge_sort2 merge_sort2 merge_sort2 merge_sort2 merge_sort2 merge_sort2 merge_sort2 merge_sort2 merge_sort2 merge_sort2 
> merge2 merge_sort2 merge_sort2 merge_sort2 merge_sort2 merge_sort2 merge_sort2 merge_sort2 merge_sort2 merge_sort2 merge_sort2 merge_sort2 merge_sort2 merge_sort2 
merge2 merge_sort2 merge_sort2 merge_sort2 merge_sort2 merge_sort2 merge_sort2 merge_sort2 merge_sort2 merge_sort2 merge_sort2 merge_sort2 merge_sort2 
floor merge_sort2 merge_sort2 merge_sort2 merge_sort2 merge_sort2 merge_sort2 merge_sort2 merge_sort2 merge_sort2 merge_sort2 merge_sort2 merge_sort2 merge_sort2 merge_sort2 
merge2 merge_sort2 merge_sort2 merge_sort2 merge_sort2 merge_sort2 
merge2 merge_sort2 merge_sort2 merge_sort2 merge_sort2 merge_sort2 
merge2 merge_sort2 merge_sort2 merge_sort2 merge_sort2 
<= merge2 merge_sort2 merge_sort2 merge_sort2 merge_sort2 
merge2 merge_sort2 merge_sort2 merge_sort2 merge_sort2 
c merge_sort2 merge_sort2 merge_sort2 merge_sort2 
merge2 merge_sort2 merge_sort2 merge_sort2 merge_sort2 merge_sort2 merge_sort2 merge_sort2 merge_sort2 merge_sort2 merge_sort2 merge_sort2 
merge2 merge_sort2 merge_sort2 merge_sort2 merge_sort2 merge_sort2 merge_sort2 merge_sort2 merge_sort2 merge_sort2 merge_sort2 merge_sort2 merge_sort2 
merge2 merge_sort2 merge_sort2 merge_sort2 merge_sort2 merge_sort2 merge_sort2 merge_sort2 merge_sort2 merge_sort2 merge_sort2 
c merge_sort2 merge_sort2 merge_sort2 merge_sort2 merge_sort2 merge_sort2 merge_sort2 merge_sort2 merge_sort2 
| merge2 merge_sort2 merge_sort2 merge_sort2 merge_sort2 merge_sort2 merge_sort2 merge_sort2 merge_sort2 
merge_sort2 merge_sort2 merge_sort2 merge_sort2 merge_sort2 merge_sort2 merge_sort2 merge_sort2 merge_sort2 merge_sort2 merge_sort2 merge_sort2 merge_sort2 merge_sort2 merge_sort2 merge_sort2 
merge2 merge_sort2 merge_sort2 merge_sort2 merge_sort2 merge_sort2 merge_sort2 merge_sort2 merge_sort2 merge_sort2 merge_sort2 merge_sort2 merge_sort2 merge_sort2 
merge_sort2 merge_sort2 merge_sort2 merge_sort2 merge_sort2 merge_sort2 merge_sort2 merge_sort2 merge_sort2 merge_sort2 merge_sort2 merge_sort2 merge_sort2 merge_sort2 
merge_sort2 merge_sort2 merge_sort2 merge_sort2 merge_sort2 merge_sort2 merge_sort2 merge_sort2 merge_sort2 merge_sort2 
merge2 merge_sort2 merge_sort2 merge_sort2 merge_sort2 merge_sort2 merge_sort2 merge_sort2 
merge2 merge_sort2 merge_sort2 merge_sort2 merge_sort2 merge_sort2 
merge_sort2 merge_sort2 merge_sort2 merge_sort2 merge_sort2 merge_sort2 merge_sort2 merge_sort2 merge_sort2 merge_sort2 merge_sort2 merge_sort2 merge_sort2 
c merge2 merge_sort2 merge_sort2 merge_sort2 merge_sort2 merge_sort2 merge_sort2 merge_sort2 merge_sort2 merge_sort2 merge_sort2 merge_sort2 merge_sort2 
merge2 merge_sort2 merge_sort2 merge_sort2 merge_sort2 merge_sort2 merge_sort2 merge_sort2 
merge_sort2 merge_sort2 merge_sort2 merge_sort2 merge_sort2 merge_sort2 merge_sort2 merge_sort2 merge_sort2 
merge2 merge_sort2 merge_sort2 merge_sort2 merge_sort2 merge_sort2 merge_sort2 
merge2 merge_sort2 merge_sort2 merge_sort2 merge_sort2 merge_sort2 merge_sort2 merge_sort2 merge_sort2 merge_sort2 merge_sort2 merge_sort2 merge_sort2 merge_sort2 
merge2 merge_sort2 merge_sort2 merge_sort2 merge_sort2 merge_sort2 merge_sort2 merge_sort2 merge_sort2 merge_sort2 merge_sort2 merge_sort2 merge_sort2 merge_sort2 merge_sort2 merge_sort2 
| merge2 merge_sort2 merge_sort2 merge_sort2 merge_sort2 merge_sort2 merge_sort2 merge_sort2 merge_sort2 merge_sort2 merge_sort2 merge_sort2 merge_sort2 merge_sort2 merge_sort2 merge_sort2 
merge2 merge_sort2 merge_sort2 merge_sort2 merge_sort2 merge_sort2 merge_sort2 merge_sort2 merge_sort2 merge_sort2 merge_sort2 merge_sort2 
- merge2 merge_sort2 merge_sort2 merge_sort2 merge_sort2 merge_sort2 merge_sort2 
> merge2 merge_sort2 merge_sort2 merge_sort2 merge_sort2 merge_sort2 
merge2 merge_sort2 merge_sort2 merge_sort2 merge_sort2 
merge2 merge_sort2 merge_sort2 merge_sort2 merge_sort2 
c merge2 merge_sort2 merge_sort2 merge_sort2 merge_sort2 
merge2 merge_sort2 merge_sort2 merge_sort2 
merge2 merge_sort2 merge_sort2 merge_sort2 
merge2 merge_sort2 merge_sort2 merge_sort2 
merge2 merge_sort2 merge_sort2 merge_sort2 
c merge2 merge_sort2 merge_sort2 merge_sort2 
c merge2 merge_sort2 merge_sort2 merge_sort2 
merge2 merge_sort2 merge_sort2 merge_sort2 
merge2 merge_sort2 merge_sort2 merge_sort2 
merge2 merge_sort2 merge_sort2 merge_sort2 
merge2 merge_sort2 merge_sort2 merge_sort2 
merge2 merge_sort2 merge_sort2 merge_sort2 
merge_sort2 merge_sort2 merge_sort2 
c merge_sort2 merge_sort2 merge_sort2 merge_sort2 
merge_sort2 merge_sort2 merge_sort2 merge_sort2 merge_sort2 merge_sort2 merge_sort2 merge_sort2 merge_sort2 merge_sort2 merge_sort2 
merge2 merge_sort2 merge_sort2 merge_sort2 merge_sort2 merge_sort2 merge_sort2 merge_sort2 
merge2 merge_sort2 merge_sort2 merge_sort2 merge_sort2 merge_sort2 merge_sort2 merge_sort2 merge_sort2 
> merge2 merge_sort2 merge_sort2 merge_sort2 merge_sort2 merge_sort2 merge_sort2 merge_sort2 merge_sort2 
| merge2 merge_sort2 merge_sort2 merge_sort2 merge_sort2 merge_sort2 merge_sort2 merge_sort2 merge_sort2 merge_sort2 merge_sort2 merge_sort2 merge_sort2 merge_sort2 merge_sort2 
c merge_sort2 merge_sort2 merge_sort2 merge_sort2 merge_sort2 merge_sort2 merge_sort2 merge_sort2 merge_sort2 
merge_sort2 merge_sort2 merge_sort2 merge_sort2 merge_sort2 merge_sort2 merge_sort2 merge_sort2 merge_sort2 merge_sort2 merge_sort2 merge_sort2 merge_sort2 merge_sort2 merge_sort2 merge_sort2 
merge_sort2 merge_sort2 merge_sort2 merge_sort2 merge_sort2 merge_sort2 merge_sort2 merge_sort2 merge_sort2 merge_sort2 merge_sort2 merge_sort2 merge_sort2 merge_sort2 merge_sort2 merge_sort2 
merge2 merge_sort2 merge_sort2 merge_sort2 merge_sort2 merge_sort2 merge_sort2 
merge2 merge_sort2 merge_sort2 merge_sort2 merge_sort2 merge_sort2 
merge2 merge_sort2 merge_sort2 merge_sort2 merge_sort2 merge_sort2 merge_sort2 merge_sort2 merge_sort2 merge_sort2 
merge2 merge_sort2 merge_sort2 merge_sort2 merge_sort2 merge_sort2 merge_sort2 merge_sort2 merge_sort2 merge_sort2 merge_sort2 merge_sort2 merge_sort2 
merge2 merge_sort2 merge_sort2 merge_sort2 merge_sort2 merge_sort2 merge_sort2 merge_sort2 merge_sort2 merge_sort2 merge_sort2 merge_sort2 merge_sort2 merge_sort2 merge_sort2 merge_sort2 
merge2 merge_sort2 merge_sort2 merge_sort2 merge_sort2 merge_sort2 merge_sort2 merge_sort2 merge_sort2 merge_sort2 
> merge2 merge_sort2 merge_sort2 merge_sort2 merge_sort2 merge_sort2 merge_sort2 merge_sort2 merge_sort2 merge_sort2 merge_sort2 merge_sort2 merge_sort2 merge_sort2 merge_sort2 
merge_sort2 merge_sort2 merge_sort2 merge_sort2 merge_sort2 merge_sort2 merge_sort2 merge_sort2 merge_sort2 merge_sort2 merge_sort2 merge_sort2 
merge2 merge_sort2 merge_sort2 merge_sort2 merge_sort2 merge_sort2 merge_sort2 merge_sort2 merge_sort2 merge_sort2 merge_sort2 merge_sort2 merge_sort2 merge_sort2 merge_sort2 
| merge2 merge_sort2 merge_sort2 merge_sort2 merge_sort2 merge_sort2 merge_sort2 merge_sort2 merge_sort2 merge_sort2 merge_sort2 
merge2 merge_sort2 merge_sort2 merge_sort2 merge_sort2 merge_sort2 merge_sort2 
merge2 merge_sort2 merge_sort2 merge_sort2 merge_sort2 merge_sort2 
merge2 merge_sort2 merge_sort2 merge_sort2 merge_sort2 
merge2 merge_sort2 merge_sort2 merge_sort2 merge_sort2 
merge2 merge_sort2 merge_sort2 merge_sort2 merge_sort2 
merge_sort2 merge_sort2 merge_sort2 merge_sort2 merge_sort2 merge_sort2 merge_sort2 merge_sort2 merge_sort2 merge_sort2 merge_sort2 merge_sort2 merge_sort2 merge_sort2 
merge_sort2 merge_sort2 merge_sort2 merge_sort2 merge_sort2 merge_sort2 merge_sort2 merge_sort2 merge_sort2 merge_sort2 merge_sort2 merge_sort2 
merge2 merge_sort2 merge_sort2 merge_sort2 merge_sort2 merge_sort2 merge_sort2 merge_sort2 merge_sort2 merge_sort2 merge_sort2 merge_sort2 merge_sort2 merge_sort2 merge_sort2 
merge2 merge_sort2 merge_sort2 merge_sort2 merge_sort2 merge_sort2 merge_sort2 merge_sort2 merge_sort2 
merge2 merge_sort2 merge_sort2 merge_sort2 merge_sort2 merge_sort2 merge_sort2 merge_sort2 
merge2 merge_sort2 merge_sort2 merge_sort2 merge_sort2 merge_sort2 merge_sort2 merge_sort2 merge_sort2 merge_sort2 merge_sort2 merge_sort2 merge_sort2 merge_sort2 merge_sort2 
merge2 merge_sort2 merge_sort2 merge_sort2 merge_sort2 merge_sort2 merge_sort2 merge_sort2 merge_sort2 merge_sort2 merge_sort2 merge_sort2 merge_sort2 merge_sort2 merge_sort2 
length merge2 merge_sort2 merge_sort2 merge_sort2 merge_sort2 merge_sort2 merge_sort2 merge_sort2 merge_sort2 merge_sort2 merge_sort2 merge_sort2 merge_sort2 merge_sort2 merge_sort2 
> merge2 merge_sort2 merge_sort2 merge_sort2 merge_sort2 merge_sort2 merge_sort2 merge_sort2 merge_sort2 
merge2 merge_sort2 merge_sort2 merge_sort2 merge_sort2 merge_sort2 
> merge2 merge_sort2 merge_sort2 merge_sort2 merge_sort2 merge_sort2 merge_sort2 merge_sort2 merge_sort2 merge_sort2 merge_sort2 merge_sort2 merge_sort2 merge_sort2 
c merge_sort2 merge_sort2 merge_sort2 merge_sort2 merge_sort2 merge_sort2 merge_sort2 merge_sort2 merge_sort2 merge_sort2 
merge2 merge_sort2 merge_sort2 merge_sort2 merge_sort2 merge_sort2 merge_sort2 merge_sort2 merge_sort2 merge_sort2 merge_sort2 merge_sort2 merge_sort2 merge_sort2 merge_sort2 
merge2 merge_sort2 merge_sort2 merge_sort2 merge_sort2 merge_sort2 merge_sort2 merge_sort2 merge_sort2 merge_sort2 merge_sort2 merge_sort2 merge_sort2 
merge2 merge_sort2 merge_sort2 merge_sort2 merge_sort2 merge_sort2 merge_sort2 
c merge_sort2 merge_sort2 merge_sort2 merge_sort2 merge_sort2 merge_sort2 merge_sort2 merge_sort2 merge_sort2 merge_sort2 
merge2 merge_sort2 merge_sort2 merge_sort2 merge_sort2 merge_sort2 merge_sort2 merge_sort2 merge_sort2 merge_sort2 merge_sort2 merge_sort2 merge_sort2 
merge2 merge_sort2 merge_sort2 merge_sort2 merge_sort2 merge_sort2 merge_sort2 merge_sort2 merge_sort2 merge_sort2 merge_sort2 merge_sort2 merge_sort2 
merge2 merge_sort2 merge_sort2 merge_sort2 merge_sort2 merge_sort2 merge_sort2 merge_sort2 
length merge2 merge_sort2 merge_sort2 merge_sort2 merge_sort2 merge_sort2 
merge2 merge_sort2 merge_sort2 merge_sort2 merge_sort2 
merge2 merge_sort2 merge_sort2 merge_sort2 merge_sort2 
> merge2 merge_sort2 merge_sort2 merge_sort2 merge_sort2 
merge2 merge_sort2 merge_sort2 merge_sort2 merge_sort2 
merge2 merge_sort2 merge_sort2 merge_sort2 
merge2 merge_sort2 merge_sort2 merge_sort2 
merge2 merge_sort2 merge_sort2 merge_sort2 
merge2 merge_sort2 merge_sort2 merge_sort2 
> merge2 merge_sort2 merge_sort2 merge_sort2 
merge2 merge_sort2 merge_sort2 merge_sort2 
merge2 merge_sort2 merge_sort2 merge_sort2 
merge2 merge_sort2 merge_sort2 merge_sort2 
merge2 merge_sort2 merge_sort2 merge_sort2 
merge2 merge_sort2 merge_sort2 
merge2 merge_sort2 merge_sort2 
merge2 merge_sort2 merge_sort2 
merge2 merge_sort2 merge_sort2 
merge2 merge_sort2 merge_sort2 
merge2 merge_sort2 merge_sort2 
merge2 merge_sort2 merge_sort2 
merge2 merge_sort2 merge_sort2 
length merge2 merge_sort2 merge_sort2 
merge2 merge_sort2 merge_sort2 
merge2 merge_sort2 merge_sort2 
merge2 merge_sort2 merge_sort2 
c merge2 merge_sort2 merge_sort2 
c merge2 merge_sort2 merge_sort2 
merge2 merge_sort2 merge_sort2 
merge2 merge_sort2 merge_sort2 
c merge2 merge_sort2 merge_sort2 
merge2 merge_sort2 merge_sort2 
<= merge2 merge_sort2 merge_sort2 
merge2 merge_sort2 merge_sort2 
merge2 merge_sort2 merge_sort2 
merge2 merge_sort2 merge_sort2 
c merge2 merge_sort2 merge_sort2 
merge2 merge_sort2 merge_sort2 
merge2 merge_sort2 merge_sort2 
c merge2 merge_sort2 merge_sort2 
> merge2 merge_sort2 merge_sort2 
merge2 merge_sort2 merge_sort2 
merge2 merge_sort2 merge_sort2 
merge2 merge_sort2 merge_sort2 
c merge2 merge_sort2 merge_sort2 
merge2 merge_sort2 merge_sort2 
| merge2 merge_sort2 merge_sort2 
merge2 merge_sort2 merge_sort2 
c merge2 merge_sort2 merge_sort2 
c merge2 merge_sort2 merge_sort2 
c merge2 merge_sort2 merge_sort2 
c merge2 merge_sort2 merge_sort2 
c merge2 merge_sort2 merge_sort2 
merge2 merge_sort2 
merge2 merge_sort2 
merge2 merge_sort2 
| merge2 merge_sort2 
merge2 merge_sort2 
merge2 merge_sort2 
merge2 merge_sort2 
merge2 merge_sort2 
merge2 merge_sort2 
merge2 merge_sort2 
merge2 merge_sort2 
merge2 merge_sort2 
merge2 merge_sort2 
merge2 merge_sort2 
c merge2 merge_sort2 
merge2 merge_sort2 
merge2 merge_sort2 
merge2 merge_sort2 
merge2 merge_sort2 
merge2 merge_sort2 
merge2 merge_sort2 
merge2 merge_sort2 
merge2 merge_sort2 
merge2 merge_sort2 
merge2 merge_sort2 
merge2 merge_sort2 
merge2 merge_sort2 
merge2 merge_sort2 
merge2 merge_sort2 
merge2 merge_sort2 
merge2 merge_sort2 
merge2 merge_sort2 
merge2 merge_sort2 
merge2 merge_sort2 
merge2 merge_sort2 
merge2 merge_sort2 
merge2 merge_sort2 
c merge2 merge_sort2 
c merge2 merge_sort2 
merge2 merge_sort2 
merge2 merge_sort2 
merge2 merge_sort2 
merge2 merge_sort2 
merge2 merge_sort2 
merge2 merge_sort2 
merge2 merge_sort2 
merge2 merge_sort2 
merge2 merge_sort2 
merge2 merge_sort2 
merge2 merge_sort2 
merge2 merge_sort2 
c merge2 merge_sort2 
merge2 merge_sort2 
merge2 merge_sort2 
merge2 merge_sort2 
merge2 merge_sort2 
merge2 merge_sort2 
merge2 merge_sort2 
merge2 merge_sort2 
merge2 merge_sort2 
merge2 merge_sort2 
c merge2 merge_sort2 
merge2 merge_sort2 
merge2 merge_sort2 
merge2 merge_sort2 
merge2 merge_sort2 
merge2 merge_sort2 
merge2 merge_sort2 
merge2 merge_sort2 
merge2 merge_sort2 
merge2 merge_sort2 
merge2 merge_sort2 
c merge2 merge_sort2 
merge2 merge_sort2 
merge2 merge_sort2 
merge2 merge_sort2 
c merge2 merge_sort2 
c merge2 merge_sort2 
merge2 merge_sort2 
merge2 merge_sort2 
merge2 merge_sort2 
merge2 merge_sort2 
merge2 merge_sort2 
merge2 merge_sort2 
merge2 merge_sort2 
merge2 merge_sort2 
merge2 merge_sort2 
merge2 merge_sort2 
merge2 merge_sort2 
c merge2 merge_sort2 
merge2 merge_sort2 
merge2 merge_sort2 
c merge2 merge_sort2 
c merge2 merge_sort2 
merge2 merge_sort2 
merge2 merge_sort2 
merge2 merge_sort2 
merge2 merge_sort2 
merge2 merge_sort2 
c merge2 merge_sort2 
c merge2 merge_sort2 
merge2 merge_sort2 
> merge2 merge_sort2 
merge2 merge_sort2 
c merge2 merge_sort2 
merge2 merge_sort2 
c merge2 merge_sort2 
c merge2 merge_sort2 
merge2 merge_sort2 
merge2 merge_sort2 
merge2 merge_sort2 
merge2 merge_sort2 
merge2 merge_sort2 
merge2 merge_sort2 
merge2 merge_sort2 
merge2 merge_sort2 
& merge2 merge_sort2 
c merge2 merge_sort2 
c merge2 merge_sort2 
merge2 merge_sort2 
merge2 merge_sort2 
| merge2 merge_sort2 
merge2 merge_sort2 
c merge2 merge_sort2 
merge2 merge_sort2 
merge2 merge_sort2 
| merge2 merge_sort2 
merge2 merge_sort2 
c merge2 merge_sort2 
c merge2 merge_sort2 
& merge2 merge_sort2 
length merge2 merge_sort2 
c merge2 merge_sort2 
merge2 merge_sort2 
c merge2 merge_sort2 
c merge2 merge_sort2 
merge2 merge_sort2 
merge2 merge_sort2 
c merge2 merge_sort2 
c merge2 merge_sort2 
c merge2 merge_sort2 
c merge2 merge_sort2 
